Log file open, 06/09/21 15:24:34
LogInit: Display: Running engine for game: SilentMilk
LogPlatformFile: Not using cached read wrapper
LogTaskGraph: Started task graph with 5 named threads and 23 total threads with 3 sets of task threads.
LogStats: Stats thread started at 5.029426
LogD3D11RHI: Loaded GFSDK_Aftermath_Lib.x64.dll
LogICUInternationalization: ICU TimeZone Detection - Raw Offset: -5:00, Platform Override: ''
LogPluginManager: Mounting plugin Paper2D
LogPluginManager: Mounting plugin AISupport
LogPluginManager: Mounting plugin LightPropagationVolume
LogPluginManager: Mounting plugin CameraShakePreviewer
LogPluginManager: Mounting plugin ActorLayerUtilities
LogPluginManager: Mounting plugin AnimationSharing
LogPluginManager: Mounting plugin CLionSourceCodeAccess
LogPluginManager: Mounting plugin CodeLiteSourceCodeAccess
LogPluginManager: Mounting plugin GitSourceControl
LogPluginManager: Mounting plugin KDevelopSourceCodeAccess
LogPluginManager: Mounting plugin NullSourceCodeAccess
LogPluginManager: Mounting plugin PerforceSourceControl
LogPluginManager: Mounting plugin PlasticSourceControl
LogPluginManager: Mounting plugin RiderSourceCodeAccess
LogPluginManager: Mounting plugin SubversionSourceControl
LogPluginManager: Mounting plugin UObjectPlugin
LogPluginManager: Mounting plugin VisualStudioCodeSourceCodeAccess
LogPluginManager: Mounting plugin VisualStudioSourceCodeAccess
LogPluginManager: Mounting plugin XCodeSourceCodeAccess
LogPluginManager: Mounting plugin AssetManagerEditor
LogPluginManager: Mounting plugin CryptoKeys
LogPluginManager: Mounting plugin CurveEditorTools
LogPluginManager: Mounting plugin DataValidation
LogPluginManager: Mounting plugin EditorScriptingUtilities
LogPluginManager: Mounting plugin FacialAnimation
LogPluginManager: Mounting plugin GameplayTagsEditor
LogPluginManager: Mounting plugin GeometryMode
LogPluginManager: Mounting plugin MacGraphicsSwitching
LogPluginManager: Mounting plugin MaterialAnalyzer
LogPluginManager: Mounting plugin MobileLauncherProfileWizard
LogPluginManager: Mounting plugin PluginBrowser
LogPluginManager: Mounting plugin SpeedTreeImporter
LogPluginManager: Mounting plugin DatasmithContent
LogPluginManager: Mounting plugin VariantManagerContent
LogPluginManager: Mounting plugin AlembicImporter
LogPluginManager: Mounting plugin AutomationUtils
LogPluginManager: Mounting plugin BackChannel
LogPluginManager: Mounting plugin ChaosCloth
LogPluginManager: Mounting plugin ChaosClothEditor
LogPluginManager: Mounting plugin ChaosEditor
LogPluginManager: Mounting plugin ChaosNiagara
LogPluginManager: Mounting plugin ChaosSolverPlugin
LogPluginManager: Mounting plugin CharacterAI
LogPluginManager: Mounting plugin GeometryCache
LogPluginManager: Mounting plugin GeometryCollectionPlugin
LogPluginManager: Mounting plugin GeometryProcessing
LogPluginManager: Mounting plugin PlanarCut
LogPluginManager: Mounting plugin PlatformCrypto
LogPluginManager: Mounting plugin ProxyLODPlugin
LogPluginManager: Mounting plugin SkeletalReduction
LogPluginManager: Mounting plugin Niagara
LogPluginManager: Mounting plugin MagicLeap
LogPluginManager: Mounting plugin MagicLeapLightEstimation
LogPluginManager: Mounting plugin MagicLeapMedia
LogPluginManager: Mounting plugin MagicLeapPassableWorld
LogPluginManager: Mounting plugin MLSDK
LogPluginManager: Mounting plugin AndroidMedia
LogPluginManager: Mounting plugin AvfMedia
LogPluginManager: Mounting plugin ImgMedia
LogPluginManager: Mounting plugin MediaCompositing
LogPluginManager: Mounting plugin MediaPlayerEditor
LogPluginManager: Mounting plugin WebMMedia
LogPluginManager: Mounting plugin WmfMedia
LogPluginManager: Mounting plugin MeshPainting
LogPluginManager: Mounting plugin TcpMessaging
LogPluginManager: Mounting plugin UdpMessaging
LogPluginManager: Mounting plugin ActorSequence
LogPluginManager: Mounting plugin LevelSequenceEditor
LogPluginManager: Mounting plugin MatineeToLevelSequence
LogPluginManager: Mounting plugin MovieRenderPipeline
LogPluginManager: Mounting plugin TemplateSequence
LogPluginManager: Mounting plugin NetcodeUnitTest
LogPluginManager: Mounting plugin NUTUnrealEngine4
LogPluginManager: Mounting plugin OnlineSubsystemGooglePlay
LogPluginManager: Mounting plugin OnlineSubsystemIOS
LogPluginManager: Mounting plugin OnlineSubsystem
LogPluginManager: Mounting plugin OnlineSubsystemNull
LogPluginManager: Mounting plugin OnlineSubsystemUtils
LogPluginManager: Mounting plugin LauncherChunkInstaller
LogPluginManager: Mounting plugin AndroidDeviceProfileSelector
LogPluginManager: Mounting plugin AndroidMoviePlayer
LogPluginManager: Mounting plugin AndroidPermission
LogPluginManager: Mounting plugin AppleImageUtils
LogPluginManager: Mounting plugin AppleMoviePlayer
LogPluginManager: Mounting plugin ArchVisCharacter
LogPluginManager: Mounting plugin AssetTags
LogPluginManager: Mounting plugin AudioCapture
LogPluginManager: Mounting plugin CableComponent
LogPluginManager: Mounting plugin CustomMeshComponent
LogPluginManager: Mounting plugin EditableMesh
LogPluginManager: Mounting plugin ExampleDeviceProfileSelector
LogPluginManager: Mounting plugin GoogleCloudMessaging
LogPluginManager: Mounting plugin GooglePAD
LogPluginManager: Mounting plugin IOSDeviceProfileSelector
LogPluginManager: Mounting plugin LinuxDeviceProfileSelector
LogPluginManager: Mounting plugin LocationServicesBPLibrary
LogPluginManager: Mounting plugin MobilePatchingUtils
LogPluginManager: Mounting plugin OculusVR
LogPluginManager: Mounting plugin PhysXVehicles
LogPluginManager: Mounting plugin PostSplashScreen
LogPluginManager: Mounting plugin ProceduralMeshComponent
LogPluginManager: Mounting plugin RuntimePhysXCooking
LogPluginManager: Mounting plugin SignificanceManager
LogPluginManager: Mounting plugin SoundFields
LogPluginManager: Mounting plugin SteamVR
LogPluginManager: Mounting plugin Synthesis
LogPluginManager: Mounting plugin WebMMoviePlayer
LogPluginManager: Mounting plugin WindowsMoviePlayer
LogPluginManager: Mounting plugin ScreenshotTools
LogInit: Using libcurl 7.55.1-DEV
LogInit:  - built for x86_64-pc-win32
LogInit:  - supports SSL with OpenSSL/1.1.1
LogInit:  - supports HTTP deflate (compression) using libz 1.2.8
LogInit:  - other features:
LogInit:      CURL_VERSION_SSL
LogInit:      CURL_VERSION_LIBZ
LogInit:      CURL_VERSION_IPV6
LogInit:      CURL_VERSION_ASYNCHDNS
LogInit:      CURL_VERSION_LARGEFILE
LogInit:      CURL_VERSION_IDN
LogInit:  CurlRequestOptions (configurable via config and command line):
LogInit:  - bVerifyPeer = true  - Libcurl will verify peer certificate
LogInit:  - bUseHttpProxy = false  - Libcurl will NOT use HTTP proxy
LogInit:  - bDontReuseConnections = false  - Libcurl will reuse connections
LogInit:  - MaxHostConnections = 16  - Libcurl will limit the number of connections to a host
LogInit:  - LocalHostAddr = Default
LogInit:  - BufferSize = 65536
LogOnline: OSS: Creating online subsystem instance for: NULL
LogInit: WinSock: version 1.1 (2.2), MaxSocks=32767, MaxUdp=65467
LogOnline: OSS: TryLoadSubsystemAndSetDefault: Loaded subsystem for module [NULL]
LogInit: Build: ++UE4+Release-4.25-CL-14469661
LogInit: Engine Version: 4.25.4-14469661+++UE4+Release-4.25
LogInit: Compatible Engine Version: 4.25.0-13144385+++UE4+Release-4.25
LogInit: Net CL: 13144385
LogInit: OS: Windows 10 (Release 2009) (), CPU: AMD Ryzen 5 3400G with Radeon Vega Graphics    , GPU: AMD 15D8:C8
LogInit: Compiled (64-bit): Oct 11 2020 08:10:49
LogInit: Compiled with Visual C++: 19.24.28315.00
LogInit: Build Configuration: Development
LogInit: Branch Name: ++UE4+Release-4.25
LogInit: Command Line: 
LogInit: Base Directory: E:/Juegos/Epic/UE_4.25/Engine/Binaries/Win64/
LogInit: Allocator: TBB
LogInit: Installed Engine Build: 1
LogDevObjectVersion: Number of dev versions registered: 26
LogDevObjectVersion:   Dev-Blueprints (B0D832E4-1F89-4F0D-ACCF-7EB736FD4AA2): 10
LogDevObjectVersion:   Dev-Build (E1C64328-A22C-4D53-A36C-8E866417BD8C): 0
LogDevObjectVersion:   Dev-Core (375EC13C-06E4-48FB-B500-84F0262A717E): 4
LogDevObjectVersion:   Dev-Editor (E4B068ED-F494-42E9-A231-DA0B2E46BB41): 38
LogDevObjectVersion:   Dev-Framework (CFFC743F-43B0-4480-9391-14DF171D2073): 37
LogDevObjectVersion:   Dev-Mobile (B02B49B5-BB20-44E9-A304-32B752E40360): 2
LogDevObjectVersion:   Dev-Networking (A4E4105C-59A1-49B5-A7C5-40C4547EDFEE): 0
LogDevObjectVersion:   Dev-Online (39C831C9-5AE6-47DC-9A44-9C173E1C8E7C): 0
LogDevObjectVersion:   Dev-Physics (78F01B33-EBEA-4F98-B9B4-84EACCB95AA2): 4
LogDevObjectVersion:   Dev-Platform (6631380F-2D4D-43E0-8009-CF276956A95A): 0
LogDevObjectVersion:   Dev-Rendering (12F88B9F-8875-4AFC-A67C-D90C383ABD29): 43
LogDevObjectVersion:   Dev-Sequencer (7B5AE74C-D270-4C10-A958-57980B212A5A): 12
LogDevObjectVersion:   Dev-VR (D7296918-1DD6-4BDD-9DE2-64A83CC13884): 3
LogDevObjectVersion:   Dev-LoadTimes (C2A15278-BFE7-4AFE-6C17-90FF531DF755): 1
LogDevObjectVersion:   Private-Geometry (6EACA3D4-40EC-4CC1-B786-8BED09428FC5): 3
LogDevObjectVersion:   Dev-AnimPhys (29E575DD-E0A3-4627-9D10-D276232CDCEA): 17
LogDevObjectVersion:   Dev-Anim (AF43A65D-7FD3-4947-9873-3E8ED9C1BB05): 7
LogDevObjectVersion:   Dev-ReflectionCapture (6B266CEC-1EC7-4B8F-A30B-E4D90942FC07): 1
LogDevObjectVersion:   Dev-Automation (0DF73D61-A23F-47EA-B727-89E90C41499A): 1
LogDevObjectVersion:   FortniteMain (601D1886-AC64-4F84-AA16-D3DE0DEAC7D6): 31
LogDevObjectVersion:   Dev-Enterprise (9DFFBCD6-494F-0158-E221-12823C92A888): 10
LogDevObjectVersion:   Dev-Niagara (F2AED0AC-9AFE-416F-8664-AA7FFA26D6FC): 1
LogDevObjectVersion:   Dev-Destruction (174F1F0B-B4C6-45A5-B13F-2EE8D0FB917D): 10
LogDevObjectVersion:   Dev-Physics-Ext (35F94A83-E258-406C-A318-09F59610247C): 37
LogDevObjectVersion:   Dev-PhysicsMaterial-Chaos (B68FC16E-8B1B-42E2-B453-215C058844FE): 1
LogDevObjectVersion:   Dev-CineCamera (B2E18506-4273-CFC2-A54E-F4BB758BBA07): 1
LogInit: Presizing for max 25165824 objects, including 0 objects not considered by GC, pre-allocating 0 bytes for permanent pool.
LogConfig: Applying CVar settings from Section [/Script/Engine.StreamingSettings] File [E:/Unreal Projects/SilentMilk/Saved/Config/Windows/Engine.ini]
LogConfig: Setting CVar [[s.MinBulkDataSizeForAsyncLoading:131072]]
LogConfig: Setting CVar [[s.AsyncLoadingThreadEnabled:0]]
LogConfig: Setting CVar [[s.EventDrivenLoaderEnabled:1]]
LogConfig: Setting CVar [[s.WarnIfTimeLimitExceeded:0]]
LogConfig: Setting CVar [[s.TimeLimitExceededMultiplier:1.5]]
LogConfig: Setting CVar [[s.TimeLimitExceededMinTime:0.005]]
LogConfig: Setting CVar [[s.UseBackgroundLevelStreaming:1]]
LogConfig: Setting CVar [[s.PriorityAsyncLoadingExtraTime:15.0]]
LogConfig: Setting CVar [[s.LevelStreamingActorsUpdateTimeLimit:5.0]]
LogConfig: Setting CVar [[s.PriorityLevelStreamingActorsUpdateExtraTime:5.0]]
LogConfig: Setting CVar [[s.LevelStreamingComponentsRegistrationGranularity:10]]
LogConfig: Setting CVar [[s.UnregisterComponentsTimeLimit:1.0]]
LogConfig: Setting CVar [[s.LevelStreamingComponentsUnregistrationGranularity:5]]
LogConfig: Setting CVar [[s.FlushStreamingOnExit:1]]
LogInit: Object subsystem initialized
LogConfig: Setting CVar [[con.DebugEarlyDefault:1]]
LogConfig: Setting CVar [[r.setres:1280x720]]
[2021.06.09-20.24.36:531][  0]LogConfig: Setting CVar [[r.VSync:0]]
[2021.06.09-20.24.36:532][  0]LogConfig: Setting CVar [[r.RHICmdBypass:0]]
[2021.06.09-20.24.36:541][  0]LogConfig: Applying CVar settings from Section [/Script/Engine.RendererSettings] File [E:/Unreal Projects/SilentMilk/Saved/Config/Windows/Engine.ini]
[2021.06.09-20.24.36:541][  0]LogConfig: Setting CVar [[r.GPUCrashDebugging:0]]
[2021.06.09-20.24.36:541][  0]LogConfig: Applying CVar settings from Section [/Script/Engine.RendererOverrideSettings] File [E:/Unreal Projects/SilentMilk/Saved/Config/Windows/Engine.ini]
[2021.06.09-20.24.36:541][  0]LogConfig: Applying CVar settings from Section [/Script/Engine.StreamingSettings] File [E:/Unreal Projects/SilentMilk/Saved/Config/Windows/Engine.ini]
[2021.06.09-20.24.36:541][  0]LogConfig: Setting CVar [[s.MinBulkDataSizeForAsyncLoading:131072]]
[2021.06.09-20.24.36:541][  0]LogConfig: Setting CVar [[s.AsyncLoadingThreadEnabled:0]]
[2021.06.09-20.24.36:541][  0]LogConfig: Setting CVar [[s.EventDrivenLoaderEnabled:1]]
[2021.06.09-20.24.36:541][  0]LogConfig: Setting CVar [[s.WarnIfTimeLimitExceeded:0]]
[2021.06.09-20.24.36:541][  0]LogConfig: Setting CVar [[s.TimeLimitExceededMultiplier:1.5]]
[2021.06.09-20.24.36:541][  0]LogConfig: Setting CVar [[s.TimeLimitExceededMinTime:0.005]]
[2021.06.09-20.24.36:541][  0]LogConfig: Setting CVar [[s.UseBackgroundLevelStreaming:1]]
[2021.06.09-20.24.36:541][  0]LogConfig: Setting CVar [[s.PriorityAsyncLoadingExtraTime:15.0]]
[2021.06.09-20.24.36:541][  0]LogConfig: Setting CVar [[s.LevelStreamingActorsUpdateTimeLimit:5.0]]
[2021.06.09-20.24.36:541][  0]LogConfig: Setting CVar [[s.PriorityLevelStreamingActorsUpdateExtraTime:5.0]]
[2021.06.09-20.24.36:541][  0]LogConfig: Setting CVar [[s.LevelStreamingComponentsRegistrationGranularity:10]]
[2021.06.09-20.24.36:541][  0]LogConfig: Setting CVar [[s.UnregisterComponentsTimeLimit:1.0]]
[2021.06.09-20.24.36:541][  0]LogConfig: Setting CVar [[s.LevelStreamingComponentsUnregistrationGranularity:5]]
[2021.06.09-20.24.36:541][  0]LogConfig: Setting CVar [[s.FlushStreamingOnExit:1]]
[2021.06.09-20.24.36:541][  0]LogConfig: Applying CVar settings from Section [/Script/Engine.GarbageCollectionSettings] File [E:/Unreal Projects/SilentMilk/Saved/Config/Windows/Engine.ini]
[2021.06.09-20.24.36:541][  0]LogConfig: Setting CVar [[gc.MaxObjectsNotConsideredByGC:1]]
[2021.06.09-20.24.36:541][  0]LogConfig: Setting CVar [[gc.SizeOfPermanentObjectPool:0]]
[2021.06.09-20.24.36:541][  0]LogConfig: Setting CVar [[gc.FlushStreamingOnGC:0]]
[2021.06.09-20.24.36:541][  0]LogConfig: Setting CVar [[gc.NumRetriesBeforeForcingGC:10]]
[2021.06.09-20.24.36:541][  0]LogConfig: Setting CVar [[gc.AllowParallelGC:1]]
[2021.06.09-20.24.36:541][  0]LogConfig: Setting CVar [[gc.TimeBetweenPurgingPendingKillObjects:61.1]]
[2021.06.09-20.24.36:541][  0]LogConfig: Setting CVar [[gc.MaxObjectsInEditor:25165824]]
[2021.06.09-20.24.36:541][  0]LogConfig: Setting CVar [[gc.IncrementalBeginDestroyEnabled:1]]
[2021.06.09-20.24.36:541][  0]LogConfig: Setting CVar [[gc.CreateGCClusters:1]]
[2021.06.09-20.24.36:541][  0]LogConfig: Setting CVar [[gc.MinGCClusterSize:5]]
[2021.06.09-20.24.36:541][  0]LogConfig: Setting CVar [[gc.ActorClusteringEnabled:0]]
[2021.06.09-20.24.36:541][  0]LogConfig: Setting CVar [[gc.BlueprintClusteringEnabled:0]]
[2021.06.09-20.24.36:541][  0]LogConfig: Setting CVar [[gc.UseDisregardForGCOnDedicatedServers:0]]
[2021.06.09-20.24.36:541][  0]LogConfig: Applying CVar settings from Section [/Script/Engine.NetworkSettings] File [E:/Unreal Projects/SilentMilk/Saved/Config/Windows/Engine.ini]
[2021.06.09-20.24.36:541][  0]LogConfig: Applying CVar settings from Section [/Script/UnrealEd.CookerSettings] File [E:/Unreal Projects/SilentMilk/Saved/Config/Windows/Engine.ini]
[2021.06.09-20.24.36:630][  0]LogConfig: Applying CVar settings from Section [ViewDistanceQuality@3] File [E:/Unreal Projects/SilentMilk/Saved/Config/Windows/Scalability.ini]
[2021.06.09-20.24.36:630][  0]LogConfig: Setting CVar [[r.SkeletalMeshLODBias:0]]
[2021.06.09-20.24.36:630][  0]LogConfig: Setting CVar [[r.ViewDistanceScale:1.0]]
[2021.06.09-20.24.36:630][  0]LogConfig: Applying CVar settings from Section [AntiAliasingQuality@3] File [E:/Unreal Projects/SilentMilk/Saved/Config/Windows/Scalability.ini]
[2021.06.09-20.24.36:630][  0]LogConfig: Setting CVar [[r.PostProcessAAQuality:4]]
[2021.06.09-20.24.36:630][  0]LogConfig: Applying CVar settings from Section [ShadowQuality@3] File [E:/Unreal Projects/SilentMilk/Saved/Config/Windows/Scalability.ini]
[2021.06.09-20.24.36:630][  0]LogConfig: Setting CVar [[r.LightFunctionQuality:1]]
[2021.06.09-20.24.36:630][  0]LogConfig: Setting CVar [[r.ShadowQuality:5]]
[2021.06.09-20.24.36:630][  0]LogConfig: Setting CVar [[r.Shadow.CSM.MaxCascades:10]]
[2021.06.09-20.24.36:630][  0]LogConfig: Setting CVar [[r.Shadow.MaxResolution:2048]]
[2021.06.09-20.24.36:630][  0]LogConfig: Setting CVar [[r.Shadow.MaxCSMResolution:2048]]
[2021.06.09-20.24.36:630][  0]LogConfig: Setting CVar [[r.Shadow.RadiusThreshold:0.01]]
[2021.06.09-20.24.36:630][  0]LogConfig: Setting CVar [[r.Shadow.DistanceScale:1.0]]
[2021.06.09-20.24.36:630][  0]LogConfig: Setting CVar [[r.Shadow.CSM.TransitionScale:1.0]]
[2021.06.09-20.24.36:630][  0]LogConfig: Setting CVar [[r.Shadow.PreShadowResolutionFactor:1.0]]
[2021.06.09-20.24.36:630][  0]LogConfig: Setting CVar [[r.DistanceFieldShadowing:1]]
[2021.06.09-20.24.36:630][  0]LogConfig: Setting CVar [[r.DistanceFieldAO:1]]
[2021.06.09-20.24.36:630][  0]LogConfig: Setting CVar [[r.AOQuality:2]]
[2021.06.09-20.24.36:630][  0]LogConfig: Setting CVar [[r.VolumetricFog:1]]
[2021.06.09-20.24.36:630][  0]LogConfig: Setting CVar [[r.VolumetricFog.GridPixelSize:8]]
[2021.06.09-20.24.36:630][  0]LogConfig: Setting CVar [[r.VolumetricFog.GridSizeZ:128]]
[2021.06.09-20.24.36:630][  0]LogConfig: Setting CVar [[r.VolumetricFog.HistoryMissSupersampleCount:4]]
[2021.06.09-20.24.36:630][  0]LogConfig: Setting CVar [[r.LightMaxDrawDistanceScale:1]]
[2021.06.09-20.24.36:630][  0]LogConfig: Setting CVar [[r.CapsuleShadows:1]]
[2021.06.09-20.24.36:631][  0]LogConfig: Applying CVar settings from Section [PostProcessQuality@3] File [E:/Unreal Projects/SilentMilk/Saved/Config/Windows/Scalability.ini]
[2021.06.09-20.24.36:631][  0]LogConfig: Setting CVar [[r.MotionBlurQuality:4]]
[2021.06.09-20.24.36:631][  0]LogConfig: Setting CVar [[r.AmbientOcclusionMipLevelFactor:0.4]]
[2021.06.09-20.24.36:631][  0]LogConfig: Setting CVar [[r.AmbientOcclusionMaxQuality:100]]
[2021.06.09-20.24.36:631][  0]LogConfig: Setting CVar [[r.AmbientOcclusionLevels:-1]]
[2021.06.09-20.24.36:631][  0]LogConfig: Setting CVar [[r.AmbientOcclusionRadiusScale:1.0]]
[2021.06.09-20.24.36:631][  0]LogConfig: Setting CVar [[r.DepthOfFieldQuality:2]]
[2021.06.09-20.24.36:631][  0]LogConfig: Setting CVar [[r.RenderTargetPoolMin:400]]
[2021.06.09-20.24.36:631][  0]LogConfig: Setting CVar [[r.LensFlareQuality:2]]
[2021.06.09-20.24.36:631][  0]LogConfig: Setting CVar [[r.SceneColorFringeQuality:1]]
[2021.06.09-20.24.36:631][  0]LogConfig: Setting CVar [[r.EyeAdaptationQuality:2]]
[2021.06.09-20.24.36:631][  0]LogConfig: Setting CVar [[r.BloomQuality:5]]
[2021.06.09-20.24.36:631][  0]LogConfig: Setting CVar [[r.FastBlurThreshold:100]]
[2021.06.09-20.24.36:631][  0]LogConfig: Setting CVar [[r.Upscale.Quality:3]]
[2021.06.09-20.24.36:631][  0]LogConfig: Setting CVar [[r.Tonemapper.GrainQuantization:1]]
[2021.06.09-20.24.36:631][  0]LogConfig: Setting CVar [[r.LightShaftQuality:1]]
[2021.06.09-20.24.36:631][  0]LogConfig: Setting CVar [[r.Filter.SizeScale:1]]
[2021.06.09-20.24.36:631][  0]LogConfig: Setting CVar [[r.Tonemapper.Quality:5]]
[2021.06.09-20.24.36:631][  0]LogConfig: Setting CVar [[r.DOF.Gather.AccumulatorQuality:1        ; higher gathering accumulator quality]]
[2021.06.09-20.24.36:631][  0]LogConfig: Setting CVar [[r.DOF.Gather.PostfilterMethod:1          ; Median3x3 postfilering method]]
[2021.06.09-20.24.36:631][  0]LogConfig: Setting CVar [[r.DOF.Gather.EnableBokehSettings:0       ; no bokeh simulation when gathering]]
[2021.06.09-20.24.36:631][  0]LogConfig: Setting CVar [[r.DOF.Gather.RingCount:4                 ; medium number of samples when gathering]]
[2021.06.09-20.24.36:631][  0]LogConfig: Setting CVar [[r.DOF.Scatter.ForegroundCompositing:1    ; additive foreground scattering]]
[2021.06.09-20.24.36:631][  0]LogConfig: Setting CVar [[r.DOF.Scatter.BackgroundCompositing:2    ; additive background scattering]]
[2021.06.09-20.24.36:631][  0]LogConfig: Setting CVar [[r.DOF.Scatter.EnableBokehSettings:1      ; bokeh simulation when scattering]]
[2021.06.09-20.24.36:631][  0]LogConfig: Setting CVar [[r.DOF.Scatter.MaxSpriteRatio:0.1         ; only a maximum of 10% of scattered bokeh]]
[2021.06.09-20.24.36:631][  0]LogConfig: Setting CVar [[r.DOF.Recombine.Quality:1                ; cheap slight out of focus]]
[2021.06.09-20.24.36:631][  0]LogConfig: Setting CVar [[r.DOF.Recombine.EnableBokehSettings:0    ; no bokeh simulation on slight out of focus]]
[2021.06.09-20.24.36:631][  0]LogConfig: Setting CVar [[r.DOF.TemporalAAQuality:1                ; more stable temporal accumulation]]
[2021.06.09-20.24.36:631][  0]LogConfig: Setting CVar [[r.DOF.Kernel.MaxForegroundRadius:0.025]]
[2021.06.09-20.24.36:631][  0]LogConfig: Setting CVar [[r.DOF.Kernel.MaxBackgroundRadius:0.025]]
[2021.06.09-20.24.36:631][  0]LogConfig: Applying CVar settings from Section [TextureQuality@3] File [E:/Unreal Projects/SilentMilk/Saved/Config/Windows/Scalability.ini]
[2021.06.09-20.24.36:631][  0]LogConfig: Setting CVar [[r.Streaming.MipBias:0]]
[2021.06.09-20.24.36:631][  0]LogConfig: Setting CVar [[r.Streaming.AmortizeCPUToGPUCopy:0]]
[2021.06.09-20.24.36:631][  0]LogConfig: Setting CVar [[r.Streaming.MaxNumTexturesToStreamPerFrame:0]]
[2021.06.09-20.24.36:631][  0]LogConfig: Setting CVar [[r.Streaming.Boost:1]]
[2021.06.09-20.24.36:631][  0]LogConfig: Setting CVar [[r.MaxAnisotropy:8]]
[2021.06.09-20.24.36:631][  0]LogConfig: Setting CVar [[r.VT.MaxAnisotropy:8]]
[2021.06.09-20.24.36:631][  0]LogConfig: Setting CVar [[r.Streaming.LimitPoolSizeToVRAM:0]]
[2021.06.09-20.24.36:631][  0]LogConfig: Setting CVar [[r.Streaming.PoolSize:1000]]
[2021.06.09-20.24.36:631][  0]LogConfig: Setting CVar [[r.Streaming.MaxEffectiveScreenSize:0]]
[2021.06.09-20.24.36:631][  0]LogConfig: Applying CVar settings from Section [EffectsQuality@3] File [E:/Unreal Projects/SilentMilk/Saved/Config/Windows/Scalability.ini]
[2021.06.09-20.24.36:631][  0]LogConfig: Setting CVar [[r.TranslucencyLightingVolumeDim:64]]
[2021.06.09-20.24.36:631][  0]LogConfig: Setting CVar [[r.RefractionQuality:2]]
[2021.06.09-20.24.36:631][  0]LogConfig: Setting CVar [[r.SSR.Quality:3]]
[2021.06.09-20.24.36:631][  0]LogConfig: Setting CVar [[r.SSR.HalfResSceneColor:0]]
[2021.06.09-20.24.36:631][  0]LogConfig: Setting CVar [[r.SceneColorFormat:4]]
[2021.06.09-20.24.36:631][  0]LogConfig: Setting CVar [[r.DetailMode:2]]
[2021.06.09-20.24.36:631][  0]LogConfig: Setting CVar [[r.TranslucencyVolumeBlur:1]]
[2021.06.09-20.24.36:631][  0]LogConfig: Setting CVar [[r.MaterialQualityLevel:1 ; High quality]]
[2021.06.09-20.24.36:631][  0]LogConfig: Setting CVar [[r.SSS.Scale:1]]
[2021.06.09-20.24.36:631][  0]LogConfig: Setting CVar [[r.SSS.SampleSet:2]]
[2021.06.09-20.24.36:631][  0]LogConfig: Setting CVar [[r.SSS.Quality:1]]
[2021.06.09-20.24.36:631][  0]LogConfig: Setting CVar [[r.SSS.HalfRes:0]]
[2021.06.09-20.24.36:631][  0]LogConfig: Setting CVar [[r.SSGI.Quality:3]]
[2021.06.09-20.24.36:631][  0]LogConfig: Setting CVar [[r.EmitterSpawnRateScale:1.0]]
[2021.06.09-20.24.36:631][  0]LogConfig: Setting CVar [[r.ParticleLightQuality:2]]
[2021.06.09-20.24.36:631][  0]LogConfig: Setting CVar [[r.SkyAtmosphere.AerialPerspectiveLUT.FastApplyOnOpaque:1 ; Always have FastSkyLUT 1 in this case to avoid wrong sky]]
[2021.06.09-20.24.36:631][  0]LogConfig: Setting CVar [[r.SkyAtmosphere.AerialPerspectiveLUT.SampleCountPerSlice:1]]
[2021.06.09-20.24.36:631][  0]LogConfig: Setting CVar [[r.SkyAtmosphere.AerialPerspectiveLUT.DepthResolution:16.0]]
[2021.06.09-20.24.36:631][  0]LogConfig: Setting CVar [[r.SkyAtmosphere.FastSkyLUT:1]]
[2021.06.09-20.24.36:631][  0]LogConfig: Setting CVar [[r.SkyAtmosphere.FastSkyLUT.SampleCountMin:4.0]]
[2021.06.09-20.24.36:632][  0]LogConfig: Setting CVar [[r.SkyAtmosphere.FastSkyLUT.SampleCountMax:32.0]]
[2021.06.09-20.24.36:632][  0]LogConfig: Setting CVar [[r.SkyAtmosphere.SampleCountMin:4.0]]
[2021.06.09-20.24.36:632][  0]LogConfig: Setting CVar [[r.SkyAtmosphere.SampleCountMax:32.0]]
[2021.06.09-20.24.36:632][  0]LogConfig: Setting CVar [[r.SkyAtmosphere.TransmittanceLUT.UseSmallFormat:0]]
[2021.06.09-20.24.36:632][  0]LogConfig: Setting CVar [[r.SkyAtmosphere.TransmittanceLUT.SampleCount:10.0]]
[2021.06.09-20.24.36:632][  0]LogConfig: Setting CVar [[r.SkyAtmosphere.MultiScatteringLUT.SampleCount:15.0]]
[2021.06.09-20.24.36:632][  0]LogConfig: Applying CVar settings from Section [FoliageQuality@3] File [E:/Unreal Projects/SilentMilk/Saved/Config/Windows/Scalability.ini]
[2021.06.09-20.24.36:632][  0]LogConfig: Setting CVar [[foliage.DensityScale:1.0]]
[2021.06.09-20.24.36:632][  0]LogConfig: Setting CVar [[grass.DensityScale:1.0]]
[2021.06.09-20.24.36:632][  0]LogConfig: Applying CVar settings from Section [ShadingQuality@3] File [E:/Unreal Projects/SilentMilk/Saved/Config/Windows/Scalability.ini]
[2021.06.09-20.24.36:632][  0]LogConfig: Setting CVar [[r.HairStrands.SkyLighting.SampleCount:16]]
[2021.06.09-20.24.36:632][  0]LogConfig: Setting CVar [[r.HairStrands.SkyLighting.JitterIntegration:0]]
[2021.06.09-20.24.36:632][  0]LogConfig: Setting CVar [[r.HairStrands.SkyAO.SampleCount:16]]
[2021.06.09-20.24.36:632][  0]LogConfig: Setting CVar [[r.HairStrands.DeepShadow.SuperSampling:0]]
[2021.06.09-20.24.36:632][  0]LogConfig: Setting CVar [[r.HairStrands.VisibilityPPLL:0]]
[2021.06.09-20.24.36:632][  0]LogConfig: Setting CVar [[r.HairStrands.RasterizationScale:0.5]]
[2021.06.09-20.24.36:632][  0]LogConfig: Setting CVar [[r.HairStrands.VelocityRasterizationScale:1]]
[2021.06.09-20.24.36:637][  0]LogInit: Selected Device Profile: [Windows]
[2021.06.09-20.24.36:637][  0]LogInit: Applying CVar settings loaded from the selected device profile: [Windows]
[2021.06.09-20.24.36:647][  0]LogHAL: Display: Platform has ~ 6 GB [6367739904 / 8589934592 / 6], which maps to Smaller [LargestMinGB=32, LargerMinGB=12, DefaultMinGB=8, SmallerMinGB=6, SmallestMinGB=0)
[2021.06.09-20.24.36:647][  0]LogInit: Going up to parent DeviceProfile []
[2021.06.09-20.24.36:648][  0]LogConfig: Applying CVar settings from Section [ViewDistanceQuality@0] File [E:/Unreal Projects/SilentMilk/Saved/Config/Windows/Scalability.ini]
[2021.06.09-20.24.36:648][  0]LogConfig: Setting CVar [[r.SkeletalMeshLODBias:2]]
[2021.06.09-20.24.36:648][  0]LogConfig: Setting CVar [[r.ViewDistanceScale:0.4]]
[2021.06.09-20.24.36:648][  0]LogConfig: Applying CVar settings from Section [AntiAliasingQuality@0] File [E:/Unreal Projects/SilentMilk/Saved/Config/Windows/Scalability.ini]
[2021.06.09-20.24.36:648][  0]LogConfig: Setting CVar [[r.PostProcessAAQuality:0]]
[2021.06.09-20.24.36:648][  0]LogConfig: Applying CVar settings from Section [ShadowQuality@1] File [E:/Unreal Projects/SilentMilk/Saved/Config/Windows/Scalability.ini]
[2021.06.09-20.24.36:648][  0]LogConfig: Setting CVar [[r.LightFunctionQuality:1]]
[2021.06.09-20.24.36:648][  0]LogConfig: Setting CVar [[r.ShadowQuality:3]]
[2021.06.09-20.24.36:648][  0]LogConfig: Setting CVar [[r.Shadow.CSM.MaxCascades:1]]
[2021.06.09-20.24.36:648][  0]LogConfig: Setting CVar [[r.Shadow.MaxResolution:1024]]
[2021.06.09-20.24.36:648][  0]LogConfig: Setting CVar [[r.Shadow.MaxCSMResolution:1024]]
[2021.06.09-20.24.36:648][  0]LogConfig: Setting CVar [[r.Shadow.RadiusThreshold:0.05]]
[2021.06.09-20.24.36:648][  0]LogConfig: Setting CVar [[r.Shadow.DistanceScale:0.7]]
[2021.06.09-20.24.36:648][  0]LogConfig: Setting CVar [[r.Shadow.CSM.TransitionScale:0.25]]
[2021.06.09-20.24.36:648][  0]LogConfig: Setting CVar [[r.Shadow.PreShadowResolutionFactor:0.5]]
[2021.06.09-20.24.36:648][  0]LogConfig: Setting CVar [[r.DistanceFieldShadowing:0]]
[2021.06.09-20.24.36:648][  0]LogConfig: Setting CVar [[r.DistanceFieldAO:0]]
[2021.06.09-20.24.36:648][  0]LogConfig: Setting CVar [[r.VolumetricFog:0]]
[2021.06.09-20.24.36:648][  0]LogConfig: Setting CVar [[r.LightMaxDrawDistanceScale:.5]]
[2021.06.09-20.24.36:648][  0]LogConfig: Setting CVar [[r.CapsuleShadows:1]]
[2021.06.09-20.24.36:648][  0]LogConfig: Applying CVar settings from Section [PostProcessQuality@1] File [E:/Unreal Projects/SilentMilk/Saved/Config/Windows/Scalability.ini]
[2021.06.09-20.24.36:648][  0]LogConfig: Setting CVar [[r.MotionBlurQuality:3]]
[2021.06.09-20.24.36:648][  0]LogConfig: Setting CVar [[r.AmbientOcclusionMipLevelFactor:1.0]]
[2021.06.09-20.24.36:648][  0]LogConfig: Setting CVar [[r.AmbientOcclusionMaxQuality:60]]
[2021.06.09-20.24.36:648][  0]LogConfig: Setting CVar [[r.AmbientOcclusionLevels:-1]]
[2021.06.09-20.24.36:648][  0]LogConfig: Setting CVar [[r.AmbientOcclusionRadiusScale:1.5]]
[2021.06.09-20.24.36:648][  0]LogConfig: Setting CVar [[r.DepthOfFieldQuality:1]]
[2021.06.09-20.24.36:648][  0]LogConfig: Setting CVar [[r.RenderTargetPoolMin:350]]
[2021.06.09-20.24.36:648][  0]LogConfig: Setting CVar [[r.LensFlareQuality:0]]
[2021.06.09-20.24.36:648][  0]LogConfig: Setting CVar [[r.SceneColorFringeQuality:0]]
[2021.06.09-20.24.36:648][  0]LogConfig: Setting CVar [[r.EyeAdaptationQuality:0]]
[2021.06.09-20.24.36:648][  0]LogConfig: Setting CVar [[r.BloomQuality:4]]
[2021.06.09-20.24.36:648][  0]LogConfig: Setting CVar [[r.FastBlurThreshold:2]]
[2021.06.09-20.24.36:648][  0]LogConfig: Setting CVar [[r.Upscale.Quality:2]]
[2021.06.09-20.24.36:649][  0]LogConfig: Setting CVar [[r.Tonemapper.GrainQuantization:0]]
[2021.06.09-20.24.36:649][  0]LogConfig: Setting CVar [[r.LightShaftQuality:0]]
[2021.06.09-20.24.36:649][  0]LogConfig: Setting CVar [[r.Filter.SizeScale:0.7]]
[2021.06.09-20.24.36:649][  0]LogConfig: Setting CVar [[r.Tonemapper.Quality:2]]
[2021.06.09-20.24.36:649][  0]LogConfig: Setting CVar [[r.DOF.Gather.AccumulatorQuality:0        ; lower gathering accumulator quality]]
[2021.06.09-20.24.36:649][  0]LogConfig: Setting CVar [[r.DOF.Gather.PostfilterMethod:2          ; Max3x3 postfilering method]]
[2021.06.09-20.24.36:649][  0]LogConfig: Setting CVar [[r.DOF.Gather.EnableBokehSettings:0       ; no bokeh simulation when gathering]]
[2021.06.09-20.24.36:649][  0]LogConfig: Setting CVar [[r.DOF.Gather.RingCount:3                 ; low number of samples when gathering]]
[2021.06.09-20.24.36:649][  0]LogConfig: Setting CVar [[r.DOF.Scatter.ForegroundCompositing:0    ; no foreground scattering]]
[2021.06.09-20.24.36:649][  0]LogConfig: Setting CVar [[r.DOF.Scatter.BackgroundCompositing:0    ; no foreground scattering]]
[2021.06.09-20.24.36:649][  0]LogConfig: Setting CVar [[r.DOF.Recombine.Quality:0                ; no slight out of focus]]
[2021.06.09-20.24.36:649][  0]LogConfig: Setting CVar [[r.DOF.TemporalAAQuality:0                ; faster temporal accumulation]]
[2021.06.09-20.24.36:649][  0]LogConfig: Setting CVar [[r.DOF.Kernel.MaxForegroundRadius:0.006   ; required because low gathering and no scattering and not looking great at 1080p]]
[2021.06.09-20.24.36:649][  0]LogConfig: Setting CVar [[r.DOF.Kernel.MaxBackgroundRadius:0.006   ; required because low gathering and no scattering and not looking great at 1080p]]
[2021.06.09-20.24.36:649][  0]LogConfig: Applying CVar settings from Section [TextureQuality@1] File [E:/Unreal Projects/SilentMilk/Saved/Config/Windows/Scalability.ini]
[2021.06.09-20.24.36:649][  0]LogConfig: Setting CVar [[r.Streaming.MipBias:1]]
[2021.06.09-20.24.36:649][  0]LogConfig: Setting CVar [[r.Streaming.AmortizeCPUToGPUCopy:0]]
[2021.06.09-20.24.36:649][  0]LogConfig: Setting CVar [[r.Streaming.MaxNumTexturesToStreamPerFrame:0]]
[2021.06.09-20.24.36:649][  0]LogConfig: Setting CVar [[r.Streaming.Boost:1]]
[2021.06.09-20.24.36:649][  0]LogConfig: Setting CVar [[r.MaxAnisotropy:2]]
[2021.06.09-20.24.36:649][  0]LogConfig: Setting CVar [[r.VT.MaxAnisotropy:4]]
[2021.06.09-20.24.36:649][  0]LogConfig: Setting CVar [[r.Streaming.LimitPoolSizeToVRAM:1]]
[2021.06.09-20.24.36:649][  0]LogConfig: Setting CVar [[r.Streaming.PoolSize:600]]
[2021.06.09-20.24.36:649][  0]LogConfig: Setting CVar [[r.Streaming.MaxEffectiveScreenSize:0]]
[2021.06.09-20.24.36:649][  0]LogConfig: Applying CVar settings from Section [EffectsQuality@1] File [E:/Unreal Projects/SilentMilk/Saved/Config/Windows/Scalability.ini]
[2021.06.09-20.24.36:649][  0]LogConfig: Setting CVar [[r.TranslucencyLightingVolumeDim:32]]
[2021.06.09-20.24.36:649][  0]LogConfig: Setting CVar [[r.RefractionQuality:0]]
[2021.06.09-20.24.36:649][  0]LogConfig: Setting CVar [[r.SSR.Quality:0]]
[2021.06.09-20.24.36:649][  0]LogConfig: Setting CVar [[r.SSR.HalfResSceneColor:1]]
[2021.06.09-20.24.36:649][  0]LogConfig: Setting CVar [[r.SceneColorFormat:3]]
[2021.06.09-20.24.36:649][  0]LogConfig: Setting CVar [[r.DetailMode:1]]
[2021.06.09-20.24.36:649][  0]LogConfig: Setting CVar [[r.TranslucencyVolumeBlur:0]]
[2021.06.09-20.24.36:649][  0]LogConfig: Setting CVar [[r.MaterialQualityLevel:2 ; Medium quality]]
[2021.06.09-20.24.36:649][  0]LogConfig: Setting CVar [[r.SSS.Scale:0.75]]
[2021.06.09-20.24.36:649][  0]LogConfig: Setting CVar [[r.SSS.SampleSet:0]]
[2021.06.09-20.24.36:649][  0]LogConfig: Setting CVar [[r.SSS.Quality:0]]
[2021.06.09-20.24.36:649][  0]LogConfig: Setting CVar [[r.SSS.HalfRes:1]]
[2021.06.09-20.24.36:649][  0]LogConfig: Setting CVar [[r.SSGI.Quality:1]]
[2021.06.09-20.24.36:649][  0]LogConfig: Setting CVar [[r.EmitterSpawnRateScale:0.25]]
[2021.06.09-20.24.36:649][  0]LogConfig: Setting CVar [[r.ParticleLightQuality:0]]
[2021.06.09-20.24.36:649][  0]LogConfig: Setting CVar [[r.SkyAtmosphere.AerialPerspectiveLUT.FastApplyOnOpaque:1 ; Always have FastSkyLUT 1 in this case to avoid wrong sky]]
[2021.06.09-20.24.36:649][  0]LogConfig: Setting CVar [[r.SkyAtmosphere.AerialPerspectiveLUT.SampleCountPerSlice:1]]
[2021.06.09-20.24.36:649][  0]LogConfig: Setting CVar [[r.SkyAtmosphere.AerialPerspectiveLUT.DepthResolution:16.0]]
[2021.06.09-20.24.36:649][  0]LogConfig: Setting CVar [[r.SkyAtmosphere.FastSkyLUT:1]]
[2021.06.09-20.24.36:649][  0]LogConfig: Setting CVar [[r.SkyAtmosphere.FastSkyLUT.SampleCountMin:4.0]]
[2021.06.09-20.24.36:649][  0]LogConfig: Setting CVar [[r.SkyAtmosphere.FastSkyLUT.SampleCountMax:32.0]]
[2021.06.09-20.24.36:649][  0]LogConfig: Setting CVar [[r.SkyAtmosphere.SampleCountMin:4.0]]
[2021.06.09-20.24.36:649][  0]LogConfig: Setting CVar [[r.SkyAtmosphere.SampleCountMax:32.0]]
[2021.06.09-20.24.36:649][  0]LogConfig: Setting CVar [[r.SkyAtmosphere.TransmittanceLUT.UseSmallFormat:0]]
[2021.06.09-20.24.36:649][  0]LogConfig: Setting CVar [[r.SkyAtmosphere.TransmittanceLUT.SampleCount:10.0]]
[2021.06.09-20.24.36:649][  0]LogConfig: Setting CVar [[r.SkyAtmosphere.MultiScatteringLUT.SampleCount:15.0]]
[2021.06.09-20.24.36:649][  0]LogConfig: Applying CVar settings from Section [FoliageQuality@1] File [E:/Unreal Projects/SilentMilk/Saved/Config/Windows/Scalability.ini]
[2021.06.09-20.24.36:649][  0]LogConfig: Setting CVar [[foliage.DensityScale:0.4]]
[2021.06.09-20.24.36:649][  0]LogConfig: Setting CVar [[grass.DensityScale:0.4]]
[2021.06.09-20.24.36:649][  0]LogConfig: Applying CVar settings from Section [ShadingQuality@1] File [E:/Unreal Projects/SilentMilk/Saved/Config/Windows/Scalability.ini]
[2021.06.09-20.24.36:649][  0]LogConfig: Setting CVar [[r.HairStrands.SkyLighting.SampleCount:16]]
[2021.06.09-20.24.36:649][  0]LogConfig: Setting CVar [[r.HairStrands.SkyLighting.JitterIntegration:0]]
[2021.06.09-20.24.36:649][  0]LogConfig: Setting CVar [[r.HairStrands.SkyAO.SampleCount:16]]
[2021.06.09-20.24.36:649][  0]LogConfig: Setting CVar [[r.HairStrands.DeepShadow.SuperSampling:0]]
[2021.06.09-20.24.36:649][  0]LogConfig: Setting CVar [[r.HairStrands.VisibilityPPLL:0]]
[2021.06.09-20.24.36:650][  0]LogConfig: Setting CVar [[r.HairStrands.RasterizationScale:0.5]]
[2021.06.09-20.24.36:650][  0]LogConfig: Setting CVar [[r.HairStrands.VelocityRasterizationScale:1]]
[2021.06.09-20.24.36:650][  0]LogConfig: Applying CVar settings from Section [Startup] File [../../../Engine/Config/ConsoleVariables.ini]
[2021.06.09-20.24.36:671][  0]LogConfig: Setting CVar [[net.UseAdaptiveNetUpdateFrequency:0]]
[2021.06.09-20.24.36:671][  0]LogConfig: Setting CVar [[p.chaos.AllowCreatePhysxBodies:1]]
[2021.06.09-20.24.36:671][  0]LogConfig: Setting CVar [[fx.SkipVectorVMBackendOptimizations:1]]
[2021.06.09-20.24.36:671][  0]LogConfig: Applying CVar settings from Section [ConsoleVariables] File [E:/Unreal Projects/SilentMilk/Saved/Config/Windows/Engine.ini]
[2021.06.09-20.24.36:836][  0]LogInit: Computer: JUANBACON-ESC
[2021.06.09-20.24.36:836][  0]LogInit: User: Windows10
[2021.06.09-20.24.36:836][  0]LogInit: CPU Page size=4096, Cores=4
[2021.06.09-20.24.36:836][  0]LogInit: High frequency timer resolution =10.000000 MHz
[2021.06.09-20.24.36:836][  0]LogMemory: Memory total: Physical=5.9GB (6GB approx)
[2021.06.09-20.24.36:836][  0]LogMemory: Platform Memory Stats for Windows
[2021.06.09-20.24.36:836][  0]LogMemory: Process Physical Memory: 115.70 MB used, 115.70 MB peak
[2021.06.09-20.24.36:836][  0]LogMemory: Process Virtual Memory: 95.86 MB used, 95.86 MB peak
[2021.06.09-20.24.36:836][  0]LogMemory: Physical Memory: 3564.90 MB used,  2507.85 MB free, 6072.75 MB total
[2021.06.09-20.24.36:836][  0]LogMemory: Virtual Memory: 5144.86 MB used,  134212584.00 MB free, 134217728.00 MB total
[2021.06.09-20.24.36:846][  0]LogWindows: WindowsPlatformFeatures enabled
[2021.06.09-20.24.37:437][  0]LogInit: Physics initialised using underlying interface: PhysX
[2021.06.09-20.24.37:493][  0]LogInit: Overriding language with editor language configuration option (en).
[2021.06.09-20.24.37:493][  0]LogInit: Overriding locale with editor locale configuration option (en).
[2021.06.09-20.24.38:105][  0]LogInit: Setting process to per monitor DPI aware
[2021.06.09-20.24.38:567][  0]LogSlate: New Slate User Created.  User Index 0, Is Virtual User: 0
[2021.06.09-20.24.38:567][  0]LogSlate: Slate User Registered.  User Index 0, Is Virtual User: 0
[2021.06.09-20.24.41:344][  0]LogHMD: Failed to initialize OpenVR with code 110
[2021.06.09-20.24.41:344][  0]LogD3D11RHI: D3D11 min allowed feature level: 11_0
[2021.06.09-20.24.41:344][  0]LogD3D11RHI: D3D11 max allowed feature level: 11_0
[2021.06.09-20.24.41:344][  0]LogD3D11RHI: D3D11 adapters:
[2021.06.09-20.24.41:408][  0]LogD3D11RHI:    0. 'AMD Radeon(TM) RX Vega 11 Graphics' (Feature Level 11_0)
[2021.06.09-20.24.41:408][  0]LogD3D11RHI:       2033/0/3036 MB DedicatedVideo/DedicatedSystem/SharedSystem, Outputs:1, VendorId:0x1002
[2021.06.09-20.24.41:412][  0]LogD3D11RHI:    1. 'Microsoft Basic Render Driver' (Feature Level 11_0)
[2021.06.09-20.24.41:412][  0]LogD3D11RHI:       0/0/3036 MB DedicatedVideo/DedicatedSystem/SharedSystem, Outputs:0, VendorId:0x1414
[2021.06.09-20.24.41:412][  0]LogD3D11RHI: Chosen D3D11 Adapter: 0
[2021.06.09-20.24.41:420][  0]LogD3D11RHI: Creating new Direct3DDevice
[2021.06.09-20.24.41:420][  0]LogD3D11RHI:     GPU DeviceId: 0x15d8 (for the marketing name, search the web for "GPU Device Id")
[2021.06.09-20.24.41:420][  0]LogWindows: EnumDisplayDevices:
[2021.06.09-20.24.41:420][  0]LogWindows:    0. 'AMD 15D8:C8' (P:1 D:1)
[2021.06.09-20.24.41:421][  0]LogWindows:    1. 'AMD 15D8:C8' (P:0 D:0)
[2021.06.09-20.24.41:421][  0]LogWindows:    2. 'AMD 15D8:C8' (P:0 D:0)
[2021.06.09-20.24.41:422][  0]LogWindows:    3. 'AMD 15D8:C8' (P:0 D:0)
[2021.06.09-20.24.41:422][  0]LogWindows:    4. 'AMD 15D8:C8' (P:0 D:0)
[2021.06.09-20.24.41:422][  0]LogWindows:    5. 'AMD 15D8:C8' (P:0 D:0)
[2021.06.09-20.24.41:423][  0]LogWindows: DebugString: PrimaryIsNotTheChoosenAdapter PrimaryIsNotTheChoosenAdapter PrimaryIsNotTheChoosenAdapter PrimaryIsNotTheChoosenAdapter PrimaryIsNotTheChoosenAdapter PrimaryIsNotTheChoosenAdapter FoundDriverCount:0 
[2021.06.09-20.24.41:423][  0]LogD3D11RHI:     Adapter Name: AMD Radeon(TM) RX Vega 11 Graphics
[2021.06.09-20.24.41:423][  0]LogD3D11RHI:   Driver Version: Unknown (internal:Unknown, unified:Unknown)
[2021.06.09-20.24.41:423][  0]LogD3D11RHI:      Driver Date: Unknown
[2021.06.09-20.24.41:423][  0]LogRHI: Texture pool is 3193 MB (70% of 4562 MB)
[2021.06.09-20.24.41:526][  0]LogD3D11RHI: RHI has support for 64 bit atomics
[2021.06.09-20.24.41:527][  0]LogD3D11RHI: Async texture creation enabled
[2021.06.09-20.24.41:527][  0]LogD3D11RHI: Array index from any shader is supported
[2021.06.09-20.24.41:851][  0]LogD3D11RHI: GPU Timing Frequency: 25.000000 (Debug: 2 1)
[2021.06.09-20.24.42:683][  0]LogTargetPlatformManager: Display: Loaded TargetPlatform 'AllDesktop'
[2021.06.09-20.24.42:725][  0]LogTargetPlatformManager: Display: Loaded TargetPlatform 'Android'
[2021.06.09-20.24.42:725][  0]LogTargetPlatformManager: Display: Loaded TargetPlatform 'Android_ASTC'
[2021.06.09-20.24.42:725][  0]LogTargetPlatformManager: Display: Loaded TargetPlatform 'Android_DXT'
[2021.06.09-20.24.42:725][  0]LogTargetPlatformManager: Display: Loaded TargetPlatform 'Android_ETC2'
[2021.06.09-20.24.42:725][  0]LogTargetPlatformManager: Display: Loaded TargetPlatform 'AndroidClient'
[2021.06.09-20.24.42:725][  0]LogTargetPlatformManager: Display: Loaded TargetPlatform 'Android_ASTCClient'
[2021.06.09-20.24.42:725][  0]LogTargetPlatformManager: Display: Loaded TargetPlatform 'Android_DXTClient'
[2021.06.09-20.24.42:725][  0]LogTargetPlatformManager: Display: Loaded TargetPlatform 'Android_ETC2Client'
[2021.06.09-20.24.42:725][  0]LogTargetPlatformManager: Display: Loaded TargetPlatform 'Android_Multi'
[2021.06.09-20.24.42:725][  0]LogTargetPlatformManager: Display: Loaded TargetPlatform 'Android_MultiClient'
[2021.06.09-20.24.42:833][  0]LogTargetPlatformManager: Display: Loaded TargetPlatform 'IOSClient'
[2021.06.09-20.24.42:833][  0]LogTargetPlatformManager: Display: Loaded TargetPlatform 'IOS'
[2021.06.09-20.24.42:874][  0]LogTargetPlatformManager: Display: Loaded TargetPlatform 'Linux'
[2021.06.09-20.24.42:904][  0]LogTargetPlatformManager: Display: Loaded TargetPlatform 'LinuxNoEditor'
[2021.06.09-20.24.42:924][  0]LogTargetPlatformManager: Display: Loaded TargetPlatform 'LinuxClient'
[2021.06.09-20.24.42:944][  0]LogTargetPlatformManager: Display: Loaded TargetPlatform 'LinuxServer'
[2021.06.09-20.24.42:997][  0]LogTargetPlatformManager: Display: Loaded TargetPlatform 'LinuxAArch64NoEditor'
[2021.06.09-20.24.43:012][  0]LogTargetPlatformManager: Display: Loaded TargetPlatform 'LinuxAArch64Client'
[2021.06.09-20.24.43:027][  0]LogTargetPlatformManager: Display: Loaded TargetPlatform 'LinuxAArch64Server'
[2021.06.09-20.24.43:073][  0]LogTargetPlatformManager: Display: Loaded TargetPlatform 'Lumin'
[2021.06.09-20.24.43:073][  0]LogTargetPlatformManager: Display: Loaded TargetPlatform 'LuminClient'
[2021.06.09-20.24.43:100][  0]LogTargetPlatformManager: Display: Loaded TargetPlatform 'TVOSClient'
[2021.06.09-20.24.43:101][  0]LogTargetPlatformManager: Display: Loaded TargetPlatform 'TVOS'
[2021.06.09-20.24.43:146][  0]LogTargetPlatformManager: Display: Loaded TargetPlatform 'WindowsNoEditor'
[2021.06.09-20.24.43:186][  0]LogTargetPlatformManager: Display: Loaded TargetPlatform 'Windows'
[2021.06.09-20.24.43:204][  0]LogTargetPlatformManager: Display: Loaded TargetPlatform 'WindowsClient'
[2021.06.09-20.24.43:236][  0]LogTargetPlatformManager: Display: Loaded TargetPlatform 'WindowsServer'
[2021.06.09-20.24.43:237][  0]LogTargetPlatformManager: Display: Building Assets For Windows
[2021.06.09-20.24.43:390][  0]LogAudioDebug: Display: Lib vorbis DLL was dynamically loaded.
[2021.06.09-20.24.43:873][  0]LogShaderCompilers: Guid format shader working directory is 6 characters bigger than the processId version (../../../../../../Unreal Projects/SilentMilk/Intermediate/Shaders/WorkingDirectory/11372/).
[2021.06.09-20.24.43:874][  0]LogShaderCompilers: Cleaned the shader compiler working directory 'C:/Users/Windows 10/AppData/Local/Temp/UnrealShaderWorkingDir/BF30E51B46FB1602B6BBA6A63D33D863/'.
[2021.06.09-20.24.43:953][  0]LogXGEController: Cleaning working directory: C:/Users/Windows 10/AppData/Local/Temp/UnrealXGEWorkingDir/
[2021.06.09-20.24.43:953][  0]LogXGEController: Cannot use XGE Controller as Incredibuild is not installed on this machine.
[2021.06.09-20.24.43:953][  0]LogShaderCompilers: Cannot use XGE Shader Compiler as Incredibuild is not installed on this machine.
[2021.06.09-20.24.43:953][  0]LogShaderCompilers: Display: Using Local Shader Compiler.
[2021.06.09-20.24.46:233][  0]LogDerivedDataCache: Display: Max Cache Size: 512 MB
[2021.06.09-20.24.46:497][  0]LogDerivedDataCache: Loaded boot cache 0.26s 76MB C:/Users/Windows 10/AppData/Local/UnrealEngine/4.25/DerivedDataCache/Boot.ddc.
[2021.06.09-20.24.46:497][  0]LogDerivedDataCache: Display: Loaded Boot cache: C:/Users/Windows 10/AppData/Local/UnrealEngine/4.25/DerivedDataCache/Boot.ddc
[2021.06.09-20.24.46:497][  0]LogDerivedDataCache: FDerivedDataBackendGraph:  Pak pak cache file ../../../../../../Unreal Projects/SilentMilk/DerivedDataCache/DDC.ddp not found, will not use a pak cache.
[2021.06.09-20.24.46:497][  0]LogDerivedDataCache: Unable to find inner node Pak for hierarchical cache Hierarchy.
[2021.06.09-20.24.46:497][  0]LogDerivedDataCache: FDerivedDataBackendGraph:  CompressedPak pak cache file ../../../../../../Unreal Projects/SilentMilk/DerivedDataCache/Compressed.ddp not found, will not use a pak cache.
[2021.06.09-20.24.46:497][  0]LogDerivedDataCache: Unable to find inner node CompressedPak for hierarchical cache Hierarchy.
[2021.06.09-20.24.46:595][  0]LogDerivedDataCache: Display: Pak cache opened for reading ../../../Engine/DerivedDataCache/Compressed.ddp.
[2021.06.09-20.24.46:595][  0]LogDerivedDataCache: FDerivedDataBackendGraph:  EnterprisePak pak cache file ../../../Enterprise/DerivedDataCache/Compressed.ddp not found, will not use a pak cache.
[2021.06.09-20.24.46:595][  0]LogDerivedDataCache: Unable to find inner node EnterprisePak for hierarchical cache Hierarchy.
[2021.06.09-20.24.46:597][  0]LogDerivedDataCache: Using Local data cache path C:/Users/Windows 10/AppData/Local/UnrealEngine/Common/DerivedDataCache: Writable
[2021.06.09-20.24.46:597][  0]LogDerivedDataCache: Shared data cache path not found in *engine.ini, will not use an Shared cache.
[2021.06.09-20.24.46:597][  0]LogDerivedDataCache: Unable to find inner node Shared for hierarchical cache Hierarchy.
[2021.06.09-20.24.46:850][  0]LogSlate: Using FreeType 2.10.0
[2021.06.09-20.24.46:908][  0]LogSlate: SlateFontServices - WITH_FREETYPE: 1, WITH_HARFBUZZ: 1
[2021.06.09-20.24.48:413][  0]LogAssetRegistry: FAssetRegistry took 0.0055 seconds to start up
[2021.06.09-20.24.52:699][  0]LogInit: Selected Device Profile: [Windows]
[2021.06.09-20.24.53:921][  0]LogMeshReduction: Using QuadricMeshReduction for automatic static mesh reduction
[2021.06.09-20.24.53:921][  0]LogMeshReduction: Using SimplygonMeshReduction for automatic skeletal mesh reduction
[2021.06.09-20.24.53:921][  0]LogMeshReduction: Using ProxyLODMeshReduction for automatic mesh merging
[2021.06.09-20.24.53:921][  0]LogMeshReduction: No distributed automatic mesh merging module available
[2021.06.09-20.24.53:928][  0]LogMeshMerging: No distributed automatic mesh merging module available
[2021.06.09-20.24.54:607][  0]LogNetVersion: SilentMilk 1.0.0, NetCL: 13144385, EngineNetVer: 14, GameNetVer: 0 (Checksum: 3584156202)
[2021.06.09-20.25.12:551][  0]LogAISub: UAISubsystem::UAISubsystem AISubsystem (00000204F2B86980), frame # 0
[2021.06.09-20.25.12:552][  0]LogAISub: UAISubsystem::UAISubsystem AIPerceptionSystem (00000204F2A4AAC0), frame # 0
[2021.06.09-20.25.12:556][  0]LogAISub: UAISubsystem::UAISubsystem EnvQueryManager (00000204F2B8AA00), frame # 0
[2021.06.09-20.25.13:048][  0]LogPackageLocalizationCache: Processed 19 localized package path(s) for 1 prioritized culture(s) in 0.088574 seconds
[2021.06.09-20.25.13:072][  0]LogUObjectArray: 15917 objects as part of root set at end of initial load.
[2021.06.09-20.25.13:072][  0]LogUObjectAllocator: 3965568 out of 0 bytes used by permanent object pool.
[2021.06.09-20.25.13:072][  0]LogUObjectArray: CloseDisregardForGC: 0/0 objects in disregard for GC pool
[2021.06.09-20.25.17:079][  0]LogTcpMessaging: Initializing TcpMessaging bridge
[2021.06.09-20.25.17:163][  0]LogUdpMessaging: Initializing bridge on interface 0.0.0.0:0 to multicast group 230.0.0.1:6666.
[2021.06.09-20.25.17:750][  0]SourceControl: Source control is disabled
[2021.06.09-20.25.17:764][  0]SourceControl: Source control is disabled
[2021.06.09-20.25.17:866][  0]SourceControl: Source control is disabled
[2021.06.09-20.25.17:891][  0]SourceControl: Source control is disabled
[2021.06.09-20.25.17:924][  0]SourceControl: Source control is disabled
[2021.06.09-20.25.19:429][  0]LogAndroidPermission: UAndroidPermissionCallbackProxy::GetInstance
[2021.06.09-20.25.19:544][  0]LogAudioCaptureCore: Display: No Audio Capture implementations found. Audio input will be silent.
[2021.06.09-20.25.19:544][  0]LogAudioCaptureCore: Display: No Audio Capture implementations found. Audio input will be silent.
[2021.06.09-20.25.19:795][  0]LogOcInput: OculusInput pre-init called
[2021.06.09-20.25.19:867][  0]LogWindows: Failed to load 'OVRPlugin.dll' (GetLastError=126)
[2021.06.09-20.25.19:867][  0]LogWindows: File 'OVRPlugin.dll' does not exist
[2021.06.09-20.25.21:151][  0]LogEngine: Initializing Engine...
[2021.06.09-20.25.21:222][  0]LogHMD: Failed to initialize OpenVR with code 110
[2021.06.09-20.25.21:222][  0]LogMagicLeap: Warning: VR disabled because ZI is not enabled.  To enable, in the editor, Edit -> Project Settings -> Plugins -> Magic Leap Plugin -> Enable Zero Iteration
[2021.06.09-20.25.21:275][  0]LogStats: UGameplayTagsManager::InitializeManager -  0.014 s
[2021.06.09-20.25.22:085][  0]LogInit: Initializing FReadOnlyCVARCache
[2021.06.09-20.25.22:985][  0]LogAIModule: Creating AISystem for world Untitled
[2021.06.09-20.25.22:985][  0]LogAISub: UAISubsystem::UAISubsystem EnvQueryManager (00000204F744DC00), frame # 0
[2021.06.09-20.25.22:985][  0]LogAISub: UAISubsystem::UAISubsystem AIPerceptionSystem (00000204F742BB00), frame # 0
[2021.06.09-20.25.23:345][  0]LogAudioMixer: Display: Audio Mixer Platform Settings:
[2021.06.09-20.25.23:345][  0]LogAudioMixer: Display: 	Sample Rate:						  48000
[2021.06.09-20.25.23:345][  0]LogAudioMixer: Display: 	Callback Buffer Frame Size Requested: 1024
[2021.06.09-20.25.23:345][  0]LogAudioMixer: Display: 	Callback Buffer Frame Size To Use:	  1024
[2021.06.09-20.25.23:346][  0]LogAudioMixer: Display: 	Number of buffers to queue:			  2
[2021.06.09-20.25.23:346][  0]LogAudioMixer: Display: 	Max Channels (voices):				  32
[2021.06.09-20.25.23:346][  0]LogAudioMixer: Display: 	Number of Async Source Workers:		  0
[2021.06.09-20.25.23:346][  0]LogAudio: Display: AudioDevice MaxSources: 32
[2021.06.09-20.25.23:348][  0]LogAudio: Display: Using built-in audio occlusion.
[2021.06.09-20.25.23:348][  0]LogAudioMixer: Display: Initializing audio mixer.
[2021.06.09-20.25.23:538][  0]LogAudioMixer: Display: 0: FrontLeft
[2021.06.09-20.25.23:538][  0]LogAudioMixer: Display: 1: FrontRight
[2021.06.09-20.25.23:612][  0]LogAudioMixer: Display: Using Audio Device Altavoces (High Definition Audio Device)
[2021.06.09-20.25.23:636][  0]LogAudioMixer: Display: Initializing Sound Submixes...
[2021.06.09-20.25.23:676][  0]LogAudioMixer: Display: Creating Master Submix 'MasterSubmixDefault'
[2021.06.09-20.25.23:690][  0]LogAudioMixer: Display: Creating Master Submix 'MasterReverbSubmixDefault'
[2021.06.09-20.25.23:754][  0]LogAudioMixer: Display: Creating Master Submix 'MasterEQSubmixDefault'
[2021.06.09-20.25.23:761][  0]LogInit: FAudioDevice initialized.
[2021.06.09-20.25.23:806][  0]LogNetVersion: Set ProjectVersion to 1.0.0.0. Version Checksum will be recalculated on next use.
[2021.06.09-20.25.24:504][  0]LogDerivedDataCache: Saved boot cache 0.70s 76MB C:/Users/Windows 10/AppData/Local/UnrealEngine/4.25/DerivedDataCache/Boot.ddc.
[2021.06.09-20.25.24:506][  0]LogInit: Texture streaming: Enabled
[2021.06.09-20.25.24:783][  0]LogEngineSessionManager: EngineSessionManager initialized
[2021.06.09-20.25.24:783][  0]LogEditorSessionSummary: Verbose: Initializing EditorSessionSummaryWriter for editor session tracking
[2021.06.09-20.25.24:922][  0]LogEditorSessionSummary: EditorSessionSummaryWriter initialized
[2021.06.09-20.25.25:268][  0]LogInit: Transaction tracking system initialized
[2021.06.09-20.25.25:614][  0]BlueprintLog: New page: Editor Load
[2021.06.09-20.25.26:637][  0]LocalizationService: Localization service is disabled
[2021.06.09-20.25.31:406][  0]LogFileCache: Scanning file cache for directory 'E:/Unreal Projects/SilentMilk/Content/' took 0.04s
[2021.06.09-20.25.31:406][  0]LogCook: Display: Max memory allowance for cook 16384mb min free memory 0mb
[2021.06.09-20.25.31:407][  0]LogCook: Display: Mobile HDR setting 1
[2021.06.09-20.25.34:183][  0]SourceControl: Source control is disabled
[2021.06.09-20.25.34:203][  0]LogUnrealEdMisc: Loading editor; pre map load, took 76.238
[2021.06.09-20.25.34:281][  0]Cmd: MAP LOAD FILE="../../../../../../Unreal Projects/SilentMilk/Content/Niveles/Level1-SM.umap" TEMPLATE=0 SHOWPROGRESS=1 FEATURELEVEL=3
[2021.06.09-20.25.34:303][  0]LightingResults: New page: Lighting Build
[2021.06.09-20.25.34:438][  0]LogWorld: UWorld::CleanupWorld for Untitled, bSessionEnded=true, bCleanupResources=true
[2021.06.09-20.25.34:492][  0]LogSlate: InvalidateAllWidgets triggered.  All widgets were invalidated
[2021.06.09-20.25.34:567][  0]MapCheck: New page: Map Check
[2021.06.09-20.25.34:567][  0]LightingResults: New page: Lighting Build
[2021.06.09-20.25.36:336][  0]LogAISub: UAISubsystem::~UAISubsystem EnvQueryManager (00000204F744DC00), frame # 0
[2021.06.09-20.25.36:336][  0]LogAISub: UAISubsystem::~UAISubsystem AIPerceptionSystem (00000204F742BB00), frame # 0
[2021.06.09-20.25.36:346][  0]LogUObjectHash: Compacting FUObjectHashTables data took   0.91ms
[2021.06.09-20.25.38:161][  0]LogLinker: Warning: While loading '../../../../../../Unreal Projects/SilentMilk/Content/Mannequin/Character/Kiran/KiranModelado.uasset' failed to load '/Game/Mannequin/Character/Kiran/KiranModelado_PhysicsAsset': Can't find file.
[2021.06.09-20.25.38:162][  0]LoadErrors: Failed to load /Game/Mannequin/Character/Kiran/KiranModelado.KiranModelado Referenced by CharacterMesh0
[2021.06.09-20.25.38:162][  0]LogLinker: Warning: While loading '../../../../../../Unreal Projects/SilentMilk/Content/Mannequin/Character/Kiran/KiranModelado.uasset' failed to load '/Game/Mannequin/Character/Kiran/KiranModelado_PhysicsAsset': Can't find file.
[2021.06.09-20.25.38:162][  0]LoadErrors: Failed to load /Game/Mannequin/Character/Kiran/KiranModelado.KiranModelado Referenced by CharacterMesh0
[2021.06.09-20.25.38:162][  0]LogLinker: Warning: While loading '../../../../../../Unreal Projects/SilentMilk/Content/Mannequin/Character/Kiran/KiranModelado.uasset' failed to load '/Game/Mannequin/Character/Kiran/KiranModelado_PhysicsAsset': Can't find file.
[2021.06.09-20.25.38:162][  0]LoadErrors: Failed to load /Game/Mannequin/Character/Kiran/KiranModelado.KiranModelado Referenced by CharacterMesh0
[2021.06.09-20.25.38:162][  0]LogLinker: Warning: While loading '../../../../../../Unreal Projects/SilentMilk/Content/Mannequin/Character/Kiran/KiranModelado.uasset' failed to load '/Game/Mannequin/Character/Kiran/KiranModelado_PhysicsAsset': Can't find file.
[2021.06.09-20.25.38:162][  0]LoadErrors: Failed to load /Game/Mannequin/Character/Kiran/KiranModelado.KiranModelado Referenced by CharacterMesh0
[2021.06.09-20.25.39:448][  0]LogLinker: Warning: While loading '../../../../../../Unreal Projects/SilentMilk/Content/Mannequin/Character/Kiran/KiranModelado.uasset' failed to load '/Game/Mannequin/Character/Kiran/KiranModelado_PhysicsAsset': Can't find file.
[2021.06.09-20.25.39:448][  0]LoadErrors: Failed to load /Game/Mannequin/Character/Kiran/KiranModelado_PhysicsAsset.KiranModelado_PhysicsAsset Referenced by KiranModelado
[2021.06.09-20.25.39:448][  0]LogLinker: Warning: While loading '../../../../../../Unreal Projects/SilentMilk/Content/Mannequin/Character/Kiran/KiranModelado.uasset' failed to load '/Game/Mannequin/Character/Kiran/KiranModelado_PhysicsAsset': Can't find file.
[2021.06.09-20.25.39:448][  0]LoadErrors: Failed to load /Game/Mannequin/Character/Kiran/KiranModelado_PhysicsAsset.KiranModelado_PhysicsAsset Referenced by KiranModelado
[2021.06.09-20.25.40:547][  0]LogAIModule: Creating AISystem for world Level1-SM
[2021.06.09-20.25.40:547][  0]LogAISub: UAISubsystem::UAISubsystem EnvQueryManager (000002048F03FE00), frame # 0
[2021.06.09-20.25.40:547][  0]LogAISub: UAISubsystem::UAISubsystem AIPerceptionSystem (000002048F134E00), frame # 0
[2021.06.09-20.25.42:280][  0]LogEditorServer: Finished looking for orphan Actors (0.000 secs)
[2021.06.09-20.25.42:762][  0]LogUObjectHash: Compacting FUObjectHashTables data took   1.18ms
[2021.06.09-20.25.42:792][  0]Cmd: MAP CHECKDEP NOCLEARLOG
[2021.06.09-20.25.42:810][  0]MapCheck: Map check complete: 0 Error(s), 0 Warning(s), took 17.803ms to complete.
[2021.06.09-20.25.42:810][  0]LogFileHelpers: Loading map 'Level1-SM' took 8.590
[2021.06.09-20.25.44:361][  0]LogUnrealEdMisc: Total Editor Startup Time, took 86.396
[2021.06.09-20.25.45:370][  0]LogSlate: Updating window title bar state: overlay mode, drag disabled, window buttons hidden, title bar hidden
[2021.06.09-20.25.45:416][  0]LogSlate: Updating window title bar state: overlay mode, drag disabled, window buttons hidden, title bar hidden
[2021.06.09-20.25.45:424][  0]LogSlate: Updating window title bar state: overlay mode, drag disabled, window buttons hidden, title bar hidden
[2021.06.09-20.25.45:433][  0]LogSlate: Updating window title bar state: overlay mode, drag disabled, window buttons hidden, title bar hidden
[2021.06.09-20.25.46:326][  0]LogCollectionManager: Loaded 0 collections in 0.001401 seconds
[2021.06.09-20.25.46:494][  0]LogFileCache: Scanning file cache for directory 'E:/Unreal Projects/SilentMilk/Saved/Collections/' took 0.00s
[2021.06.09-20.25.46:494][  0]LogFileCache: Scanning file cache for directory 'E:/Unreal Projects/SilentMilk/Content/Developers/Windows10/Collections/' took 0.00s
[2021.06.09-20.25.46:494][  0]LogFileCache: Scanning file cache for directory 'E:/Unreal Projects/SilentMilk/Content/Collections/' took 0.00s
[2021.06.09-20.25.46:494][  0]LogContentBrowser: Native class hierarchy populated in 0.0142 seconds. Added 3427 classes and 821 folders.
[2021.06.09-20.25.46:723][  0]LogContentBrowser: Native class hierarchy updated for 'WidgetCarousel' in 0.0005 seconds. Added 0 classes and 0 folders.
[2021.06.09-20.25.47:976][  0]LogContentBrowser: Native class hierarchy updated for 'AddContentDialog' in 0.0005 seconds. Added 0 classes and 0 folders.
[2021.06.09-20.25.48:294][  0]LogSlate: Took 0.007506 seconds to synchronously load lazily loaded font '../../../Engine/Content/Slate/Fonts/Roboto-Regular.ttf' (155K)
[2021.06.09-20.25.48:449][  0]LogSlate: Took 0.012857 seconds to synchronously load lazily loaded font '../../../Engine/Content/Slate/Fonts/Roboto-Bold.ttf' (160K)
[2021.06.09-20.25.48:482][  0]LogSlate: Took 0.009873 seconds to synchronously load lazily loaded font '../../../Engine/Content/Editor/Slate/Fonts/FontAwesome.ttf' (139K)
[2021.06.09-20.25.49:154][  0]LogRenderer: Reallocating scene render targets to support 1060x376 Format 9 NumSamples 1 (Frame:1).
[2021.06.09-20.25.50:824][  0]LogContentBrowser: Native class hierarchy updated for 'HierarchicalLODOutliner' in 0.0006 seconds. Added 0 classes and 0 folders.
[2021.06.09-20.25.50:824][  0]LogLoad: (Engine Initialization) Total time: 92.86 seconds
[2021.06.09-20.25.50:824][  0]LogLoad: (Engine Initialization) Total Blueprint compile time: 0.00 seconds
[2021.06.09-20.25.51:676][  0]LogContentStreaming: Texture pool size now 600 MB
[2021.06.09-20.25.52:218][  0]LogSlate: Took 0.011876 seconds to synchronously load lazily loaded font '../../../Engine/Content/Slate/Fonts/Roboto-Light.ttf' (167K)
[2021.06.09-20.25.52:302][  0]LogSlate: Took 0.014630 seconds to synchronously load lazily loaded font '../../../Engine/Content/Slate/Fonts/DroidSansMono.ttf' (77K)
[2021.06.09-20.25.53:275][  2]LogSlate: Took 0.000360 seconds to synchronously load lazily loaded font '../../../Engine/Content/Slate/Fonts/Roboto-Light.ttf' (167K)
[2021.06.09-20.25.53:314][  2]LogAudioMixer: Display: Audio Buffer Underrun detected.
[2021.06.09-20.25.53:369][  3]LogAssetRegistry: Asset discovery search completed in 64.9591 seconds
[2021.06.09-20.25.53:383][  3]LogCollectionManager: Fixed up redirectors for 0 collections in 0.000416 seconds (updated 0 objects)
[2021.06.09-20.26.07:157][537]LogSlate: Window 'Message Log' being destroyed
[2021.06.09-20.26.07:160][537]LogSlate: Window 'Message Log' being destroyed
[2021.06.09-20.26.08:746][656]LogEditorViewport: Clicking on Actor (LMB): BP_Sky_Sphere_C (BP_Sky_Sphere)
[2021.06.09-20.26.09:970][718]LogTemp: Repeating last play command: New Editor Window (PIE)
[2021.06.09-20.26.10:179][718]LogPlayLevel: PlayLevel: No blueprints needed recompiling
[2021.06.09-20.26.10:215][718]PIE: New page: PIE session: Level1-SM (Jun 9, 2021, 10:26:10 AM)
[2021.06.09-20.26.10:320][718]LogOnline: OSS: Creating online subsystem instance for: NULL
[2021.06.09-20.26.10:323][718]LogOnline: OSS: TryLoadSubsystemAndSetDefault: Loaded subsystem for module [NULL]
[2021.06.09-20.26.10:354][718]LogPlayLevel: Creating play world package: /Game/Niveles/UEDPIE_0_Level1-SM
[2021.06.09-20.26.10:435][718]LogPlayLevel: PIE: StaticDuplicateObject took: (0.080833s)
[2021.06.09-20.26.10:446][718]LogAIModule: Creating AISystem for world Level1-SM
[2021.06.09-20.26.10:447][718]LogAISub: UAISubsystem::UAISubsystem EnvQueryManager (00000204859BFE00), frame # 718
[2021.06.09-20.26.10:447][718]LogAISub: UAISubsystem::UAISubsystem AIPerceptionSystem (000002048EFFD300), frame # 718
[2021.06.09-20.26.10:447][718]LogPlayLevel: PIE: World Init took: (0.011794s)
[2021.06.09-20.26.10:448][718]LogPlayLevel: PIE: Created PIE world by copying editor world from /Game/Niveles/Level1-SM.Level1-SM to /Game/Niveles/UEDPIE_0_Level1-SM.Level1-SM (0.093950s)
[2021.06.09-20.26.10:518][718]LogUObjectHash: Compacting FUObjectHashTables data took   0.95ms
[2021.06.09-20.26.10:565][718]LogAudioMixer: Display: Audio Mixer Platform Settings:
[2021.06.09-20.26.10:565][718]LogAudioMixer: Display: 	Sample Rate:						  48000
[2021.06.09-20.26.10:565][718]LogAudioMixer: Display: 	Callback Buffer Frame Size Requested: 1024
[2021.06.09-20.26.10:565][718]LogAudioMixer: Display: 	Callback Buffer Frame Size To Use:	  1024
[2021.06.09-20.26.10:565][718]LogAudioMixer: Display: 	Number of buffers to queue:			  2
[2021.06.09-20.26.10:565][718]LogAudioMixer: Display: 	Max Channels (voices):				  32
[2021.06.09-20.26.10:565][718]LogAudioMixer: Display: 	Number of Async Source Workers:		  0
[2021.06.09-20.26.10:565][718]LogAudio: Display: AudioDevice MaxSources: 32
[2021.06.09-20.26.10:566][718]LogAudio: Display: Using built-in audio occlusion.
[2021.06.09-20.26.10:566][718]LogAudioMixer: Display: Initializing audio mixer.
[2021.06.09-20.26.10:569][718]LogAudioMixer: Display: 0: FrontLeft
[2021.06.09-20.26.10:569][718]LogAudioMixer: Display: 1: FrontRight
[2021.06.09-20.26.10:585][718]LogAudioMixer: Display: Using Audio Device Altavoces (High Definition Audio Device)
[2021.06.09-20.26.10:585][718]LogAudioMixer: Display: Initializing Sound Submixes...
[2021.06.09-20.26.10:586][718]LogAudioMixer: Display: Creating Master Submix 'MasterSubmixDefault'
[2021.06.09-20.26.10:586][718]LogAudioMixer: Display: Creating Master Submix 'MasterReverbSubmixDefault'
[2021.06.09-20.26.10:586][718]LogAudioMixer: Display: Creating Master Submix 'MasterEQSubmixDefault'
[2021.06.09-20.26.10:602][718]LogInit: FAudioDevice initialized.
[2021.06.09-20.26.10:696][718]LogSlate: Updating window title bar state: overlay mode, drag disabled, window buttons hidden, title bar hidden
[2021.06.09-20.26.10:775][718]LogLoad: Game class is 'ThirdPersonGameMode_C'
[2021.06.09-20.26.10:976][718]LogWorld: Bringing World /Game/Niveles/UEDPIE_0_Level1-SM.Level1-SM up for play (max tick rate 0) at 2021.06.09-15.26.10
[2021.06.09-20.26.11:214][718]LogWorld: Bringing up level for play took: 0.242667
[2021.06.09-20.26.11:239][718]LogOnline: OSS: Creating online subsystem instance for: :Context_4
[2021.06.09-20.26.11:430][718]LogContentBrowser: Native class hierarchy updated for 'MovieSceneCapture' in 0.0006 seconds. Added 20 classes and 0 folders.
[2021.06.09-20.26.11:639][718]PIE: Server logged in
[2021.06.09-20.26.11:641][718]PIE: Play in editor total start time 1.637 seconds.
[2021.06.09-20.26.12:216][719]LogRenderer: Reallocating scene render targets to support 1148x648 Format 9 NumSamples 1 (Frame:1).
[2021.06.09-20.26.24:262][553]LogSlate: Updating window title bar state: overlay mode, drag disabled, window buttons hidden, title bar hidden
[2021.06.09-20.26.24:263][553]LogWorld: BeginTearingDown for /Game/Niveles/UEDPIE_0_Level1-SM
[2021.06.09-20.26.24:280][553]LogSlate: Window 'SilentMilk Preview [NetMode: Standalone] (64-bit/Windows) ' being destroyed
[2021.06.09-20.26.24:370][553]LogWorld: UWorld::CleanupWorld for Level1-SM, bSessionEnded=true, bCleanupResources=true
[2021.06.09-20.26.24:388][553]LogSlate: InvalidateAllWidgets triggered.  All widgets were invalidated
[2021.06.09-20.26.24:482][553]LogPlayLevel: Display: Shutting down PIE online subsystems
[2021.06.09-20.26.24:516][553]LogSlate: InvalidateAllWidgets triggered.  All widgets were invalidated
[2021.06.09-20.26.24:835][553]LogAISub: UAISubsystem::~UAISubsystem AIPerceptionSystem (000002048EFFD300), frame # 1553
[2021.06.09-20.26.24:835][553]LogAISub: UAISubsystem::~UAISubsystem EnvQueryManager (00000204859BFE00), frame # 1553
[2021.06.09-20.26.24:902][553]LogUObjectHash: Compacting FUObjectHashTables data took   1.00ms
[2021.06.09-20.26.24:994][554]LogPlayLevel: Display: Destroying online subsystem :Context_4
[2021.06.09-20.26.41:634][429]LogEditorFactories: Performing atomic reimport of [E:/Juan Diego Informacion/Universidad/8 Octavo Semestre/Videojuegos 3D/Silent Milk/HUD/PointsBar.png]
[2021.06.09-20.26.41:635][429]LogFactory: FactoryCreateFile: Texture2D with ReimportTextureFactory (0 0 E:/Juan Diego Informacion/Universidad/8 Octavo Semestre/Videojuegos 3D/Silent Milk/HUD/PointsBar.png)
[2021.06.09-20.26.41:720][429]LogTexture: Display: Building textures: PointsBar (AutoDXT, 512X88)
[2021.06.09-20.26.41:808][429]LogEditorFactories: -- imported successfully
[2021.06.09-20.26.50:298][652]LogTemp: Repeating last play command: New Editor Window (PIE)
[2021.06.09-20.26.50:313][652]LogPlayLevel: PlayLevel: No blueprints needed recompiling
[2021.06.09-20.26.50:313][652]PIE: New page: PIE session: Level1-SM (Jun 9, 2021, 10:26:50 AM)
[2021.06.09-20.26.50:313][652]LogPlayLevel: Creating play world package: /Game/Niveles/UEDPIE_0_Level1-SM
[2021.06.09-20.26.50:335][652]LogPlayLevel: PIE: StaticDuplicateObject took: (0.021933s)
[2021.06.09-20.26.50:336][652]LogAIModule: Creating AISystem for world Level1-SM
[2021.06.09-20.26.50:336][652]LogAISub: UAISubsystem::UAISubsystem EnvQueryManager (00000204B00A3E00), frame # 2652
[2021.06.09-20.26.50:336][652]LogAISub: UAISubsystem::UAISubsystem AIPerceptionSystem (000002048A5DF100), frame # 2652
[2021.06.09-20.26.50:337][652]LogPlayLevel: PIE: World Init took: (0.001301s)
[2021.06.09-20.26.50:337][652]LogPlayLevel: PIE: Created PIE world by copying editor world from /Game/Niveles/Level1-SM.Level1-SM to /Game/Niveles/UEDPIE_0_Level1-SM.Level1-SM (0.023369s)
[2021.06.09-20.26.50:348][652]LogUObjectHash: Compacting FUObjectHashTables data took   0.68ms
[2021.06.09-20.26.50:349][652]LogAudioMixer: Display: Audio Mixer Platform Settings:
[2021.06.09-20.26.50:349][652]LogAudioMixer: Display: 	Sample Rate:						  48000
[2021.06.09-20.26.50:349][652]LogAudioMixer: Display: 	Callback Buffer Frame Size Requested: 1024
[2021.06.09-20.26.50:349][652]LogAudioMixer: Display: 	Callback Buffer Frame Size To Use:	  1024
[2021.06.09-20.26.50:349][652]LogAudioMixer: Display: 	Number of buffers to queue:			  2
[2021.06.09-20.26.50:349][652]LogAudioMixer: Display: 	Max Channels (voices):				  32
[2021.06.09-20.26.50:349][652]LogAudioMixer: Display: 	Number of Async Source Workers:		  0
[2021.06.09-20.26.50:349][652]LogAudio: Display: AudioDevice MaxSources: 32
[2021.06.09-20.26.50:350][652]LogAudio: Display: Using built-in audio occlusion.
[2021.06.09-20.26.50:350][652]LogAudioMixer: Display: Initializing audio mixer.
[2021.06.09-20.26.50:353][652]LogAudioMixer: Display: 0: FrontLeft
[2021.06.09-20.26.50:353][652]LogAudioMixer: Display: 1: FrontRight
[2021.06.09-20.26.50:366][652]LogAudioMixer: Display: Using Audio Device Altavoces (High Definition Audio Device)
[2021.06.09-20.26.50:366][652]LogAudioMixer: Display: Initializing Sound Submixes...
[2021.06.09-20.26.50:366][652]LogAudioMixer: Display: Creating Master Submix 'MasterSubmixDefault'
[2021.06.09-20.26.50:366][652]LogAudioMixer: Display: Creating Master Submix 'MasterReverbSubmixDefault'
[2021.06.09-20.26.50:367][652]LogAudioMixer: Display: Creating Master Submix 'MasterEQSubmixDefault'
[2021.06.09-20.26.50:379][652]LogInit: FAudioDevice initialized.
[2021.06.09-20.26.50:436][652]LogSlate: Updating window title bar state: overlay mode, drag disabled, window buttons hidden, title bar hidden
[2021.06.09-20.26.50:436][652]LogLoad: Game class is 'ThirdPersonGameMode_C'
[2021.06.09-20.26.50:443][652]LogWorld: Bringing World /Game/Niveles/UEDPIE_0_Level1-SM.Level1-SM up for play (max tick rate 0) at 2021.06.09-15.26.50
[2021.06.09-20.26.50:444][652]LogWorld: Bringing up level for play took: 0.006641
[2021.06.09-20.26.50:444][652]LogOnline: OSS: Creating online subsystem instance for: :Context_5
[2021.06.09-20.26.50:450][652]PIE: Server logged in
[2021.06.09-20.26.50:451][652]PIE: Play in editor total start time 0.139 seconds.
[2021.06.09-20.27.08:033][  4]LogSlate: Updating window title bar state: overlay mode, drag disabled, window buttons hidden, title bar hidden
[2021.06.09-20.27.08:033][  4]LogWorld: BeginTearingDown for /Game/Niveles/UEDPIE_0_Level1-SM
[2021.06.09-20.27.08:034][  4]LogSlate: Window 'SilentMilk Preview [NetMode: Standalone] (64-bit/Windows) ' being destroyed
[2021.06.09-20.27.08:038][  4]LogWorld: UWorld::CleanupWorld for Level1-SM, bSessionEnded=true, bCleanupResources=true
[2021.06.09-20.27.08:039][  4]LogSlate: InvalidateAllWidgets triggered.  All widgets were invalidated
[2021.06.09-20.27.08:049][  4]LogPlayLevel: Display: Shutting down PIE online subsystems
[2021.06.09-20.27.08:051][  4]LogSlate: InvalidateAllWidgets triggered.  All widgets were invalidated
[2021.06.09-20.27.08:128][  4]LogAISub: UAISubsystem::~UAISubsystem AIPerceptionSystem (000002048A5DF100), frame # 4004
[2021.06.09-20.27.08:129][  4]LogAISub: UAISubsystem::~UAISubsystem EnvQueryManager (00000204B00A3E00), frame # 4004
[2021.06.09-20.27.08:130][  4]LogUObjectHash: Compacting FUObjectHashTables data took   1.00ms
[2021.06.09-20.27.08:160][  5]LogPlayLevel: Display: Destroying online subsystem :Context_5
[2021.06.09-20.27.11:209][257]Cmd: OBJ SAVEPACKAGE PACKAGE="/Game/Niveles/Level1-SM" FILE="../../../../../../Unreal Projects/SilentMilk/Content/Niveles/Level1-SM.umap" SILENT=true AUTOSAVING=false KEEPDIRTY=false
[2021.06.09-20.27.11:255][257]LogUObjectHash: Compacting FUObjectHashTables data took   0.64ms
[2021.06.09-20.27.11:623][257]LogSavePackage: Moving '../../../../../../Unreal Projects/SilentMilk/Saved/Level1-SM8A923F464EB0386075658ABDA44163B7.tmp' to '../../../../../../Unreal Projects/SilentMilk/Content/Niveles/Level1-SM.umap'
[2021.06.09-20.27.11:700][257]Cmd: OBJ SAVEPACKAGE PACKAGE="/Game/Niveles/Level1-SM_BuiltData" FILE="../../../../../../Unreal Projects/SilentMilk/Content/Niveles/Level1-SM_BuiltData.uasset" SILENT=true
[2021.06.09-20.27.11:766][257]LogSavePackage: Moving '../../../../../../Unreal Projects/SilentMilk/Saved/Level1-SM_BuiltDataC0E0E0C948DADE2F9919B0844AAD16C6.tmp' to '../../../../../../Unreal Projects/SilentMilk/Content/Niveles/Level1-SM_BuiltData.uasset'
[2021.06.09-20.27.11:801][257]AssetCheck: New page: Asset Save: multiple assets
[2021.06.09-20.27.11:801][257]LogContentValidation: Display: Validating World /Game/Niveles/Level1-SM.Level1-SM
[2021.06.09-20.27.11:801][257]LogContentValidation: Display: Validating MapBuildDataRegistry /Game/Niveles/Level1-SM_BuiltData.Level1-SM_BuiltData
