Log file open, 06/05/21 03:23:17
LogInit: Display: Running engine for game: SilentMilk
LogPlatformFile: Not using cached read wrapper
LogTaskGraph: Started task graph with 5 named threads and 23 total threads with 3 sets of task threads.
LogStats: Stats thread started at 1.068330
LogD3D11RHI: Loaded GFSDK_Aftermath_Lib.x64.dll
LogICUInternationalization: ICU TimeZone Detection - Raw Offset: -5:00, Platform Override: ''
LogPluginManager: Mounting plugin Paper2D
LogPluginManager: Mounting plugin AISupport
LogPluginManager: Mounting plugin LightPropagationVolume
LogPluginManager: Mounting plugin CameraShakePreviewer
LogPluginManager: Mounting plugin ActorLayerUtilities
LogPluginManager: Mounting plugin AnimationSharing
LogPluginManager: Mounting plugin CLionSourceCodeAccess
LogPluginManager: Mounting plugin CodeLiteSourceCodeAccess
LogPluginManager: Mounting plugin GitSourceControl
LogPluginManager: Mounting plugin KDevelopSourceCodeAccess
LogPluginManager: Mounting plugin NullSourceCodeAccess
LogPluginManager: Mounting plugin PerforceSourceControl
LogPluginManager: Mounting plugin PlasticSourceControl
LogPluginManager: Mounting plugin RiderSourceCodeAccess
LogPluginManager: Mounting plugin SubversionSourceControl
LogPluginManager: Mounting plugin UObjectPlugin
LogPluginManager: Mounting plugin VisualStudioCodeSourceCodeAccess
LogPluginManager: Mounting plugin VisualStudioSourceCodeAccess
LogPluginManager: Mounting plugin XCodeSourceCodeAccess
LogPluginManager: Mounting plugin AssetManagerEditor
LogPluginManager: Mounting plugin CryptoKeys
LogPluginManager: Mounting plugin CurveEditorTools
LogPluginManager: Mounting plugin DataValidation
LogPluginManager: Mounting plugin EditorScriptingUtilities
LogPluginManager: Mounting plugin FacialAnimation
LogPluginManager: Mounting plugin GameplayTagsEditor
LogPluginManager: Mounting plugin GeometryMode
LogPluginManager: Mounting plugin MacGraphicsSwitching
LogPluginManager: Mounting plugin MaterialAnalyzer
LogPluginManager: Mounting plugin MobileLauncherProfileWizard
LogPluginManager: Mounting plugin PluginBrowser
LogPluginManager: Mounting plugin SpeedTreeImporter
LogPluginManager: Mounting plugin DatasmithContent
LogPluginManager: Mounting plugin VariantManagerContent
LogPluginManager: Mounting plugin AlembicImporter
LogPluginManager: Mounting plugin AutomationUtils
LogPluginManager: Mounting plugin BackChannel
LogPluginManager: Mounting plugin ChaosCloth
LogPluginManager: Mounting plugin ChaosClothEditor
LogPluginManager: Mounting plugin ChaosEditor
LogPluginManager: Mounting plugin ChaosNiagara
LogPluginManager: Mounting plugin ChaosSolverPlugin
LogPluginManager: Mounting plugin CharacterAI
LogPluginManager: Mounting plugin GeometryCache
LogPluginManager: Mounting plugin GeometryCollectionPlugin
LogPluginManager: Mounting plugin GeometryProcessing
LogPluginManager: Mounting plugin PlanarCut
LogPluginManager: Mounting plugin PlatformCrypto
LogPluginManager: Mounting plugin ProxyLODPlugin
LogPluginManager: Mounting plugin SkeletalReduction
LogPluginManager: Mounting plugin Niagara
LogPluginManager: Mounting plugin MagicLeap
LogPluginManager: Mounting plugin MagicLeapLightEstimation
LogPluginManager: Mounting plugin MagicLeapMedia
LogPluginManager: Mounting plugin MagicLeapPassableWorld
LogPluginManager: Mounting plugin MLSDK
LogPluginManager: Mounting plugin AndroidMedia
LogPluginManager: Mounting plugin AvfMedia
LogPluginManager: Mounting plugin ImgMedia
LogPluginManager: Mounting plugin MediaCompositing
LogPluginManager: Mounting plugin MediaPlayerEditor
LogPluginManager: Mounting plugin WebMMedia
LogPluginManager: Mounting plugin WmfMedia
LogPluginManager: Mounting plugin MeshPainting
LogPluginManager: Mounting plugin TcpMessaging
LogPluginManager: Mounting plugin UdpMessaging
LogPluginManager: Mounting plugin ActorSequence
LogPluginManager: Mounting plugin LevelSequenceEditor
LogPluginManager: Mounting plugin MatineeToLevelSequence
LogPluginManager: Mounting plugin MovieRenderPipeline
LogPluginManager: Mounting plugin TemplateSequence
LogPluginManager: Mounting plugin NetcodeUnitTest
LogPluginManager: Mounting plugin NUTUnrealEngine4
LogPluginManager: Mounting plugin OnlineSubsystemGooglePlay
LogPluginManager: Mounting plugin OnlineSubsystemIOS
LogPluginManager: Mounting plugin OnlineSubsystem
LogPluginManager: Mounting plugin OnlineSubsystemNull
LogPluginManager: Mounting plugin OnlineSubsystemUtils
LogPluginManager: Mounting plugin LauncherChunkInstaller
LogPluginManager: Mounting plugin AndroidDeviceProfileSelector
LogPluginManager: Mounting plugin AndroidMoviePlayer
LogPluginManager: Mounting plugin AndroidPermission
LogPluginManager: Mounting plugin AppleImageUtils
LogPluginManager: Mounting plugin AppleMoviePlayer
LogPluginManager: Mounting plugin ArchVisCharacter
LogPluginManager: Mounting plugin AssetTags
LogPluginManager: Mounting plugin AudioCapture
LogPluginManager: Mounting plugin CableComponent
LogPluginManager: Mounting plugin CustomMeshComponent
LogPluginManager: Mounting plugin EditableMesh
LogPluginManager: Mounting plugin ExampleDeviceProfileSelector
LogPluginManager: Mounting plugin GoogleCloudMessaging
LogPluginManager: Mounting plugin GooglePAD
LogPluginManager: Mounting plugin IOSDeviceProfileSelector
LogPluginManager: Mounting plugin LinuxDeviceProfileSelector
LogPluginManager: Mounting plugin LocationServicesBPLibrary
LogPluginManager: Mounting plugin MobilePatchingUtils
LogPluginManager: Mounting plugin OculusVR
LogPluginManager: Mounting plugin PhysXVehicles
LogPluginManager: Mounting plugin PostSplashScreen
LogPluginManager: Mounting plugin ProceduralMeshComponent
LogPluginManager: Mounting plugin RuntimePhysXCooking
LogPluginManager: Mounting plugin SignificanceManager
LogPluginManager: Mounting plugin SoundFields
LogPluginManager: Mounting plugin SteamVR
LogPluginManager: Mounting plugin Synthesis
LogPluginManager: Mounting plugin WebMMoviePlayer
LogPluginManager: Mounting plugin WindowsMoviePlayer
LogPluginManager: Mounting plugin ScreenshotTools
LogInit: Using libcurl 7.55.1-DEV
LogInit:  - built for x86_64-pc-win32
LogInit:  - supports SSL with OpenSSL/1.1.1
LogInit:  - supports HTTP deflate (compression) using libz 1.2.8
LogInit:  - other features:
LogInit:      CURL_VERSION_SSL
LogInit:      CURL_VERSION_LIBZ
LogInit:      CURL_VERSION_IPV6
LogInit:      CURL_VERSION_ASYNCHDNS
LogInit:      CURL_VERSION_LARGEFILE
LogInit:      CURL_VERSION_IDN
LogInit:  CurlRequestOptions (configurable via config and command line):
LogInit:  - bVerifyPeer = true  - Libcurl will verify peer certificate
LogInit:  - bUseHttpProxy = false  - Libcurl will NOT use HTTP proxy
LogInit:  - bDontReuseConnections = false  - Libcurl will reuse connections
LogInit:  - MaxHostConnections = 16  - Libcurl will limit the number of connections to a host
LogInit:  - LocalHostAddr = Default
LogInit:  - BufferSize = 65536
LogOnline: OSS: Creating online subsystem instance for: NULL
LogInit: WinSock: version 1.1 (2.2), MaxSocks=32767, MaxUdp=65467
LogOnline: OSS: TryLoadSubsystemAndSetDefault: Loaded subsystem for module [NULL]
LogInit: Build: ++UE4+Release-4.25-CL-14469661
LogInit: Engine Version: 4.25.4-14469661+++UE4+Release-4.25
LogInit: Compatible Engine Version: 4.25.0-13144385+++UE4+Release-4.25
LogInit: Net CL: 13144385
LogInit: OS: Windows 10 (Release 2009) (), CPU: AMD Ryzen 5 3400G with Radeon Vega Graphics    , GPU: AMD 15D8:C8
LogInit: Compiled (64-bit): Oct 11 2020 08:10:49
LogInit: Compiled with Visual C++: 19.24.28315.00
LogInit: Build Configuration: Development
LogInit: Branch Name: ++UE4+Release-4.25
LogInit: Command Line: 
LogInit: Base Directory: E:/Juegos/Epic/UE_4.25/Engine/Binaries/Win64/
LogInit: Allocator: TBB
LogInit: Installed Engine Build: 1
LogDevObjectVersion: Number of dev versions registered: 26
LogDevObjectVersion:   Dev-Blueprints (B0D832E4-1F89-4F0D-ACCF-7EB736FD4AA2): 10
LogDevObjectVersion:   Dev-Build (E1C64328-A22C-4D53-A36C-8E866417BD8C): 0
LogDevObjectVersion:   Dev-Core (375EC13C-06E4-48FB-B500-84F0262A717E): 4
LogDevObjectVersion:   Dev-Editor (E4B068ED-F494-42E9-A231-DA0B2E46BB41): 38
LogDevObjectVersion:   Dev-Framework (CFFC743F-43B0-4480-9391-14DF171D2073): 37
LogDevObjectVersion:   Dev-Mobile (B02B49B5-BB20-44E9-A304-32B752E40360): 2
LogDevObjectVersion:   Dev-Networking (A4E4105C-59A1-49B5-A7C5-40C4547EDFEE): 0
LogDevObjectVersion:   Dev-Online (39C831C9-5AE6-47DC-9A44-9C173E1C8E7C): 0
LogDevObjectVersion:   Dev-Physics (78F01B33-EBEA-4F98-B9B4-84EACCB95AA2): 4
LogDevObjectVersion:   Dev-Platform (6631380F-2D4D-43E0-8009-CF276956A95A): 0
LogDevObjectVersion:   Dev-Rendering (12F88B9F-8875-4AFC-A67C-D90C383ABD29): 43
LogDevObjectVersion:   Dev-Sequencer (7B5AE74C-D270-4C10-A958-57980B212A5A): 12
LogDevObjectVersion:   Dev-VR (D7296918-1DD6-4BDD-9DE2-64A83CC13884): 3
LogDevObjectVersion:   Dev-LoadTimes (C2A15278-BFE7-4AFE-6C17-90FF531DF755): 1
LogDevObjectVersion:   Private-Geometry (6EACA3D4-40EC-4CC1-B786-8BED09428FC5): 3
LogDevObjectVersion:   Dev-AnimPhys (29E575DD-E0A3-4627-9D10-D276232CDCEA): 17
LogDevObjectVersion:   Dev-Anim (AF43A65D-7FD3-4947-9873-3E8ED9C1BB05): 7
LogDevObjectVersion:   Dev-ReflectionCapture (6B266CEC-1EC7-4B8F-A30B-E4D90942FC07): 1
LogDevObjectVersion:   Dev-Automation (0DF73D61-A23F-47EA-B727-89E90C41499A): 1
LogDevObjectVersion:   FortniteMain (601D1886-AC64-4F84-AA16-D3DE0DEAC7D6): 31
LogDevObjectVersion:   Dev-Enterprise (9DFFBCD6-494F-0158-E221-12823C92A888): 10
LogDevObjectVersion:   Dev-Niagara (F2AED0AC-9AFE-416F-8664-AA7FFA26D6FC): 1
LogDevObjectVersion:   Dev-Destruction (174F1F0B-B4C6-45A5-B13F-2EE8D0FB917D): 10
LogDevObjectVersion:   Dev-Physics-Ext (35F94A83-E258-406C-A318-09F59610247C): 37
LogDevObjectVersion:   Dev-PhysicsMaterial-Chaos (B68FC16E-8B1B-42E2-B453-215C058844FE): 1
LogDevObjectVersion:   Dev-CineCamera (B2E18506-4273-CFC2-A54E-F4BB758BBA07): 1
LogInit: Presizing for max 25165824 objects, including 0 objects not considered by GC, pre-allocating 0 bytes for permanent pool.
LogConfig: Applying CVar settings from Section [/Script/Engine.StreamingSettings] File [E:/Unreal Projects/SilentMilk/Saved/Config/Windows/Engine.ini]
LogConfig: Setting CVar [[s.MinBulkDataSizeForAsyncLoading:131072]]
LogConfig: Setting CVar [[s.AsyncLoadingThreadEnabled:0]]
LogConfig: Setting CVar [[s.EventDrivenLoaderEnabled:1]]
LogConfig: Setting CVar [[s.WarnIfTimeLimitExceeded:0]]
LogConfig: Setting CVar [[s.TimeLimitExceededMultiplier:1.5]]
LogConfig: Setting CVar [[s.TimeLimitExceededMinTime:0.005]]
LogConfig: Setting CVar [[s.UseBackgroundLevelStreaming:1]]
LogConfig: Setting CVar [[s.PriorityAsyncLoadingExtraTime:15.0]]
LogConfig: Setting CVar [[s.LevelStreamingActorsUpdateTimeLimit:5.0]]
LogConfig: Setting CVar [[s.PriorityLevelStreamingActorsUpdateExtraTime:5.0]]
LogConfig: Setting CVar [[s.LevelStreamingComponentsRegistrationGranularity:10]]
LogConfig: Setting CVar [[s.UnregisterComponentsTimeLimit:1.0]]
LogConfig: Setting CVar [[s.LevelStreamingComponentsUnregistrationGranularity:5]]
LogConfig: Setting CVar [[s.FlushStreamingOnExit:1]]
LogInit: Object subsystem initialized
LogConfig: Setting CVar [[con.DebugEarlyDefault:1]]
LogConfig: Setting CVar [[r.setres:1280x720]]
[2021.06.05-08.23.18:875][  0]LogConfig: Setting CVar [[r.VSync:0]]
[2021.06.05-08.23.18:875][  0]LogConfig: Setting CVar [[r.RHICmdBypass:0]]
[2021.06.05-08.23.18:875][  0]LogConfig: Applying CVar settings from Section [/Script/Engine.RendererSettings] File [E:/Unreal Projects/SilentMilk/Saved/Config/Windows/Engine.ini]
[2021.06.05-08.23.18:875][  0]LogConfig: Setting CVar [[r.GPUCrashDebugging:0]]
[2021.06.05-08.23.18:875][  0]LogConfig: Applying CVar settings from Section [/Script/Engine.RendererOverrideSettings] File [E:/Unreal Projects/SilentMilk/Saved/Config/Windows/Engine.ini]
[2021.06.05-08.23.18:875][  0]LogConfig: Applying CVar settings from Section [/Script/Engine.StreamingSettings] File [E:/Unreal Projects/SilentMilk/Saved/Config/Windows/Engine.ini]
[2021.06.05-08.23.18:875][  0]LogConfig: Setting CVar [[s.MinBulkDataSizeForAsyncLoading:131072]]
[2021.06.05-08.23.18:875][  0]LogConfig: Setting CVar [[s.AsyncLoadingThreadEnabled:0]]
[2021.06.05-08.23.18:875][  0]LogConfig: Setting CVar [[s.EventDrivenLoaderEnabled:1]]
[2021.06.05-08.23.18:875][  0]LogConfig: Setting CVar [[s.WarnIfTimeLimitExceeded:0]]
[2021.06.05-08.23.18:875][  0]LogConfig: Setting CVar [[s.TimeLimitExceededMultiplier:1.5]]
[2021.06.05-08.23.18:875][  0]LogConfig: Setting CVar [[s.TimeLimitExceededMinTime:0.005]]
[2021.06.05-08.23.18:875][  0]LogConfig: Setting CVar [[s.UseBackgroundLevelStreaming:1]]
[2021.06.05-08.23.18:875][  0]LogConfig: Setting CVar [[s.PriorityAsyncLoadingExtraTime:15.0]]
[2021.06.05-08.23.18:875][  0]LogConfig: Setting CVar [[s.LevelStreamingActorsUpdateTimeLimit:5.0]]
[2021.06.05-08.23.18:875][  0]LogConfig: Setting CVar [[s.PriorityLevelStreamingActorsUpdateExtraTime:5.0]]
[2021.06.05-08.23.18:875][  0]LogConfig: Setting CVar [[s.LevelStreamingComponentsRegistrationGranularity:10]]
[2021.06.05-08.23.18:875][  0]LogConfig: Setting CVar [[s.UnregisterComponentsTimeLimit:1.0]]
[2021.06.05-08.23.18:875][  0]LogConfig: Setting CVar [[s.LevelStreamingComponentsUnregistrationGranularity:5]]
[2021.06.05-08.23.18:875][  0]LogConfig: Setting CVar [[s.FlushStreamingOnExit:1]]
[2021.06.05-08.23.18:875][  0]LogConfig: Applying CVar settings from Section [/Script/Engine.GarbageCollectionSettings] File [E:/Unreal Projects/SilentMilk/Saved/Config/Windows/Engine.ini]
[2021.06.05-08.23.18:875][  0]LogConfig: Setting CVar [[gc.MaxObjectsNotConsideredByGC:1]]
[2021.06.05-08.23.18:875][  0]LogConfig: Setting CVar [[gc.SizeOfPermanentObjectPool:0]]
[2021.06.05-08.23.18:875][  0]LogConfig: Setting CVar [[gc.FlushStreamingOnGC:0]]
[2021.06.05-08.23.18:875][  0]LogConfig: Setting CVar [[gc.NumRetriesBeforeForcingGC:10]]
[2021.06.05-08.23.18:875][  0]LogConfig: Setting CVar [[gc.AllowParallelGC:1]]
[2021.06.05-08.23.18:875][  0]LogConfig: Setting CVar [[gc.TimeBetweenPurgingPendingKillObjects:61.1]]
[2021.06.05-08.23.18:875][  0]LogConfig: Setting CVar [[gc.MaxObjectsInEditor:25165824]]
[2021.06.05-08.23.18:875][  0]LogConfig: Setting CVar [[gc.IncrementalBeginDestroyEnabled:1]]
[2021.06.05-08.23.18:875][  0]LogConfig: Setting CVar [[gc.CreateGCClusters:1]]
[2021.06.05-08.23.18:875][  0]LogConfig: Setting CVar [[gc.MinGCClusterSize:5]]
[2021.06.05-08.23.18:875][  0]LogConfig: Setting CVar [[gc.ActorClusteringEnabled:0]]
[2021.06.05-08.23.18:875][  0]LogConfig: Setting CVar [[gc.BlueprintClusteringEnabled:0]]
[2021.06.05-08.23.18:875][  0]LogConfig: Setting CVar [[gc.UseDisregardForGCOnDedicatedServers:0]]
[2021.06.05-08.23.18:875][  0]LogConfig: Applying CVar settings from Section [/Script/Engine.NetworkSettings] File [E:/Unreal Projects/SilentMilk/Saved/Config/Windows/Engine.ini]
[2021.06.05-08.23.18:875][  0]LogConfig: Applying CVar settings from Section [/Script/UnrealEd.CookerSettings] File [E:/Unreal Projects/SilentMilk/Saved/Config/Windows/Engine.ini]
[2021.06.05-08.23.18:879][  0]LogConfig: Applying CVar settings from Section [ViewDistanceQuality@3] File [E:/Unreal Projects/SilentMilk/Saved/Config/Windows/Scalability.ini]
[2021.06.05-08.23.18:879][  0]LogConfig: Setting CVar [[r.SkeletalMeshLODBias:0]]
[2021.06.05-08.23.18:879][  0]LogConfig: Setting CVar [[r.ViewDistanceScale:1.0]]
[2021.06.05-08.23.18:879][  0]LogConfig: Applying CVar settings from Section [AntiAliasingQuality@3] File [E:/Unreal Projects/SilentMilk/Saved/Config/Windows/Scalability.ini]
[2021.06.05-08.23.18:879][  0]LogConfig: Setting CVar [[r.PostProcessAAQuality:4]]
[2021.06.05-08.23.18:879][  0]LogConfig: Applying CVar settings from Section [ShadowQuality@3] File [E:/Unreal Projects/SilentMilk/Saved/Config/Windows/Scalability.ini]
[2021.06.05-08.23.18:879][  0]LogConfig: Setting CVar [[r.LightFunctionQuality:1]]
[2021.06.05-08.23.18:879][  0]LogConfig: Setting CVar [[r.ShadowQuality:5]]
[2021.06.05-08.23.18:879][  0]LogConfig: Setting CVar [[r.Shadow.CSM.MaxCascades:10]]
[2021.06.05-08.23.18:879][  0]LogConfig: Setting CVar [[r.Shadow.MaxResolution:2048]]
[2021.06.05-08.23.18:879][  0]LogConfig: Setting CVar [[r.Shadow.MaxCSMResolution:2048]]
[2021.06.05-08.23.18:879][  0]LogConfig: Setting CVar [[r.Shadow.RadiusThreshold:0.01]]
[2021.06.05-08.23.18:879][  0]LogConfig: Setting CVar [[r.Shadow.DistanceScale:1.0]]
[2021.06.05-08.23.18:879][  0]LogConfig: Setting CVar [[r.Shadow.CSM.TransitionScale:1.0]]
[2021.06.05-08.23.18:879][  0]LogConfig: Setting CVar [[r.Shadow.PreShadowResolutionFactor:1.0]]
[2021.06.05-08.23.18:879][  0]LogConfig: Setting CVar [[r.DistanceFieldShadowing:1]]
[2021.06.05-08.23.18:879][  0]LogConfig: Setting CVar [[r.DistanceFieldAO:1]]
[2021.06.05-08.23.18:879][  0]LogConfig: Setting CVar [[r.AOQuality:2]]
[2021.06.05-08.23.18:879][  0]LogConfig: Setting CVar [[r.VolumetricFog:1]]
[2021.06.05-08.23.18:879][  0]LogConfig: Setting CVar [[r.VolumetricFog.GridPixelSize:8]]
[2021.06.05-08.23.18:879][  0]LogConfig: Setting CVar [[r.VolumetricFog.GridSizeZ:128]]
[2021.06.05-08.23.18:879][  0]LogConfig: Setting CVar [[r.VolumetricFog.HistoryMissSupersampleCount:4]]
[2021.06.05-08.23.18:879][  0]LogConfig: Setting CVar [[r.LightMaxDrawDistanceScale:1]]
[2021.06.05-08.23.18:879][  0]LogConfig: Setting CVar [[r.CapsuleShadows:1]]
[2021.06.05-08.23.18:879][  0]LogConfig: Applying CVar settings from Section [PostProcessQuality@3] File [E:/Unreal Projects/SilentMilk/Saved/Config/Windows/Scalability.ini]
[2021.06.05-08.23.18:879][  0]LogConfig: Setting CVar [[r.MotionBlurQuality:4]]
[2021.06.05-08.23.18:879][  0]LogConfig: Setting CVar [[r.AmbientOcclusionMipLevelFactor:0.4]]
[2021.06.05-08.23.18:879][  0]LogConfig: Setting CVar [[r.AmbientOcclusionMaxQuality:100]]
[2021.06.05-08.23.18:879][  0]LogConfig: Setting CVar [[r.AmbientOcclusionLevels:-1]]
[2021.06.05-08.23.18:879][  0]LogConfig: Setting CVar [[r.AmbientOcclusionRadiusScale:1.0]]
[2021.06.05-08.23.18:879][  0]LogConfig: Setting CVar [[r.DepthOfFieldQuality:2]]
[2021.06.05-08.23.18:879][  0]LogConfig: Setting CVar [[r.RenderTargetPoolMin:400]]
[2021.06.05-08.23.18:879][  0]LogConfig: Setting CVar [[r.LensFlareQuality:2]]
[2021.06.05-08.23.18:879][  0]LogConfig: Setting CVar [[r.SceneColorFringeQuality:1]]
[2021.06.05-08.23.18:880][  0]LogConfig: Setting CVar [[r.EyeAdaptationQuality:2]]
[2021.06.05-08.23.18:880][  0]LogConfig: Setting CVar [[r.BloomQuality:5]]
[2021.06.05-08.23.18:880][  0]LogConfig: Setting CVar [[r.FastBlurThreshold:100]]
[2021.06.05-08.23.18:880][  0]LogConfig: Setting CVar [[r.Upscale.Quality:3]]
[2021.06.05-08.23.18:880][  0]LogConfig: Setting CVar [[r.Tonemapper.GrainQuantization:1]]
[2021.06.05-08.23.18:880][  0]LogConfig: Setting CVar [[r.LightShaftQuality:1]]
[2021.06.05-08.23.18:880][  0]LogConfig: Setting CVar [[r.Filter.SizeScale:1]]
[2021.06.05-08.23.18:880][  0]LogConfig: Setting CVar [[r.Tonemapper.Quality:5]]
[2021.06.05-08.23.18:880][  0]LogConfig: Setting CVar [[r.DOF.Gather.AccumulatorQuality:1        ; higher gathering accumulator quality]]
[2021.06.05-08.23.18:880][  0]LogConfig: Setting CVar [[r.DOF.Gather.PostfilterMethod:1          ; Median3x3 postfilering method]]
[2021.06.05-08.23.18:880][  0]LogConfig: Setting CVar [[r.DOF.Gather.EnableBokehSettings:0       ; no bokeh simulation when gathering]]
[2021.06.05-08.23.18:880][  0]LogConfig: Setting CVar [[r.DOF.Gather.RingCount:4                 ; medium number of samples when gathering]]
[2021.06.05-08.23.18:880][  0]LogConfig: Setting CVar [[r.DOF.Scatter.ForegroundCompositing:1    ; additive foreground scattering]]
[2021.06.05-08.23.18:880][  0]LogConfig: Setting CVar [[r.DOF.Scatter.BackgroundCompositing:2    ; additive background scattering]]
[2021.06.05-08.23.18:880][  0]LogConfig: Setting CVar [[r.DOF.Scatter.EnableBokehSettings:1      ; bokeh simulation when scattering]]
[2021.06.05-08.23.18:880][  0]LogConfig: Setting CVar [[r.DOF.Scatter.MaxSpriteRatio:0.1         ; only a maximum of 10% of scattered bokeh]]
[2021.06.05-08.23.18:880][  0]LogConfig: Setting CVar [[r.DOF.Recombine.Quality:1                ; cheap slight out of focus]]
[2021.06.05-08.23.18:880][  0]LogConfig: Setting CVar [[r.DOF.Recombine.EnableBokehSettings:0    ; no bokeh simulation on slight out of focus]]
[2021.06.05-08.23.18:880][  0]LogConfig: Setting CVar [[r.DOF.TemporalAAQuality:1                ; more stable temporal accumulation]]
[2021.06.05-08.23.18:880][  0]LogConfig: Setting CVar [[r.DOF.Kernel.MaxForegroundRadius:0.025]]
[2021.06.05-08.23.18:880][  0]LogConfig: Setting CVar [[r.DOF.Kernel.MaxBackgroundRadius:0.025]]
[2021.06.05-08.23.18:880][  0]LogConfig: Applying CVar settings from Section [TextureQuality@3] File [E:/Unreal Projects/SilentMilk/Saved/Config/Windows/Scalability.ini]
[2021.06.05-08.23.18:880][  0]LogConfig: Setting CVar [[r.Streaming.MipBias:0]]
[2021.06.05-08.23.18:880][  0]LogConfig: Setting CVar [[r.Streaming.AmortizeCPUToGPUCopy:0]]
[2021.06.05-08.23.18:880][  0]LogConfig: Setting CVar [[r.Streaming.MaxNumTexturesToStreamPerFrame:0]]
[2021.06.05-08.23.18:880][  0]LogConfig: Setting CVar [[r.Streaming.Boost:1]]
[2021.06.05-08.23.18:880][  0]LogConfig: Setting CVar [[r.MaxAnisotropy:8]]
[2021.06.05-08.23.18:880][  0]LogConfig: Setting CVar [[r.VT.MaxAnisotropy:8]]
[2021.06.05-08.23.18:880][  0]LogConfig: Setting CVar [[r.Streaming.LimitPoolSizeToVRAM:0]]
[2021.06.05-08.23.18:880][  0]LogConfig: Setting CVar [[r.Streaming.PoolSize:1000]]
[2021.06.05-08.23.18:880][  0]LogConfig: Setting CVar [[r.Streaming.MaxEffectiveScreenSize:0]]
[2021.06.05-08.23.18:880][  0]LogConfig: Applying CVar settings from Section [EffectsQuality@3] File [E:/Unreal Projects/SilentMilk/Saved/Config/Windows/Scalability.ini]
[2021.06.05-08.23.18:880][  0]LogConfig: Setting CVar [[r.TranslucencyLightingVolumeDim:64]]
[2021.06.05-08.23.18:880][  0]LogConfig: Setting CVar [[r.RefractionQuality:2]]
[2021.06.05-08.23.18:880][  0]LogConfig: Setting CVar [[r.SSR.Quality:3]]
[2021.06.05-08.23.18:880][  0]LogConfig: Setting CVar [[r.SSR.HalfResSceneColor:0]]
[2021.06.05-08.23.18:880][  0]LogConfig: Setting CVar [[r.SceneColorFormat:4]]
[2021.06.05-08.23.18:880][  0]LogConfig: Setting CVar [[r.DetailMode:2]]
[2021.06.05-08.23.18:880][  0]LogConfig: Setting CVar [[r.TranslucencyVolumeBlur:1]]
[2021.06.05-08.23.18:880][  0]LogConfig: Setting CVar [[r.MaterialQualityLevel:1 ; High quality]]
[2021.06.05-08.23.18:880][  0]LogConfig: Setting CVar [[r.SSS.Scale:1]]
[2021.06.05-08.23.18:880][  0]LogConfig: Setting CVar [[r.SSS.SampleSet:2]]
[2021.06.05-08.23.18:880][  0]LogConfig: Setting CVar [[r.SSS.Quality:1]]
[2021.06.05-08.23.18:880][  0]LogConfig: Setting CVar [[r.SSS.HalfRes:0]]
[2021.06.05-08.23.18:880][  0]LogConfig: Setting CVar [[r.SSGI.Quality:3]]
[2021.06.05-08.23.18:880][  0]LogConfig: Setting CVar [[r.EmitterSpawnRateScale:1.0]]
[2021.06.05-08.23.18:880][  0]LogConfig: Setting CVar [[r.ParticleLightQuality:2]]
[2021.06.05-08.23.18:880][  0]LogConfig: Setting CVar [[r.SkyAtmosphere.AerialPerspectiveLUT.FastApplyOnOpaque:1 ; Always have FastSkyLUT 1 in this case to avoid wrong sky]]
[2021.06.05-08.23.18:880][  0]LogConfig: Setting CVar [[r.SkyAtmosphere.AerialPerspectiveLUT.SampleCountPerSlice:1]]
[2021.06.05-08.23.18:880][  0]LogConfig: Setting CVar [[r.SkyAtmosphere.AerialPerspectiveLUT.DepthResolution:16.0]]
[2021.06.05-08.23.18:880][  0]LogConfig: Setting CVar [[r.SkyAtmosphere.FastSkyLUT:1]]
[2021.06.05-08.23.18:880][  0]LogConfig: Setting CVar [[r.SkyAtmosphere.FastSkyLUT.SampleCountMin:4.0]]
[2021.06.05-08.23.18:880][  0]LogConfig: Setting CVar [[r.SkyAtmosphere.FastSkyLUT.SampleCountMax:32.0]]
[2021.06.05-08.23.18:880][  0]LogConfig: Setting CVar [[r.SkyAtmosphere.SampleCountMin:4.0]]
[2021.06.05-08.23.18:880][  0]LogConfig: Setting CVar [[r.SkyAtmosphere.SampleCountMax:32.0]]
[2021.06.05-08.23.18:880][  0]LogConfig: Setting CVar [[r.SkyAtmosphere.TransmittanceLUT.UseSmallFormat:0]]
[2021.06.05-08.23.18:880][  0]LogConfig: Setting CVar [[r.SkyAtmosphere.TransmittanceLUT.SampleCount:10.0]]
[2021.06.05-08.23.18:880][  0]LogConfig: Setting CVar [[r.SkyAtmosphere.MultiScatteringLUT.SampleCount:15.0]]
[2021.06.05-08.23.18:880][  0]LogConfig: Applying CVar settings from Section [FoliageQuality@3] File [E:/Unreal Projects/SilentMilk/Saved/Config/Windows/Scalability.ini]
[2021.06.05-08.23.18:880][  0]LogConfig: Setting CVar [[foliage.DensityScale:1.0]]
[2021.06.05-08.23.18:880][  0]LogConfig: Setting CVar [[grass.DensityScale:1.0]]
[2021.06.05-08.23.18:880][  0]LogConfig: Applying CVar settings from Section [ShadingQuality@3] File [E:/Unreal Projects/SilentMilk/Saved/Config/Windows/Scalability.ini]
[2021.06.05-08.23.18:880][  0]LogConfig: Setting CVar [[r.HairStrands.SkyLighting.SampleCount:16]]
[2021.06.05-08.23.18:880][  0]LogConfig: Setting CVar [[r.HairStrands.SkyLighting.JitterIntegration:0]]
[2021.06.05-08.23.18:880][  0]LogConfig: Setting CVar [[r.HairStrands.SkyAO.SampleCount:16]]
[2021.06.05-08.23.18:880][  0]LogConfig: Setting CVar [[r.HairStrands.DeepShadow.SuperSampling:0]]
[2021.06.05-08.23.18:880][  0]LogConfig: Setting CVar [[r.HairStrands.VisibilityPPLL:0]]
[2021.06.05-08.23.18:880][  0]LogConfig: Setting CVar [[r.HairStrands.RasterizationScale:0.5]]
[2021.06.05-08.23.18:880][  0]LogConfig: Setting CVar [[r.HairStrands.VelocityRasterizationScale:1]]
[2021.06.05-08.23.18:880][  0]LogInit: Selected Device Profile: [Windows]
[2021.06.05-08.23.18:880][  0]LogInit: Applying CVar settings loaded from the selected device profile: [Windows]
[2021.06.05-08.23.18:880][  0]LogHAL: Display: Platform has ~ 6 GB [6367739904 / 8589934592 / 6], which maps to Smaller [LargestMinGB=32, LargerMinGB=12, DefaultMinGB=8, SmallerMinGB=6, SmallestMinGB=0)
[2021.06.05-08.23.18:881][  0]LogInit: Going up to parent DeviceProfile []
[2021.06.05-08.23.18:881][  0]LogConfig: Applying CVar settings from Section [ViewDistanceQuality@0] File [E:/Unreal Projects/SilentMilk/Saved/Config/Windows/Scalability.ini]
[2021.06.05-08.23.18:881][  0]LogConfig: Setting CVar [[r.SkeletalMeshLODBias:2]]
[2021.06.05-08.23.18:881][  0]LogConfig: Setting CVar [[r.ViewDistanceScale:0.4]]
[2021.06.05-08.23.18:881][  0]LogConfig: Applying CVar settings from Section [AntiAliasingQuality@0] File [E:/Unreal Projects/SilentMilk/Saved/Config/Windows/Scalability.ini]
[2021.06.05-08.23.18:881][  0]LogConfig: Setting CVar [[r.PostProcessAAQuality:0]]
[2021.06.05-08.23.18:881][  0]LogConfig: Applying CVar settings from Section [ShadowQuality@1] File [E:/Unreal Projects/SilentMilk/Saved/Config/Windows/Scalability.ini]
[2021.06.05-08.23.18:881][  0]LogConfig: Setting CVar [[r.LightFunctionQuality:1]]
[2021.06.05-08.23.18:881][  0]LogConfig: Setting CVar [[r.ShadowQuality:3]]
[2021.06.05-08.23.18:881][  0]LogConfig: Setting CVar [[r.Shadow.CSM.MaxCascades:1]]
[2021.06.05-08.23.18:881][  0]LogConfig: Setting CVar [[r.Shadow.MaxResolution:1024]]
[2021.06.05-08.23.18:881][  0]LogConfig: Setting CVar [[r.Shadow.MaxCSMResolution:1024]]
[2021.06.05-08.23.18:881][  0]LogConfig: Setting CVar [[r.Shadow.RadiusThreshold:0.05]]
[2021.06.05-08.23.18:881][  0]LogConfig: Setting CVar [[r.Shadow.DistanceScale:0.7]]
[2021.06.05-08.23.18:881][  0]LogConfig: Setting CVar [[r.Shadow.CSM.TransitionScale:0.25]]
[2021.06.05-08.23.18:881][  0]LogConfig: Setting CVar [[r.Shadow.PreShadowResolutionFactor:0.5]]
[2021.06.05-08.23.18:881][  0]LogConfig: Setting CVar [[r.DistanceFieldShadowing:0]]
[2021.06.05-08.23.18:881][  0]LogConfig: Setting CVar [[r.DistanceFieldAO:0]]
[2021.06.05-08.23.18:881][  0]LogConfig: Setting CVar [[r.VolumetricFog:0]]
[2021.06.05-08.23.18:881][  0]LogConfig: Setting CVar [[r.LightMaxDrawDistanceScale:.5]]
[2021.06.05-08.23.18:881][  0]LogConfig: Setting CVar [[r.CapsuleShadows:1]]
[2021.06.05-08.23.18:881][  0]LogConfig: Applying CVar settings from Section [PostProcessQuality@1] File [E:/Unreal Projects/SilentMilk/Saved/Config/Windows/Scalability.ini]
[2021.06.05-08.23.18:881][  0]LogConfig: Setting CVar [[r.MotionBlurQuality:3]]
[2021.06.05-08.23.18:881][  0]LogConfig: Setting CVar [[r.AmbientOcclusionMipLevelFactor:1.0]]
[2021.06.05-08.23.18:881][  0]LogConfig: Setting CVar [[r.AmbientOcclusionMaxQuality:60]]
[2021.06.05-08.23.18:881][  0]LogConfig: Setting CVar [[r.AmbientOcclusionLevels:-1]]
[2021.06.05-08.23.18:881][  0]LogConfig: Setting CVar [[r.AmbientOcclusionRadiusScale:1.5]]
[2021.06.05-08.23.18:881][  0]LogConfig: Setting CVar [[r.DepthOfFieldQuality:1]]
[2021.06.05-08.23.18:881][  0]LogConfig: Setting CVar [[r.RenderTargetPoolMin:350]]
[2021.06.05-08.23.18:881][  0]LogConfig: Setting CVar [[r.LensFlareQuality:0]]
[2021.06.05-08.23.18:881][  0]LogConfig: Setting CVar [[r.SceneColorFringeQuality:0]]
[2021.06.05-08.23.18:881][  0]LogConfig: Setting CVar [[r.EyeAdaptationQuality:0]]
[2021.06.05-08.23.18:881][  0]LogConfig: Setting CVar [[r.BloomQuality:4]]
[2021.06.05-08.23.18:881][  0]LogConfig: Setting CVar [[r.FastBlurThreshold:2]]
[2021.06.05-08.23.18:881][  0]LogConfig: Setting CVar [[r.Upscale.Quality:2]]
[2021.06.05-08.23.18:881][  0]LogConfig: Setting CVar [[r.Tonemapper.GrainQuantization:0]]
[2021.06.05-08.23.18:881][  0]LogConfig: Setting CVar [[r.LightShaftQuality:0]]
[2021.06.05-08.23.18:881][  0]LogConfig: Setting CVar [[r.Filter.SizeScale:0.7]]
[2021.06.05-08.23.18:881][  0]LogConfig: Setting CVar [[r.Tonemapper.Quality:2]]
[2021.06.05-08.23.18:881][  0]LogConfig: Setting CVar [[r.DOF.Gather.AccumulatorQuality:0        ; lower gathering accumulator quality]]
[2021.06.05-08.23.18:881][  0]LogConfig: Setting CVar [[r.DOF.Gather.PostfilterMethod:2          ; Max3x3 postfilering method]]
[2021.06.05-08.23.18:881][  0]LogConfig: Setting CVar [[r.DOF.Gather.EnableBokehSettings:0       ; no bokeh simulation when gathering]]
[2021.06.05-08.23.18:881][  0]LogConfig: Setting CVar [[r.DOF.Gather.RingCount:3                 ; low number of samples when gathering]]
[2021.06.05-08.23.18:881][  0]LogConfig: Setting CVar [[r.DOF.Scatter.ForegroundCompositing:0    ; no foreground scattering]]
[2021.06.05-08.23.18:881][  0]LogConfig: Setting CVar [[r.DOF.Scatter.BackgroundCompositing:0    ; no foreground scattering]]
[2021.06.05-08.23.18:881][  0]LogConfig: Setting CVar [[r.DOF.Recombine.Quality:0                ; no slight out of focus]]
[2021.06.05-08.23.18:881][  0]LogConfig: Setting CVar [[r.DOF.TemporalAAQuality:0                ; faster temporal accumulation]]
[2021.06.05-08.23.18:881][  0]LogConfig: Setting CVar [[r.DOF.Kernel.MaxForegroundRadius:0.006   ; required because low gathering and no scattering and not looking great at 1080p]]
[2021.06.05-08.23.18:881][  0]LogConfig: Setting CVar [[r.DOF.Kernel.MaxBackgroundRadius:0.006   ; required because low gathering and no scattering and not looking great at 1080p]]
[2021.06.05-08.23.18:881][  0]LogConfig: Applying CVar settings from Section [TextureQuality@1] File [E:/Unreal Projects/SilentMilk/Saved/Config/Windows/Scalability.ini]
[2021.06.05-08.23.18:881][  0]LogConfig: Setting CVar [[r.Streaming.MipBias:1]]
[2021.06.05-08.23.18:881][  0]LogConfig: Setting CVar [[r.Streaming.AmortizeCPUToGPUCopy:0]]
[2021.06.05-08.23.18:881][  0]LogConfig: Setting CVar [[r.Streaming.MaxNumTexturesToStreamPerFrame:0]]
[2021.06.05-08.23.18:881][  0]LogConfig: Setting CVar [[r.Streaming.Boost:1]]
[2021.06.05-08.23.18:881][  0]LogConfig: Setting CVar [[r.MaxAnisotropy:2]]
[2021.06.05-08.23.18:881][  0]LogConfig: Setting CVar [[r.VT.MaxAnisotropy:4]]
[2021.06.05-08.23.18:881][  0]LogConfig: Setting CVar [[r.Streaming.LimitPoolSizeToVRAM:1]]
[2021.06.05-08.23.18:881][  0]LogConfig: Setting CVar [[r.Streaming.PoolSize:600]]
[2021.06.05-08.23.18:881][  0]LogConfig: Setting CVar [[r.Streaming.MaxEffectiveScreenSize:0]]
[2021.06.05-08.23.18:881][  0]LogConfig: Applying CVar settings from Section [EffectsQuality@1] File [E:/Unreal Projects/SilentMilk/Saved/Config/Windows/Scalability.ini]
[2021.06.05-08.23.18:881][  0]LogConfig: Setting CVar [[r.TranslucencyLightingVolumeDim:32]]
[2021.06.05-08.23.18:881][  0]LogConfig: Setting CVar [[r.RefractionQuality:0]]
[2021.06.05-08.23.18:881][  0]LogConfig: Setting CVar [[r.SSR.Quality:0]]
[2021.06.05-08.23.18:881][  0]LogConfig: Setting CVar [[r.SSR.HalfResSceneColor:1]]
[2021.06.05-08.23.18:881][  0]LogConfig: Setting CVar [[r.SceneColorFormat:3]]
[2021.06.05-08.23.18:881][  0]LogConfig: Setting CVar [[r.DetailMode:1]]
[2021.06.05-08.23.18:881][  0]LogConfig: Setting CVar [[r.TranslucencyVolumeBlur:0]]
[2021.06.05-08.23.18:881][  0]LogConfig: Setting CVar [[r.MaterialQualityLevel:2 ; Medium quality]]
[2021.06.05-08.23.18:881][  0]LogConfig: Setting CVar [[r.SSS.Scale:0.75]]
[2021.06.05-08.23.18:881][  0]LogConfig: Setting CVar [[r.SSS.SampleSet:0]]
[2021.06.05-08.23.18:882][  0]LogConfig: Setting CVar [[r.SSS.Quality:0]]
[2021.06.05-08.23.18:882][  0]LogConfig: Setting CVar [[r.SSS.HalfRes:1]]
[2021.06.05-08.23.18:882][  0]LogConfig: Setting CVar [[r.SSGI.Quality:1]]
[2021.06.05-08.23.18:882][  0]LogConfig: Setting CVar [[r.EmitterSpawnRateScale:0.25]]
[2021.06.05-08.23.18:882][  0]LogConfig: Setting CVar [[r.ParticleLightQuality:0]]
[2021.06.05-08.23.18:882][  0]LogConfig: Setting CVar [[r.SkyAtmosphere.AerialPerspectiveLUT.FastApplyOnOpaque:1 ; Always have FastSkyLUT 1 in this case to avoid wrong sky]]
[2021.06.05-08.23.18:882][  0]LogConfig: Setting CVar [[r.SkyAtmosphere.AerialPerspectiveLUT.SampleCountPerSlice:1]]
[2021.06.05-08.23.18:882][  0]LogConfig: Setting CVar [[r.SkyAtmosphere.AerialPerspectiveLUT.DepthResolution:16.0]]
[2021.06.05-08.23.18:882][  0]LogConfig: Setting CVar [[r.SkyAtmosphere.FastSkyLUT:1]]
[2021.06.05-08.23.18:882][  0]LogConfig: Setting CVar [[r.SkyAtmosphere.FastSkyLUT.SampleCountMin:4.0]]
[2021.06.05-08.23.18:882][  0]LogConfig: Setting CVar [[r.SkyAtmosphere.FastSkyLUT.SampleCountMax:32.0]]
[2021.06.05-08.23.18:882][  0]LogConfig: Setting CVar [[r.SkyAtmosphere.SampleCountMin:4.0]]
[2021.06.05-08.23.18:882][  0]LogConfig: Setting CVar [[r.SkyAtmosphere.SampleCountMax:32.0]]
[2021.06.05-08.23.18:882][  0]LogConfig: Setting CVar [[r.SkyAtmosphere.TransmittanceLUT.UseSmallFormat:0]]
[2021.06.05-08.23.18:882][  0]LogConfig: Setting CVar [[r.SkyAtmosphere.TransmittanceLUT.SampleCount:10.0]]
[2021.06.05-08.23.18:882][  0]LogConfig: Setting CVar [[r.SkyAtmosphere.MultiScatteringLUT.SampleCount:15.0]]
[2021.06.05-08.23.18:882][  0]LogConfig: Applying CVar settings from Section [FoliageQuality@1] File [E:/Unreal Projects/SilentMilk/Saved/Config/Windows/Scalability.ini]
[2021.06.05-08.23.18:882][  0]LogConfig: Setting CVar [[foliage.DensityScale:0.4]]
[2021.06.05-08.23.18:882][  0]LogConfig: Setting CVar [[grass.DensityScale:0.4]]
[2021.06.05-08.23.18:882][  0]LogConfig: Applying CVar settings from Section [ShadingQuality@1] File [E:/Unreal Projects/SilentMilk/Saved/Config/Windows/Scalability.ini]
[2021.06.05-08.23.18:882][  0]LogConfig: Setting CVar [[r.HairStrands.SkyLighting.SampleCount:16]]
[2021.06.05-08.23.18:882][  0]LogConfig: Setting CVar [[r.HairStrands.SkyLighting.JitterIntegration:0]]
[2021.06.05-08.23.18:882][  0]LogConfig: Setting CVar [[r.HairStrands.SkyAO.SampleCount:16]]
[2021.06.05-08.23.18:882][  0]LogConfig: Setting CVar [[r.HairStrands.DeepShadow.SuperSampling:0]]
[2021.06.05-08.23.18:882][  0]LogConfig: Setting CVar [[r.HairStrands.VisibilityPPLL:0]]
[2021.06.05-08.23.18:882][  0]LogConfig: Setting CVar [[r.HairStrands.RasterizationScale:0.5]]
[2021.06.05-08.23.18:882][  0]LogConfig: Setting CVar [[r.HairStrands.VelocityRasterizationScale:1]]
[2021.06.05-08.23.18:882][  0]LogConfig: Applying CVar settings from Section [Startup] File [../../../Engine/Config/ConsoleVariables.ini]
[2021.06.05-08.23.18:882][  0]LogConfig: Setting CVar [[net.UseAdaptiveNetUpdateFrequency:0]]
[2021.06.05-08.23.18:882][  0]LogConfig: Setting CVar [[p.chaos.AllowCreatePhysxBodies:1]]
[2021.06.05-08.23.18:882][  0]LogConfig: Setting CVar [[fx.SkipVectorVMBackendOptimizations:1]]
[2021.06.05-08.23.18:882][  0]LogConfig: Applying CVar settings from Section [ConsoleVariables] File [E:/Unreal Projects/SilentMilk/Saved/Config/Windows/Engine.ini]
[2021.06.05-08.23.18:882][  0]LogInit: Computer: JUANBACON-ESC
[2021.06.05-08.23.18:882][  0]LogInit: User: Windows10
[2021.06.05-08.23.18:882][  0]LogInit: CPU Page size=4096, Cores=4
[2021.06.05-08.23.18:882][  0]LogInit: High frequency timer resolution =10.000000 MHz
[2021.06.05-08.23.18:883][  0]LogMemory: Memory total: Physical=5.9GB (6GB approx)
[2021.06.05-08.23.18:883][  0]LogMemory: Platform Memory Stats for Windows
[2021.06.05-08.23.18:883][  0]LogMemory: Process Physical Memory: 115.99 MB used, 115.99 MB peak
[2021.06.05-08.23.18:883][  0]LogMemory: Process Virtual Memory: 96.18 MB used, 96.18 MB peak
[2021.06.05-08.23.18:883][  0]LogMemory: Physical Memory: 3992.72 MB used,  2080.03 MB free, 6072.75 MB total
[2021.06.05-08.23.18:883][  0]LogMemory: Virtual Memory: 5144.86 MB used,  134212584.00 MB free, 134217728.00 MB total
[2021.06.05-08.23.18:890][  0]LogWindows: WindowsPlatformFeatures enabled
[2021.06.05-08.23.19:143][  0]LogInit: Physics initialised using underlying interface: PhysX
[2021.06.05-08.23.19:152][  0]LogInit: Overriding language with editor language configuration option (en).
[2021.06.05-08.23.19:152][  0]LogInit: Overriding locale with editor locale configuration option (en).
[2021.06.05-08.23.19:892][  0]LogInit: Setting process to per monitor DPI aware
[2021.06.05-08.23.20:086][  0]LogSlate: New Slate User Created.  User Index 0, Is Virtual User: 0
[2021.06.05-08.23.20:086][  0]LogSlate: Slate User Registered.  User Index 0, Is Virtual User: 0
[2021.06.05-08.23.22:438][  0]LogHMD: Failed to initialize OpenVR with code 110
[2021.06.05-08.23.22:438][  0]LogD3D11RHI: D3D11 min allowed feature level: 11_0
[2021.06.05-08.23.22:438][  0]LogD3D11RHI: D3D11 max allowed feature level: 11_0
[2021.06.05-08.23.22:438][  0]LogD3D11RHI: D3D11 adapters:
[2021.06.05-08.23.22:495][  0]LogD3D11RHI:    0. 'AMD Radeon(TM) RX Vega 11 Graphics' (Feature Level 11_0)
[2021.06.05-08.23.22:495][  0]LogD3D11RHI:       2033/0/3036 MB DedicatedVideo/DedicatedSystem/SharedSystem, Outputs:1, VendorId:0x1002
[2021.06.05-08.23.22:500][  0]LogD3D11RHI:    1. 'Microsoft Basic Render Driver' (Feature Level 11_0)
[2021.06.05-08.23.22:500][  0]LogD3D11RHI:       0/0/3036 MB DedicatedVideo/DedicatedSystem/SharedSystem, Outputs:0, VendorId:0x1414
[2021.06.05-08.23.22:500][  0]LogD3D11RHI: Chosen D3D11 Adapter: 0
[2021.06.05-08.23.22:507][  0]LogD3D11RHI: Creating new Direct3DDevice
[2021.06.05-08.23.22:507][  0]LogD3D11RHI:     GPU DeviceId: 0x15d8 (for the marketing name, search the web for "GPU Device Id")
[2021.06.05-08.23.22:507][  0]LogWindows: EnumDisplayDevices:
[2021.06.05-08.23.22:508][  0]LogWindows:    0. 'AMD 15D8:C8' (P:1 D:1)
[2021.06.05-08.23.22:508][  0]LogWindows:    1. 'AMD 15D8:C8' (P:0 D:0)
[2021.06.05-08.23.22:508][  0]LogWindows:    2. 'AMD 15D8:C8' (P:0 D:0)
[2021.06.05-08.23.22:509][  0]LogWindows:    3. 'AMD 15D8:C8' (P:0 D:0)
[2021.06.05-08.23.22:509][  0]LogWindows:    4. 'AMD 15D8:C8' (P:0 D:0)
[2021.06.05-08.23.22:510][  0]LogWindows:    5. 'AMD 15D8:C8' (P:0 D:0)
[2021.06.05-08.23.22:510][  0]LogWindows: DebugString: PrimaryIsNotTheChoosenAdapter PrimaryIsNotTheChoosenAdapter PrimaryIsNotTheChoosenAdapter PrimaryIsNotTheChoosenAdapter PrimaryIsNotTheChoosenAdapter PrimaryIsNotTheChoosenAdapter FoundDriverCount:0 
[2021.06.05-08.23.22:510][  0]LogD3D11RHI:     Adapter Name: AMD Radeon(TM) RX Vega 11 Graphics
[2021.06.05-08.23.22:510][  0]LogD3D11RHI:   Driver Version: Unknown (internal:Unknown, unified:Unknown)
[2021.06.05-08.23.22:510][  0]LogD3D11RHI:      Driver Date: Unknown
[2021.06.05-08.23.22:510][  0]LogRHI: Texture pool is 3193 MB (70% of 4562 MB)
[2021.06.05-08.23.22:611][  0]LogD3D11RHI: RHI has support for 64 bit atomics
[2021.06.05-08.23.22:611][  0]LogD3D11RHI: Async texture creation enabled
[2021.06.05-08.23.22:611][  0]LogD3D11RHI: Array index from any shader is supported
[2021.06.05-08.23.22:624][  0]LogD3D11RHI: GPU Timing Frequency: 25.000000 (Debug: 2 1)
[2021.06.05-08.23.23:612][  0]LogTargetPlatformManager: Display: Loaded TargetPlatform 'AllDesktop'
[2021.06.05-08.23.23:644][  0]LogTargetPlatformManager: Display: Loaded TargetPlatform 'Android'
[2021.06.05-08.23.23:644][  0]LogTargetPlatformManager: Display: Loaded TargetPlatform 'Android_ASTC'
[2021.06.05-08.23.23:644][  0]LogTargetPlatformManager: Display: Loaded TargetPlatform 'Android_DXT'
[2021.06.05-08.23.23:644][  0]LogTargetPlatformManager: Display: Loaded TargetPlatform 'Android_ETC2'
[2021.06.05-08.23.23:644][  0]LogTargetPlatformManager: Display: Loaded TargetPlatform 'AndroidClient'
[2021.06.05-08.23.23:644][  0]LogTargetPlatformManager: Display: Loaded TargetPlatform 'Android_ASTCClient'
[2021.06.05-08.23.23:644][  0]LogTargetPlatformManager: Display: Loaded TargetPlatform 'Android_DXTClient'
[2021.06.05-08.23.23:644][  0]LogTargetPlatformManager: Display: Loaded TargetPlatform 'Android_ETC2Client'
[2021.06.05-08.23.23:644][  0]LogTargetPlatformManager: Display: Loaded TargetPlatform 'Android_Multi'
[2021.06.05-08.23.23:644][  0]LogTargetPlatformManager: Display: Loaded TargetPlatform 'Android_MultiClient'
[2021.06.05-08.23.23:765][  0]LogTargetPlatformManager: Display: Loaded TargetPlatform 'IOSClient'
[2021.06.05-08.23.23:765][  0]LogTargetPlatformManager: Display: Loaded TargetPlatform 'IOS'
[2021.06.05-08.23.23:817][  0]LogTargetPlatformManager: Display: Loaded TargetPlatform 'Linux'
[2021.06.05-08.23.23:845][  0]LogTargetPlatformManager: Display: Loaded TargetPlatform 'LinuxNoEditor'
[2021.06.05-08.23.23:865][  0]LogTargetPlatformManager: Display: Loaded TargetPlatform 'LinuxClient'
[2021.06.05-08.23.23:883][  0]LogTargetPlatformManager: Display: Loaded TargetPlatform 'LinuxServer'
[2021.06.05-08.23.23:938][  0]LogTargetPlatformManager: Display: Loaded TargetPlatform 'LinuxAArch64NoEditor'
[2021.06.05-08.23.23:952][  0]LogTargetPlatformManager: Display: Loaded TargetPlatform 'LinuxAArch64Client'
[2021.06.05-08.23.23:966][  0]LogTargetPlatformManager: Display: Loaded TargetPlatform 'LinuxAArch64Server'
[2021.06.05-08.23.24:009][  0]LogTargetPlatformManager: Display: Loaded TargetPlatform 'Lumin'
[2021.06.05-08.23.24:009][  0]LogTargetPlatformManager: Display: Loaded TargetPlatform 'LuminClient'
[2021.06.05-08.23.24:045][  0]LogTargetPlatformManager: Display: Loaded TargetPlatform 'TVOSClient'
[2021.06.05-08.23.24:045][  0]LogTargetPlatformManager: Display: Loaded TargetPlatform 'TVOS'
[2021.06.05-08.23.24:073][  0]LogTargetPlatformManager: Display: Loaded TargetPlatform 'WindowsNoEditor'
[2021.06.05-08.23.24:093][  0]LogTargetPlatformManager: Display: Loaded TargetPlatform 'Windows'
[2021.06.05-08.23.24:110][  0]LogTargetPlatformManager: Display: Loaded TargetPlatform 'WindowsClient'
[2021.06.05-08.23.24:121][  0]LogTargetPlatformManager: Display: Loaded TargetPlatform 'WindowsServer'
[2021.06.05-08.23.24:122][  0]LogTargetPlatformManager: Display: Building Assets For Windows
[2021.06.05-08.23.24:231][  0]LogAudioDebug: Display: Lib vorbis DLL was dynamically loaded.
[2021.06.05-08.23.24:616][  0]LogShaderCompilers: Guid format shader working directory is 7 characters bigger than the processId version (../../../../../../Unreal Projects/SilentMilk/Intermediate/Shaders/WorkingDirectory/7752/).
[2021.06.05-08.23.24:616][  0]LogShaderCompilers: Cleaned the shader compiler working directory 'C:/Users/Windows 10/AppData/Local/Temp/UnrealShaderWorkingDir/A2CF7BAC4F75B5034DF11DBFA069B341/'.
[2021.06.05-08.23.24:629][  0]LogXGEController: Cleaning working directory: C:/Users/Windows 10/AppData/Local/Temp/UnrealXGEWorkingDir/
[2021.06.05-08.23.24:630][  0]LogXGEController: Cannot use XGE Controller as Incredibuild is not installed on this machine.
[2021.06.05-08.23.24:630][  0]LogShaderCompilers: Cannot use XGE Shader Compiler as Incredibuild is not installed on this machine.
[2021.06.05-08.23.24:630][  0]LogShaderCompilers: Display: Using Local Shader Compiler.
[2021.06.05-08.23.26:365][  0]LogDerivedDataCache: Display: Max Cache Size: 512 MB
[2021.06.05-08.23.26:466][  0]LogDerivedDataCache: Loaded boot cache 0.10s 76MB C:/Users/Windows 10/AppData/Local/UnrealEngine/4.25/DerivedDataCache/Boot.ddc.
[2021.06.05-08.23.26:466][  0]LogDerivedDataCache: Display: Loaded Boot cache: C:/Users/Windows 10/AppData/Local/UnrealEngine/4.25/DerivedDataCache/Boot.ddc
[2021.06.05-08.23.26:466][  0]LogDerivedDataCache: FDerivedDataBackendGraph:  Pak pak cache file ../../../../../../Unreal Projects/SilentMilk/DerivedDataCache/DDC.ddp not found, will not use a pak cache.
[2021.06.05-08.23.26:466][  0]LogDerivedDataCache: Unable to find inner node Pak for hierarchical cache Hierarchy.
[2021.06.05-08.23.26:466][  0]LogDerivedDataCache: FDerivedDataBackendGraph:  CompressedPak pak cache file ../../../../../../Unreal Projects/SilentMilk/DerivedDataCache/Compressed.ddp not found, will not use a pak cache.
[2021.06.05-08.23.26:466][  0]LogDerivedDataCache: Unable to find inner node CompressedPak for hierarchical cache Hierarchy.
[2021.06.05-08.23.26:477][  0]LogDerivedDataCache: Display: Pak cache opened for reading ../../../Engine/DerivedDataCache/Compressed.ddp.
[2021.06.05-08.23.26:477][  0]LogDerivedDataCache: FDerivedDataBackendGraph:  EnterprisePak pak cache file ../../../Enterprise/DerivedDataCache/Compressed.ddp not found, will not use a pak cache.
[2021.06.05-08.23.26:477][  0]LogDerivedDataCache: Unable to find inner node EnterprisePak for hierarchical cache Hierarchy.
[2021.06.05-08.23.26:479][  0]LogDerivedDataCache: Using Local data cache path C:/Users/Windows 10/AppData/Local/UnrealEngine/Common/DerivedDataCache: Writable
[2021.06.05-08.23.26:479][  0]LogDerivedDataCache: Shared data cache path not found in *engine.ini, will not use an Shared cache.
[2021.06.05-08.23.26:479][  0]LogDerivedDataCache: Unable to find inner node Shared for hierarchical cache Hierarchy.
[2021.06.05-08.23.26:530][  0]LogSlate: Using FreeType 2.10.0
[2021.06.05-08.23.26:590][  0]LogSlate: SlateFontServices - WITH_FREETYPE: 1, WITH_HARFBUZZ: 1
[2021.06.05-08.23.26:675][  0]LogAssetRegistry: FAssetRegistry took 0.0034 seconds to start up
[2021.06.05-08.23.26:975][  0]LogInit: Selected Device Profile: [Windows]
[2021.06.05-08.23.27:275][  0]LogMeshReduction: Using QuadricMeshReduction for automatic static mesh reduction
[2021.06.05-08.23.27:275][  0]LogMeshReduction: Using SimplygonMeshReduction for automatic skeletal mesh reduction
[2021.06.05-08.23.27:275][  0]LogMeshReduction: Using ProxyLODMeshReduction for automatic mesh merging
[2021.06.05-08.23.27:275][  0]LogMeshReduction: No distributed automatic mesh merging module available
[2021.06.05-08.23.27:275][  0]LogMeshMerging: No distributed automatic mesh merging module available
[2021.06.05-08.23.27:308][  0]LogNetVersion: SilentMilk 1.0.0, NetCL: 13144385, EngineNetVer: 14, GameNetVer: 0 (Checksum: 3584156202)
[2021.06.05-08.23.28:015][  0]LogAISub: UAISubsystem::UAISubsystem AISubsystem (0000023BBFE7C100), frame # 0
[2021.06.05-08.23.28:015][  0]LogAISub: UAISubsystem::UAISubsystem AIPerceptionSystem (0000023BBFDABC40), frame # 0
[2021.06.05-08.23.28:017][  0]LogAISub: UAISubsystem::UAISubsystem EnvQueryManager (0000023BBFE30800), frame # 0
[2021.06.05-08.23.28:110][  0]LogPackageLocalizationCache: Processed 19 localized package path(s) for 1 prioritized culture(s) in 0.086113 seconds
[2021.06.05-08.23.28:116][  0]LogUObjectArray: 15917 objects as part of root set at end of initial load.
[2021.06.05-08.23.28:116][  0]LogUObjectAllocator: 3965568 out of 0 bytes used by permanent object pool.
[2021.06.05-08.23.28:116][  0]LogUObjectArray: CloseDisregardForGC: 0/0 objects in disregard for GC pool
[2021.06.05-08.23.29:886][  0]LogTcpMessaging: Initializing TcpMessaging bridge
[2021.06.05-08.23.29:906][  0]LogUdpMessaging: Initializing bridge on interface 0.0.0.0:0 to multicast group 230.0.0.1:6666.
[2021.06.05-08.23.30:374][  0]SourceControl: Source control is disabled
[2021.06.05-08.23.30:374][  0]SourceControl: Source control is disabled
[2021.06.05-08.23.30:405][  0]SourceControl: Source control is disabled
[2021.06.05-08.23.30:420][  0]SourceControl: Source control is disabled
[2021.06.05-08.23.30:454][  0]SourceControl: Source control is disabled
[2021.06.05-08.23.31:537][  0]LogAndroidPermission: UAndroidPermissionCallbackProxy::GetInstance
[2021.06.05-08.23.31:669][  0]LogAudioCaptureCore: Display: No Audio Capture implementations found. Audio input will be silent.
[2021.06.05-08.23.31:669][  0]LogAudioCaptureCore: Display: No Audio Capture implementations found. Audio input will be silent.
[2021.06.05-08.23.31:941][  0]LogOcInput: OculusInput pre-init called
[2021.06.05-08.23.32:006][  0]LogWindows: Failed to load 'OVRPlugin.dll' (GetLastError=126)
[2021.06.05-08.23.32:006][  0]LogWindows: File 'OVRPlugin.dll' does not exist
[2021.06.05-08.23.32:212][  0]LogEngine: Initializing Engine...
[2021.06.05-08.23.32:215][  0]LogHMD: Failed to initialize OpenVR with code 110
[2021.06.05-08.23.32:215][  0]LogMagicLeap: Warning: VR disabled because ZI is not enabled.  To enable, in the editor, Edit -> Project Settings -> Plugins -> Magic Leap Plugin -> Enable Zero Iteration
[2021.06.05-08.23.32:217][  0]LogStats: UGameplayTagsManager::InitializeManager -  0.000 s
[2021.06.05-08.23.32:395][  0]LogInit: Initializing FReadOnlyCVARCache
[2021.06.05-08.23.32:429][  0]LogAIModule: Creating AISystem for world Untitled
[2021.06.05-08.23.32:429][  0]LogAISub: UAISubsystem::UAISubsystem EnvQueryManager (0000023BC4EADC00), frame # 0
[2021.06.05-08.23.32:429][  0]LogAISub: UAISubsystem::UAISubsystem AIPerceptionSystem (0000023BC4EFCB80), frame # 0
[2021.06.05-08.23.32:447][  0]LogAudioMixer: Display: Audio Mixer Platform Settings:
[2021.06.05-08.23.32:447][  0]LogAudioMixer: Display: 	Sample Rate:						  48000
[2021.06.05-08.23.32:447][  0]LogAudioMixer: Display: 	Callback Buffer Frame Size Requested: 1024
[2021.06.05-08.23.32:447][  0]LogAudioMixer: Display: 	Callback Buffer Frame Size To Use:	  1024
[2021.06.05-08.23.32:447][  0]LogAudioMixer: Display: 	Number of buffers to queue:			  2
[2021.06.05-08.23.32:447][  0]LogAudioMixer: Display: 	Max Channels (voices):				  32
[2021.06.05-08.23.32:447][  0]LogAudioMixer: Display: 	Number of Async Source Workers:		  0
[2021.06.05-08.23.32:447][  0]LogAudio: Display: AudioDevice MaxSources: 32
[2021.06.05-08.23.32:447][  0]LogAudio: Display: Using built-in audio occlusion.
[2021.06.05-08.23.32:447][  0]LogAudioMixer: Display: Initializing audio mixer.
[2021.06.05-08.23.32:468][  0]LogAudioMixer: Display: 0: FrontLeft
[2021.06.05-08.23.32:469][  0]LogAudioMixer: Display: 1: FrontRight
[2021.06.05-08.23.32:506][  0]LogAudioMixer: Display: Using Audio Device Altavoces (High Definition Audio Device)
[2021.06.05-08.23.32:510][  0]LogAudioMixer: Display: Initializing Sound Submixes...
[2021.06.05-08.23.32:513][  0]LogAudioMixer: Display: Creating Master Submix 'MasterSubmixDefault'
[2021.06.05-08.23.32:513][  0]LogAudioMixer: Display: Creating Master Submix 'MasterReverbSubmixDefault'
[2021.06.05-08.23.32:514][  0]LogAudioMixer: Display: Creating Master Submix 'MasterEQSubmixDefault'
[2021.06.05-08.23.32:516][  0]LogInit: FAudioDevice initialized.
[2021.06.05-08.23.32:516][  0]LogNetVersion: Set ProjectVersion to 1.0.0.0. Version Checksum will be recalculated on next use.
[2021.06.05-08.23.33:761][  0]LogDerivedDataCache: Saved boot cache 1.25s 76MB C:/Users/Windows 10/AppData/Local/UnrealEngine/4.25/DerivedDataCache/Boot.ddc.
[2021.06.05-08.23.33:762][  0]LogInit: Texture streaming: Enabled
[2021.06.05-08.23.33:926][  0]LogEngineSessionManager: EngineSessionManager initialized
[2021.06.05-08.23.33:926][  0]LogEditorSessionSummary: Verbose: Initializing EditorSessionSummaryWriter for editor session tracking
[2021.06.05-08.23.33:929][  0]LogEditorSessionSummary: EditorSessionSummaryWriter initialized
[2021.06.05-08.23.34:086][  0]LogInit: Transaction tracking system initialized
[2021.06.05-08.23.34:150][  0]BlueprintLog: New page: Editor Load
[2021.06.05-08.23.34:259][  0]LocalizationService: Localization service is disabled
[2021.06.05-08.23.34:767][  0]LogCook: Display: Max memory allowance for cook 16384mb min free memory 0mb
[2021.06.05-08.23.34:767][  0]LogCook: Display: Mobile HDR setting 1
[2021.06.05-08.23.34:998][  0]LogFileCache: Scanning file cache for directory 'E:/Unreal Projects/SilentMilk/Content/' took 0.01s
[2021.06.05-08.23.35:300][  0]SourceControl: Source control is disabled
[2021.06.05-08.23.35:300][  0]LogUnrealEdMisc: Loading editor; pre map load, took 26.709
[2021.06.05-08.23.35:300][  0]Cmd: MAP LOAD FILE="../../../../../../Unreal Projects/SilentMilk/Content/SilentMilk/Niveles/Nivel1.umap" TEMPLATE=0 SHOWPROGRESS=1 FEATURELEVEL=3
[2021.06.05-08.23.35:300][  0]LogEditorServer: Warning: Can't find file '../../../../../../Unreal Projects/SilentMilk/Content/SilentMilk/Niveles/Nivel1.umap'
[2021.06.05-08.23.35:300][  0]Cmd: MAP CHECKDEP NOCLEARLOG
[2021.06.05-08.23.35:301][  0]MapCheck: Map check complete: 0 Error(s), 0 Warning(s), took 0.13ms to complete.
[2021.06.05-08.23.35:301][  0]LogFileHelpers: Loading map 'Nivel1' took 0.001
[2021.06.05-08.23.35:302][  0]LogUnrealEdMisc: Total Editor Startup Time, took 26.711
[2021.06.05-08.23.35:457][  0]LogSlate: Updating window title bar state: overlay mode, drag disabled, window buttons hidden, title bar hidden
[2021.06.05-08.23.35:466][  0]LogSlate: Updating window title bar state: overlay mode, drag disabled, window buttons hidden, title bar hidden
[2021.06.05-08.23.35:477][  0]LogSlate: Updating window title bar state: overlay mode, drag disabled, window buttons hidden, title bar hidden
[2021.06.05-08.23.35:485][  0]LogSlate: Updating window title bar state: overlay mode, drag disabled, window buttons hidden, title bar hidden
[2021.06.05-08.23.35:561][  0]LogCollectionManager: Loaded 0 collections in 0.001210 seconds
[2021.06.05-08.23.35:583][  0]LogFileCache: Scanning file cache for directory 'E:/Unreal Projects/SilentMilk/Saved/Collections/' took 0.00s
[2021.06.05-08.23.35:583][  0]LogFileCache: Scanning file cache for directory 'E:/Unreal Projects/SilentMilk/Content/Developers/Windows10/Collections/' took 0.00s
[2021.06.05-08.23.35:583][  0]LogFileCache: Scanning file cache for directory 'E:/Unreal Projects/SilentMilk/Content/Collections/' took 0.00s
[2021.06.05-08.23.35:583][  0]LogContentBrowser: Native class hierarchy populated in 0.0139 seconds. Added 3427 classes and 821 folders.
[2021.06.05-08.23.35:589][  0]LogContentBrowser: Native class hierarchy updated for 'WidgetCarousel' in 0.0006 seconds. Added 0 classes and 0 folders.
[2021.06.05-08.23.35:717][  0]LogContentBrowser: Native class hierarchy updated for 'AddContentDialog' in 0.0005 seconds. Added 0 classes and 0 folders.
[2021.06.05-08.23.35:749][  0]LogSlate: Took 0.000477 seconds to synchronously load lazily loaded font '../../../Engine/Content/Slate/Fonts/Roboto-Regular.ttf' (155K)
[2021.06.05-08.23.35:753][  0]LogSlate: Took 0.000255 seconds to synchronously load lazily loaded font '../../../Engine/Content/Slate/Fonts/Roboto-Bold.ttf' (160K)
[2021.06.05-08.23.35:756][  0]LogSlate: Took 0.000238 seconds to synchronously load lazily loaded font '../../../Engine/Content/Editor/Slate/Fonts/FontAwesome.ttf' (139K)
[2021.06.05-08.23.35:801][  0]LogRenderer: Reallocating scene render targets to support 1060x392 Format 9 NumSamples 1 (Frame:1).
[2021.06.05-08.23.35:978][  0]LogContentBrowser: Native class hierarchy updated for 'HierarchicalLODOutliner' in 0.0005 seconds. Added 0 classes and 0 folders.
[2021.06.05-08.23.35:978][  0]LogLoad: (Engine Initialization) Total time: 27.39 seconds
[2021.06.05-08.23.35:978][  0]LogLoad: (Engine Initialization) Total Blueprint compile time: 0.00 seconds
[2021.06.05-08.23.36:033][  0]LogAssetRegistry: Asset discovery search completed in 9.3587 seconds
[2021.06.05-08.23.36:038][  0]LogCollectionManager: Fixed up redirectors for 0 collections in 0.000002 seconds (updated 0 objects)
[2021.06.05-08.23.36:039][  0]LogContentStreaming: Texture pool size now 600 MB
[2021.06.05-08.23.36:076][  0]LogSlate: Took 0.000268 seconds to synchronously load lazily loaded font '../../../Engine/Content/Slate/Fonts/Roboto-Light.ttf' (167K)
[2021.06.05-08.23.37:329][  4]LogSlate: Took 0.000321 seconds to synchronously load lazily loaded font '../../../Engine/Content/Slate/Fonts/Roboto-Light.ttf' (167K)
[2021.06.05-08.28.57:668][431]LogAssetEditorSubsystem: Opening Asset editor for World /Game/Niveles/Nivel1.Nivel1
[2021.06.05-08.28.57:681][431]LogUObjectHash: Compacting FUObjectHashTables data took   0.83ms
[2021.06.05-08.28.57:683][431]Cmd: MAP LOAD FILE="../../../../../../Unreal Projects/SilentMilk/Content/Niveles/Nivel1.umap" TEMPLATE=0 SHOWPROGRESS=1 FEATURELEVEL=3
[2021.06.05-08.28.57:683][431]LightingResults: New page: Lighting Build
[2021.06.05-08.28.57:684][431]LogContentBrowser: Native class hierarchy updated for 'StatsViewer' in 0.0004 seconds. Added 6 classes and 0 folders.
[2021.06.05-08.28.57:684][431]LoadErrors: New page: Loading map: Nivel1.umap
[2021.06.05-08.28.57:707][431]LogWorld: UWorld::CleanupWorld for Untitled, bSessionEnded=true, bCleanupResources=true
[2021.06.05-08.28.57:707][431]LogSlate: InvalidateAllWidgets triggered.  All widgets were invalidated
[2021.06.05-08.28.57:707][431]MapCheck: New page: Map Check
[2021.06.05-08.28.57:707][431]LightingResults: New page: Lighting Build
[2021.06.05-08.28.57:728][431]LogAISub: UAISubsystem::~UAISubsystem EnvQueryManager (0000023BC4EADC00), frame # 1431
[2021.06.05-08.28.57:728][431]LogAISub: UAISubsystem::~UAISubsystem AIPerceptionSystem (0000023BC4EFCB80), frame # 1431
[2021.06.05-08.28.57:728][431]LogUObjectHash: Compacting FUObjectHashTables data took   0.63ms
[2021.06.05-08.28.57:867][431]LogEditorServer: Finished looking for orphan Actors (0.000 secs)
[2021.06.05-08.28.57:867][431]LogAIModule: Creating AISystem for world Nivel1
[2021.06.05-08.28.57:867][431]LogAISub: UAISubsystem::UAISubsystem EnvQueryManager (0000023BE6C08800), frame # 1431
[2021.06.05-08.28.57:867][431]LogAISub: UAISubsystem::UAISubsystem AIPerceptionSystem (0000023BD3196340), frame # 1431
[2021.06.05-08.28.57:898][431]LogUObjectHash: Compacting FUObjectHashTables data took   0.62ms
[2021.06.05-08.28.57:925][431]Cmd: MAP CHECKDEP NOCLEARLOG
[2021.06.05-08.28.57:925][431]MapCheck: Map check complete: 0 Error(s), 0 Warning(s), took 0.113ms to complete.
[2021.06.05-08.28.57:925][431]LogFileHelpers: Loading map 'Nivel1' took 0.242
[2021.06.05-08.29.01:825][668]LogFactory: FactoryCreateFile: StaticMesh with FbxFactory (0 0 E:\Juan Diego Informacion\Universidad\8 Octavo Semestre\Videojuegos 3D\Silent Milk\Assets\Kiran.FBX)
[2021.06.05-08.29.01:845][668]LogFbx: Loading FBX Scene from E:\Juan Diego Informacion\Universidad\8 Octavo Semestre\Videojuegos 3D\Silent Milk\Assets\Kiran.FBX
[2021.06.05-08.29.01:904][668]LogFbx: FBX Scene Loaded Succesfully
[2021.06.05-08.29.07:794][668]LogSlate: Window 'FBX Import Options' being destroyed
[2021.06.05-08.29.07:829][668]LogFbx: Warning: Not valid bind pose for Pose (SK_Mannequin.003) - Node SK_Mannequin.001 : The relative matrices do not match
[2021.06.05-08.29.07:829][668]LogFbx: Warning: Getting valid bind pose failed. Try to recreate bind pose
[2021.06.05-08.29.07:831][668]LogFbx: Valid bind pose for Pose (FbxSDKBindPose) - SK_Mannequin.001
[2021.06.05-08.29.07:831][668]LogFbx: Warning: Recreating bind pose succeeded.
[2021.06.05-08.29.08:048][668]LogMaterial: Display: Material /Game/Mannequin/Character/Kiran/M_UE4Man_Body_003.M_UE4Man_Body_003 needed to have new flag set bUsedWithSkeletalMesh !
[2021.06.05-08.29.08:050][668]LogMaterial: Display: Missing cached shader map for material M_UE4Man_Body_003, compiling. 
[2021.06.05-08.29.08:115][668]LogMaterial: Display: Missing cached shader map for material M_UE4Man_Body_003, compiling. 
[2021.06.05-08.29.08:141][668]LogShaderCompilers: Display: Worker (1/5): shaders left to compile 39
[2021.06.05-08.29.08:142][668]LogShaderCompilers: Display: Worker (2/5): shaders left to compile 29
[2021.06.05-08.29.08:142][668]LogShaderCompilers: Display: Worker (3/5): shaders left to compile 19
[2021.06.05-08.29.08:142][668]LogShaderCompilers: Display: Worker (4/5): shaders left to compile 9
[2021.06.05-08.29.08:142][668]LogMaterial: Display: Material /Game/Mannequin/Character/Kiran/M_UE4Man_ChestLogo_003.M_UE4Man_ChestLogo_003 needed to have new flag set bUsedWithSkeletalMesh !
[2021.06.05-08.29.08:149][668]LogMaterial: Display: Missing cached shader map for material M_UE4Man_ChestLogo_003, compiling. 
[2021.06.05-08.29.08:185][668]LogMaterial: Display: Missing cached shader map for material M_UE4Man_ChestLogo_003, compiling. 
[2021.06.05-08.29.08:346][668]LogFbx: Warning: Bones digested - 68  Depth of hierarchy - 12
[2021.06.05-08.29.10:240][668]LogSkeletalMesh: Section 0: 23274 vertices, 60 active bones
[2021.06.05-08.29.10:240][668]LogSkeletalMesh: Section 1: 36 vertices, 4 active bones
[2021.06.05-08.29.10:246][668]LogSkeletalMesh: Section 0: Material=0, 41004 triangles
[2021.06.05-08.29.10:246][668]LogSkeletalMesh: Section 1: Material=1, 48 triangles
[2021.06.05-08.29.10:255][668]LogSkeletalMesh: Building Skeletal Mesh Kiran...
[2021.06.05-08.29.11:933][668]LogSkeletalMesh: Section 0: 23274 vertices, 60 active bones
[2021.06.05-08.29.11:933][668]LogSkeletalMesh: Section 1: 36 vertices, 4 active bones
[2021.06.05-08.29.11:939][668]LogSkeletalMesh: Section 0: Material=0, 41004 triangles
[2021.06.05-08.29.11:939][668]LogSkeletalMesh: Section 1: Material=1, 48 triangles
[2021.06.05-08.29.12:134][668]LogSkeletalMesh: Built Skeletal Mesh [1.88s] /Game/Mannequin/Character/Kiran/Kiran.Kiran
[2021.06.05-08.29.12:167][668]LogWorld: UWorld::CleanupWorld for World_0, bSessionEnded=true, bCleanupResources=true
[2021.06.05-08.29.12:168][668]LogSlate: InvalidateAllWidgets triggered.  All widgets were invalidated
[2021.06.05-08.29.12:720][674]LogShaderCompilers: Display: Worker (4/5): shaders left to compile 39
[2021.06.05-08.29.12:757][675]LogShaderCompilers: Display: Worker (2/5): shaders left to compile 29
[2021.06.05-08.29.13:568][716]LogShaderCompilers: Display: Worker (1/5): shaders left to compile 21
[2021.06.05-08.29.13:789][723]LogShaderCompilers: Display: Worker (3/5): shaders left to compile 15
[2021.06.05-08.29.16:979][869]LogAssetEditorSubsystem: Opening Asset editor for Blueprint /Game/ThirdPersonBP/Blueprints/ThirdPersonCharacter.ThirdPersonCharacter
[2021.06.05-08.29.17:348][869]LogContentBrowser: Native class hierarchy updated for 'BlueprintGraph' in 0.0015 seconds. Added 125 classes and 0 folders.
[2021.06.05-08.29.18:955][869]LogShaderCompilers: Display: Worker (3/5): shaders left to compile 11
[2021.06.05-08.29.18:955][869]LogShaderCompilers: Display: Worker (1/5): shaders left to compile 8
[2021.06.05-08.29.18:955][869]LogShaderCompilers: Display: Worker (2/5): shaders left to compile 5
[2021.06.05-08.29.19:102][869]LogSlate: Took 0.000706 seconds to synchronously load lazily loaded font '../../../Engine/Content/Slate/Fonts/Roboto-BoldCondensed.ttf' (158K)
[2021.06.05-08.29.19:291][870]LogSlate: Took 0.000775 seconds to synchronously load lazily loaded font '../../../Engine/Content/Slate/Fonts/Roboto-Italic.ttf' (157K)
[2021.06.05-08.29.19:408][874]LogShaderCompilers: Display: Worker (2/5): shaders left to compile 3
[2021.06.05-08.29.19:626][885]LogShaderCompilers: Display: Worker (3/5): shaders left to compile 2
[2021.06.05-08.29.19:697][890]LogShaderCompilers: Display: Worker (2/5): shaders left to compile 1
[2021.06.05-08.29.20:867][962]LogRenderer: Reallocating scene render targets to support 1060x536 Format 9 NumSamples 1 (Frame:1).
[2021.06.05-08.29.25:794][292]BlueprintLog: New page: Compile ThirdPersonCharacter
[2021.06.05-08.29.25:868][292]LogUObjectHash: Compacting FUObjectHashTables data took   3.97ms
[2021.06.05-08.29.25:916][292]LogSlate: Took 0.000300 seconds to synchronously load lazily loaded font '../../../Engine/Content/Slate/Fonts/DroidSansMono.ttf' (77K)
[2021.06.05-08.29.27:674][446]LogTemp: Repeating last play command: New Editor Window (PIE)
[2021.06.05-08.29.27:690][446]LogPlayLevel: PlayLevel: No blueprints needed recompiling
[2021.06.05-08.29.27:690][446]PIE: New page: PIE session: Nivel1 (Jun 4, 2021, 10:29:27 PM)
[2021.06.05-08.29.27:691][446]LogOnline: OSS: Creating online subsystem instance for: NULL
[2021.06.05-08.29.27:693][446]LogOnline: OSS: TryLoadSubsystemAndSetDefault: Loaded subsystem for module [NULL]
[2021.06.05-08.29.27:693][446]LogPlayLevel: Creating play world package: /Game/Niveles/UEDPIE_0_Nivel1
[2021.06.05-08.29.27:703][446]LogPlayLevel: PIE: StaticDuplicateObject took: (0.010636s)
[2021.06.05-08.29.27:704][446]LogAIModule: Creating AISystem for world Nivel1
[2021.06.05-08.29.27:704][446]LogAISub: UAISubsystem::UAISubsystem EnvQueryManager (0000023C02971A00), frame # 2446
[2021.06.05-08.29.27:704][446]LogAISub: UAISubsystem::UAISubsystem AIPerceptionSystem (0000023B87DE4900), frame # 2446
[2021.06.05-08.29.27:705][446]LogPlayLevel: PIE: World Init took: (0.001179s)
[2021.06.05-08.29.27:705][446]LogPlayLevel: PIE: Created PIE world by copying editor world from /Game/Niveles/Nivel1.Nivel1 to /Game/Niveles/UEDPIE_0_Nivel1.Nivel1 (0.011979s)
[2021.06.05-08.29.27:723][446]LogUObjectHash: Compacting FUObjectHashTables data took   2.02ms
[2021.06.05-08.29.27:725][446]LogAudioMixer: Display: Audio Mixer Platform Settings:
[2021.06.05-08.29.27:725][446]LogAudioMixer: Display: 	Sample Rate:						  48000
[2021.06.05-08.29.27:725][446]LogAudioMixer: Display: 	Callback Buffer Frame Size Requested: 1024
[2021.06.05-08.29.27:725][446]LogAudioMixer: Display: 	Callback Buffer Frame Size To Use:	  1024
[2021.06.05-08.29.27:725][446]LogAudioMixer: Display: 	Number of buffers to queue:			  2
[2021.06.05-08.29.27:725][446]LogAudioMixer: Display: 	Max Channels (voices):				  32
[2021.06.05-08.29.27:725][446]LogAudioMixer: Display: 	Number of Async Source Workers:		  0
[2021.06.05-08.29.27:725][446]LogAudio: Display: AudioDevice MaxSources: 32
[2021.06.05-08.29.27:725][446]LogAudio: Display: Using built-in audio occlusion.
[2021.06.05-08.29.27:725][446]LogAudioMixer: Display: Initializing audio mixer.
[2021.06.05-08.29.27:728][446]LogAudioMixer: Display: 0: FrontLeft
[2021.06.05-08.29.27:728][446]LogAudioMixer: Display: 1: FrontRight
[2021.06.05-08.29.27:743][446]LogAudioMixer: Display: Using Audio Device Altavoces (High Definition Audio Device)
[2021.06.05-08.29.27:743][446]LogAudioMixer: Display: Initializing Sound Submixes...
[2021.06.05-08.29.27:743][446]LogAudioMixer: Display: Creating Master Submix 'MasterSubmixDefault'
[2021.06.05-08.29.27:743][446]LogAudioMixer: Display: Creating Master Submix 'MasterReverbSubmixDefault'
[2021.06.05-08.29.27:744][446]LogAudioMixer: Display: Creating Master Submix 'MasterEQSubmixDefault'
[2021.06.05-08.29.27:761][446]LogInit: FAudioDevice initialized.
[2021.06.05-08.29.27:804][446]LogSlate: Updating window title bar state: overlay mode, drag disabled, window buttons hidden, title bar hidden
[2021.06.05-08.29.27:810][446]LogLoad: Game class is 'ThirdPersonGameMode_C'
[2021.06.05-08.29.27:813][446]LogWorld: Bringing World /Game/Niveles/UEDPIE_0_Nivel1.Nivel1 up for play (max tick rate 0) at 2021.06.05-03.29.27
[2021.06.05-08.29.27:813][446]LogWorld: Bringing up level for play took: 0.001952
[2021.06.05-08.29.27:814][446]LogOnline: OSS: Creating online subsystem instance for: :Context_6
[2021.06.05-08.29.27:818][446]LogContentBrowser: Native class hierarchy updated for 'MovieSceneCapture' in 0.0005 seconds. Added 20 classes and 0 folders.
[2021.06.05-08.29.27:822][446]PIE: Server logged in
[2021.06.05-08.29.27:823][446]PIE: Play in editor total start time 0.134 seconds.
[2021.06.05-08.29.28:270][448]LogRenderer: Reallocating scene render targets to support 1148x648 Format 9 NumSamples 1 (Frame:1).
[2021.06.05-08.29.34:218][932]LogBlueprintUserMessages: [ThirdPersonCharacter_5] Hello
[2021.06.05-08.29.35:356][ 27]LogBlueprintUserMessages: [ThirdPersonCharacter_5] Hello
[2021.06.05-08.29.36:179][ 96]LogBlueprintUserMessages: [ThirdPersonCharacter_5] Hello
[2021.06.05-08.29.38:579][295]LogBlueprintUserMessages: [ThirdPersonCharacter_5] Hello
[2021.06.05-08.29.40:540][457]LogSlate: Updating window title bar state: overlay mode, drag disabled, window buttons hidden, title bar hidden
[2021.06.05-08.29.40:540][457]LogWorld: BeginTearingDown for /Game/Niveles/UEDPIE_0_Nivel1
[2021.06.05-08.29.40:541][457]LogSlate: Window 'SilentMilk Preview [NetMode: Standalone] (64-bit/Windows) ' being destroyed
[2021.06.05-08.29.40:547][457]LogWorld: UWorld::CleanupWorld for Nivel1, bSessionEnded=true, bCleanupResources=true
[2021.06.05-08.29.40:548][457]LogSlate: InvalidateAllWidgets triggered.  All widgets were invalidated
[2021.06.05-08.29.40:556][457]LogPlayLevel: Display: Shutting down PIE online subsystems
[2021.06.05-08.29.40:560][457]LogSlate: InvalidateAllWidgets triggered.  All widgets were invalidated
[2021.06.05-08.29.40:608][457]LogAISub: UAISubsystem::~UAISubsystem AIPerceptionSystem (0000023B87DE4900), frame # 3457
[2021.06.05-08.29.40:608][457]LogAISub: UAISubsystem::~UAISubsystem EnvQueryManager (0000023C02971A00), frame # 3457
[2021.06.05-08.29.40:633][457]LogUObjectHash: Compacting FUObjectHashTables data took   4.00ms
[2021.06.05-08.29.40:668][458]LogPlayLevel: Display: Destroying online subsystem :Context_6
[2021.06.05-08.29.42:929][655]Cmd: OBJ SAVEPACKAGE PACKAGE="/Game/Niveles/Nivel1" FILE="../../../../../../Unreal Projects/SilentMilk/Content/Niveles/Nivel1.umap" SILENT=true AUTOSAVING=false KEEPDIRTY=false
[2021.06.05-08.29.42:975][655]LogUObjectHash: Compacting FUObjectHashTables data took   2.80ms
[2021.06.05-08.29.43:242][655]LogSavePackage: Moving '../../../../../../Unreal Projects/SilentMilk/Saved/Nivel1D1DC9A114F04C20BE3511E865F9B7B48.tmp' to '../../../../../../Unreal Projects/SilentMilk/Content/Niveles/Nivel1.umap'
[2021.06.05-08.29.43:339][655]Cmd: OBJ SAVEPACKAGE PACKAGE="/Game/Niveles/Nivel1_BuiltData" FILE="../../../../../../Unreal Projects/SilentMilk/Content/Niveles/Nivel1_BuiltData.uasset" SILENT=true
[2021.06.05-08.29.43:352][655]LogSavePackage: Moving '../../../../../../Unreal Projects/SilentMilk/Saved/Nivel1_BuiltData1D6D37E444F50127E9F811ABFBFEE8E1.tmp' to '../../../../../../Unreal Projects/SilentMilk/Content/Niveles/Nivel1_BuiltData.uasset'
[2021.06.05-08.29.43:420][655]AssetCheck: New page: Asset Save: multiple assets
[2021.06.05-08.29.43:420][655]LogContentValidation: Display: Validating World /Game/Niveles/Nivel1.Nivel1
[2021.06.05-08.29.43:420][655]LogContentValidation: Display: Validating MapBuildDataRegistry /Game/Niveles/Nivel1_BuiltData.Nivel1_BuiltData
[2021.06.05-08.39.43:263][717]LogUObjectHash: Compacting FUObjectHashTables data took   4.45ms
[2021.06.05-08.39.43:267][717]LogFileHelpers: Editor autosave (incl. sublevels) for '/Game/Niveles/Nivel1' took 0.039
[2021.06.05-08.39.43:268][717]OBJ SavePackage: Generating thumbnails for [1] asset(s) in package [/Game/ThirdPersonBP/Blueprints/ThirdPersonCharacter] ([1] browsable assets)...
[2021.06.05-08.39.43:408][717]OBJ SavePackage:     Rendered thumbnail for [Blueprint /Game/ThirdPersonBP/Blueprints/ThirdPersonCharacter.ThirdPersonCharacter]
[2021.06.05-08.39.43:408][717]OBJ SavePackage: Finished generating thumbnails for package [/Game/ThirdPersonBP/Blueprints/ThirdPersonCharacter]
[2021.06.05-08.39.43:605][717]LogSavePackage: Moving '../../../../../../Unreal Projects/SilentMilk/Saved/ThirdPersonCharacter_Auto1F3D5E1A84300BB2DC3BF51A4CE9DFDE7.tmp' to '../../../../../../Unreal Projects/SilentMilk/Saved/Autosaves/Game/ThirdPersonBP/Blueprints/ThirdPersonCharacter_Auto1.uasset'
[2021.06.05-08.39.43:669][717]OBJ SavePackage: Generating thumbnails for [1] asset(s) in package [/Game/Mannequin/Character/Kiran/Kiran] ([1] browsable assets)...
[2021.06.05-08.39.43:695][717]OBJ SavePackage:     Rendered thumbnail for [SkeletalMesh /Game/Mannequin/Character/Kiran/Kiran.Kiran]
[2021.06.05-08.39.43:695][717]OBJ SavePackage: Finished generating thumbnails for package [/Game/Mannequin/Character/Kiran/Kiran]
[2021.06.05-08.39.43:916][717]LogSavePackage: Moving '../../../../../../Unreal Projects/SilentMilk/Saved/Kiran_Auto1B95754B94C58D59677726E930A61A6FB.tmp' to '../../../../../../Unreal Projects/SilentMilk/Saved/Autosaves/Game/Mannequin/Character/Kiran/Kiran_Auto1.uasset'
[2021.06.05-08.39.43:918][717]OBJ SavePackage: Generating thumbnails for [1] asset(s) in package [/Game/Mannequin/Character/Kiran/M_UE4Man_Body_003] ([1] browsable assets)...
[2021.06.05-08.39.43:943][717]OBJ SavePackage:     Rendered thumbnail for [Material /Game/Mannequin/Character/Kiran/M_UE4Man_Body_003.M_UE4Man_Body_003]
[2021.06.05-08.39.43:943][717]OBJ SavePackage: Finished generating thumbnails for package [/Game/Mannequin/Character/Kiran/M_UE4Man_Body_003]
[2021.06.05-08.39.43:965][717]LogSavePackage: Moving '../../../../../../Unreal Projects/SilentMilk/Saved/M_UE4Man_Body_003_Auto1DEE7EAB84D7FB3FAB99A5DB75ED933C7.tmp' to '../../../../../../Unreal Projects/SilentMilk/Saved/Autosaves/Game/Mannequin/Character/Kiran/M_UE4Man_Body_003_Auto1.uasset'
[2021.06.05-08.39.43:968][717]OBJ SavePackage: Generating thumbnails for [1] asset(s) in package [/Game/Mannequin/Character/Kiran/M_UE4Man_ChestLogo_003] ([1] browsable assets)...
[2021.06.05-08.39.43:992][717]OBJ SavePackage:     Rendered thumbnail for [Material /Game/Mannequin/Character/Kiran/M_UE4Man_ChestLogo_003.M_UE4Man_ChestLogo_003]
[2021.06.05-08.39.43:992][717]OBJ SavePackage: Finished generating thumbnails for package [/Game/Mannequin/Character/Kiran/M_UE4Man_ChestLogo_003]
[2021.06.05-08.39.44:012][717]LogSavePackage: Moving '../../../../../../Unreal Projects/SilentMilk/Saved/M_UE4Man_ChestLogo_003_Auto12D2F3DAD417925BFC84CDCBC1EB46AAF.tmp' to '../../../../../../Unreal Projects/SilentMilk/Saved/Autosaves/Game/Mannequin/Character/Kiran/M_UE4Man_ChestLogo_003_Auto1.uasset'
[2021.06.05-08.39.44:014][717]OBJ SavePackage: Generating thumbnails for [1] asset(s) in package [/Game/Mannequin/Character/Kiran/Kiran_PhysicsAsset] ([1] browsable assets)...
[2021.06.05-08.39.44:035][717]OBJ SavePackage:     Rendered thumbnail for [PhysicsAsset /Game/Mannequin/Character/Kiran/Kiran_PhysicsAsset.Kiran_PhysicsAsset]
[2021.06.05-08.39.44:035][717]OBJ SavePackage: Finished generating thumbnails for package [/Game/Mannequin/Character/Kiran/Kiran_PhysicsAsset]
[2021.06.05-08.39.44:051][717]LogSavePackage: Moving '../../../../../../Unreal Projects/SilentMilk/Saved/Kiran_PhysicsAsset_Auto19941919B4220B06D7B95C2BCD524F0F4.tmp' to '../../../../../../Unreal Projects/SilentMilk/Saved/Autosaves/Game/Mannequin/Character/Kiran/Kiran_PhysicsAsset_Auto1.uasset'
[2021.06.05-08.39.44:052][717]LogFileHelpers: Auto-saving content packages took 0.785
[2021.06.05-08.40.21:139][275]LogFactory: FactoryCreateFile: StaticMesh with FbxFactory (0 0 E:\Juan Diego Informacion\Universidad\8 Octavo Semestre\Videojuegos 3D\Silent Milk\Assets\KiranPrueba.FBX)
[2021.06.05-08.40.21:153][275]LogFbx: Loading FBX Scene from E:\Juan Diego Informacion\Universidad\8 Octavo Semestre\Videojuegos 3D\Silent Milk\Assets\KiranPrueba.FBX
[2021.06.05-08.40.21:159][275]LogFbx: FBX Scene Loaded Succesfully
[2021.06.05-08.40.21:161][275]FBXImport: Warning: Can't detect import type. No mesh is found or animation track. 
[2021.06.05-08.40.27:269][275]LogSlate: Window 'Message' being destroyed
[2021.06.05-08.40.27:273][275]Message dialog closed, result: Ok, title: Message, text: Failed to import 'E:\Juan Diego Informacion\Universidad\8 Octavo Semestre\Videojuegos 3D\Silent Milk\Assets\KiranPrueba.FBX'. Failed to create asset '/Game/Mannequin/Character/Kiran/KiranPrueba'.
Please see Output Log for details.
[2021.06.05-08.40.27:273][275]LogAssetTools: Warning: Failed to import 'E:\Juan Diego Informacion\Universidad\8 Octavo Semestre\Videojuegos 3D\Silent Milk\Assets\KiranPrueba.FBX'. Failed to create asset '/Game/Mannequin/Character/Kiran/KiranPrueba'.
Please see Output Log for details.
[2021.06.05-08.40.31:462][663]LogSlate: Window 'Message Log' being destroyed
[2021.06.05-08.40.31:466][663]LogSlate: Window 'Message Log' being destroyed
[2021.06.05-08.40.47:715][864]LogFactory: FactoryCreateFile: StaticMesh with FbxFactory (0 0 E:\Juan Diego Informacion\Universidad\8 Octavo Semestre\Videojuegos 3D\Silent Milk\Assets\KiranPrueba.FBX)
[2021.06.05-08.40.47:728][864]LogFbx: Loading FBX Scene from E:\Juan Diego Informacion\Universidad\8 Octavo Semestre\Videojuegos 3D\Silent Milk\Assets\KiranPrueba.FBX
[2021.06.05-08.40.47:734][864]LogFbx: FBX Scene Loaded Succesfully
[2021.06.05-08.40.47:737][864]FBXImport: Warning: Can't detect import type. No mesh is found or animation track. 
[2021.06.05-08.40.55:903][864]LogSlate: Window 'Message' being destroyed
[2021.06.05-08.40.55:906][864]Message dialog closed, result: Ok, title: Message, text: Failed to import 'E:\Juan Diego Informacion\Universidad\8 Octavo Semestre\Videojuegos 3D\Silent Milk\Assets\KiranPrueba.FBX'. Failed to create asset '/Game/Mannequin/Character/Kiran/KiranPrueba'.
Please see Output Log for details.
[2021.06.05-08.40.55:906][864]LogAssetTools: Warning: Failed to import 'E:\Juan Diego Informacion\Universidad\8 Octavo Semestre\Videojuegos 3D\Silent Milk\Assets\KiranPrueba.FBX'. Failed to create asset '/Game/Mannequin/Character/Kiran/KiranPrueba'.
Please see Output Log for details.
[2021.06.05-08.41.00:283][270]LogSlate: Window 'Message Log' being destroyed
[2021.06.05-08.41.00:287][270]LogSlate: Window 'Message Log' being destroyed
[2021.06.05-08.42.36:724][683]LogFactory: FactoryCreateFile: StaticMesh with FbxFactory (0 0 E:\Juan Diego Informacion\Universidad\8 Octavo Semestre\Videojuegos 3D\Silent Milk\Assets\KiranPrueba.FBX)
[2021.06.05-08.42.36:737][683]LogFbx: Loading FBX Scene from E:\Juan Diego Informacion\Universidad\8 Octavo Semestre\Videojuegos 3D\Silent Milk\Assets\KiranPrueba.FBX
[2021.06.05-08.42.36:744][683]LogFbx: FBX Scene Loaded Succesfully
[2021.06.05-08.42.42:980][683]LogSlate: Window 'FBX Import Options' being destroyed
[2021.06.05-08.42.43:067][683]LogFbx: Display: Triangulating static mesh Cubo
[2021.06.05-08.42.43:162][683]LogStaticMesh: Building static mesh KiranPrueba...
[2021.06.05-08.42.43:284][683]LogStaticMesh: Built static mesh [0.12s] /Game/Mannequin/Character/Kiran/KiranPrueba.KiranPrueba
[2021.06.05-08.42.48:022][955]LogUObjectHash: Compacting FUObjectHashTables data took   2.40ms
[2021.06.05-08.42.49:096][955]LogSlate: Window 'Delete Assets' being destroyed
[2021.06.05-08.42.49:185][955]LogUObjectHash: Compacting FUObjectHashTables data took   1.43ms
[2021.06.05-08.44.05:830][438]LogFactory: FactoryCreateFile: StaticMesh with FbxFactory (0 0 E:\Juan Diego Informacion\Universidad\8 Octavo Semestre\Videojuegos 3D\Silent Milk\Assets\KiranPrueba.FBX)
[2021.06.05-08.44.05:843][438]LogFbx: Loading FBX Scene from E:\Juan Diego Informacion\Universidad\8 Octavo Semestre\Videojuegos 3D\Silent Milk\Assets\KiranPrueba.FBX
[2021.06.05-08.44.05:849][438]LogFbx: FBX Scene Loaded Succesfully
[2021.06.05-08.44.05:852][438]FBXImport: Warning: Can't detect import type. No mesh is found or animation track. 
[2021.06.05-08.44.08:766][438]LogSlate: Window 'Message' being destroyed
[2021.06.05-08.44.08:769][438]Message dialog closed, result: Ok, title: Message, text: Failed to import 'E:\Juan Diego Informacion\Universidad\8 Octavo Semestre\Videojuegos 3D\Silent Milk\Assets\KiranPrueba.FBX'. Failed to create asset '/Game/Mannequin/Character/Kiran/KiranPrueba'.
Please see Output Log for details.
[2021.06.05-08.44.08:770][438]LogAssetTools: Warning: Failed to import 'E:\Juan Diego Informacion\Universidad\8 Octavo Semestre\Videojuegos 3D\Silent Milk\Assets\KiranPrueba.FBX'. Failed to create asset '/Game/Mannequin/Character/Kiran/KiranPrueba'.
Please see Output Log for details.
[2021.06.05-08.44.14:123][935]LogSlate: Window 'Message Log' being destroyed
[2021.06.05-08.44.14:126][935]LogSlate: Window 'Message Log' being destroyed
[2021.06.05-08.50.02:502][314]LogFactory: FactoryCreateFile: StaticMesh with FbxFactory (0 0 E:\Juan Diego Informacion\Universidad\8 Octavo Semestre\Videojuegos 3D\Silent Milk\Assets\KiranPrueba.FBX)
[2021.06.05-08.50.02:516][314]LogFbx: Loading FBX Scene from E:\Juan Diego Informacion\Universidad\8 Octavo Semestre\Videojuegos 3D\Silent Milk\Assets\KiranPrueba.FBX
[2021.06.05-08.50.02:538][314]LogFbx: FBX Scene Loaded Succesfully
[2021.06.05-08.50.02:542][314]FBXImport: Warning: Can't detect import type. No mesh is found or animation track. 
[2021.06.05-08.50.05:288][314]LogSlate: Window 'Message' being destroyed
[2021.06.05-08.50.05:291][314]Message dialog closed, result: Ok, title: Message, text: Failed to import 'E:\Juan Diego Informacion\Universidad\8 Octavo Semestre\Videojuegos 3D\Silent Milk\Assets\KiranPrueba.FBX'. Failed to create asset '/Game/Mannequin/Character/Kiran/KiranPrueba'.
Please see Output Log for details.
[2021.06.05-08.50.05:291][314]LogAssetTools: Warning: Failed to import 'E:\Juan Diego Informacion\Universidad\8 Octavo Semestre\Videojuegos 3D\Silent Milk\Assets\KiranPrueba.FBX'. Failed to create asset '/Game/Mannequin/Character/Kiran/KiranPrueba'.
Please see Output Log for details.
[2021.06.05-08.50.08:260][586]LogSlate: Window 'Message Log' being destroyed
[2021.06.05-08.50.08:264][586]LogSlate: Window 'Message Log' being destroyed
