Log file open, 06/05/21 13:26:13
LogInit: Display: Running engine for game: SilentMilk
LogPlatformFile: Not using cached read wrapper
LogTaskGraph: Started task graph with 5 named threads and 23 total threads with 3 sets of task threads.
LogStats: Stats thread started at 0.574425
LogD3D11RHI: Loaded GFSDK_Aftermath_Lib.x64.dll
LogICUInternationalization: ICU TimeZone Detection - Raw Offset: -5:00, Platform Override: ''
LogPluginManager: Mounting plugin Paper2D
LogPluginManager: Mounting plugin AISupport
LogPluginManager: Mounting plugin LightPropagationVolume
LogPluginManager: Mounting plugin CameraShakePreviewer
LogPluginManager: Mounting plugin ActorLayerUtilities
LogPluginManager: Mounting plugin AnimationSharing
LogPluginManager: Mounting plugin CLionSourceCodeAccess
LogPluginManager: Mounting plugin CodeLiteSourceCodeAccess
LogPluginManager: Mounting plugin GitSourceControl
LogPluginManager: Mounting plugin KDevelopSourceCodeAccess
LogPluginManager: Mounting plugin NullSourceCodeAccess
LogPluginManager: Mounting plugin PerforceSourceControl
LogPluginManager: Mounting plugin PlasticSourceControl
LogPluginManager: Mounting plugin RiderSourceCodeAccess
LogPluginManager: Mounting plugin SubversionSourceControl
LogPluginManager: Mounting plugin UObjectPlugin
LogPluginManager: Mounting plugin VisualStudioCodeSourceCodeAccess
LogPluginManager: Mounting plugin VisualStudioSourceCodeAccess
LogPluginManager: Mounting plugin XCodeSourceCodeAccess
LogPluginManager: Mounting plugin AssetManagerEditor
LogPluginManager: Mounting plugin CryptoKeys
LogPluginManager: Mounting plugin CurveEditorTools
LogPluginManager: Mounting plugin DataValidation
LogPluginManager: Mounting plugin EditorScriptingUtilities
LogPluginManager: Mounting plugin FacialAnimation
LogPluginManager: Mounting plugin GameplayTagsEditor
LogPluginManager: Mounting plugin GeometryMode
LogPluginManager: Mounting plugin MacGraphicsSwitching
LogPluginManager: Mounting plugin MaterialAnalyzer
LogPluginManager: Mounting plugin MobileLauncherProfileWizard
LogPluginManager: Mounting plugin PluginBrowser
LogPluginManager: Mounting plugin SpeedTreeImporter
LogPluginManager: Mounting plugin DatasmithContent
LogPluginManager: Mounting plugin VariantManagerContent
LogPluginManager: Mounting plugin AlembicImporter
LogPluginManager: Mounting plugin AutomationUtils
LogPluginManager: Mounting plugin BackChannel
LogPluginManager: Mounting plugin ChaosCloth
LogPluginManager: Mounting plugin ChaosClothEditor
LogPluginManager: Mounting plugin ChaosEditor
LogPluginManager: Mounting plugin ChaosNiagara
LogPluginManager: Mounting plugin ChaosSolverPlugin
LogPluginManager: Mounting plugin CharacterAI
LogPluginManager: Mounting plugin GeometryCache
LogPluginManager: Mounting plugin GeometryCollectionPlugin
LogPluginManager: Mounting plugin GeometryProcessing
LogPluginManager: Mounting plugin PlanarCut
LogPluginManager: Mounting plugin PlatformCrypto
LogPluginManager: Mounting plugin ProxyLODPlugin
LogPluginManager: Mounting plugin SkeletalReduction
LogPluginManager: Mounting plugin Niagara
LogPluginManager: Mounting plugin MagicLeap
LogPluginManager: Mounting plugin MagicLeapLightEstimation
LogPluginManager: Mounting plugin MagicLeapMedia
LogPluginManager: Mounting plugin MagicLeapPassableWorld
LogPluginManager: Mounting plugin MLSDK
LogPluginManager: Mounting plugin AndroidMedia
LogPluginManager: Mounting plugin AvfMedia
LogPluginManager: Mounting plugin ImgMedia
LogPluginManager: Mounting plugin MediaCompositing
LogPluginManager: Mounting plugin MediaPlayerEditor
LogPluginManager: Mounting plugin WebMMedia
LogPluginManager: Mounting plugin WmfMedia
LogPluginManager: Mounting plugin MeshPainting
LogPluginManager: Mounting plugin TcpMessaging
LogPluginManager: Mounting plugin UdpMessaging
LogPluginManager: Mounting plugin ActorSequence
LogPluginManager: Mounting plugin LevelSequenceEditor
LogPluginManager: Mounting plugin MatineeToLevelSequence
LogPluginManager: Mounting plugin MovieRenderPipeline
LogPluginManager: Mounting plugin TemplateSequence
LogPluginManager: Mounting plugin NetcodeUnitTest
LogPluginManager: Mounting plugin NUTUnrealEngine4
LogPluginManager: Mounting plugin OnlineSubsystemGooglePlay
LogPluginManager: Mounting plugin OnlineSubsystemIOS
LogPluginManager: Mounting plugin OnlineSubsystem
LogPluginManager: Mounting plugin OnlineSubsystemNull
LogPluginManager: Mounting plugin OnlineSubsystemUtils
LogPluginManager: Mounting plugin LauncherChunkInstaller
LogPluginManager: Mounting plugin AndroidDeviceProfileSelector
LogPluginManager: Mounting plugin AndroidMoviePlayer
LogPluginManager: Mounting plugin AndroidPermission
LogPluginManager: Mounting plugin AppleImageUtils
LogPluginManager: Mounting plugin AppleMoviePlayer
LogPluginManager: Mounting plugin ArchVisCharacter
LogPluginManager: Mounting plugin AssetTags
LogPluginManager: Mounting plugin AudioCapture
LogPluginManager: Mounting plugin CableComponent
LogPluginManager: Mounting plugin CustomMeshComponent
LogPluginManager: Mounting plugin EditableMesh
LogPluginManager: Mounting plugin ExampleDeviceProfileSelector
LogPluginManager: Mounting plugin GoogleCloudMessaging
LogPluginManager: Mounting plugin GooglePAD
LogPluginManager: Mounting plugin IOSDeviceProfileSelector
LogPluginManager: Mounting plugin LinuxDeviceProfileSelector
LogPluginManager: Mounting plugin LocationServicesBPLibrary
LogPluginManager: Mounting plugin MobilePatchingUtils
LogPluginManager: Mounting plugin OculusVR
LogPluginManager: Mounting plugin PhysXVehicles
LogPluginManager: Mounting plugin PostSplashScreen
LogPluginManager: Mounting plugin ProceduralMeshComponent
LogPluginManager: Mounting plugin RuntimePhysXCooking
LogPluginManager: Mounting plugin SignificanceManager
LogPluginManager: Mounting plugin SoundFields
LogPluginManager: Mounting plugin SteamVR
LogPluginManager: Mounting plugin Synthesis
LogPluginManager: Mounting plugin WebMMoviePlayer
LogPluginManager: Mounting plugin WindowsMoviePlayer
LogPluginManager: Mounting plugin ScreenshotTools
LogInit: Using libcurl 7.55.1-DEV
LogInit:  - built for x86_64-pc-win32
LogInit:  - supports SSL with OpenSSL/1.1.1
LogInit:  - supports HTTP deflate (compression) using libz 1.2.8
LogInit:  - other features:
LogInit:      CURL_VERSION_SSL
LogInit:      CURL_VERSION_LIBZ
LogInit:      CURL_VERSION_IPV6
LogInit:      CURL_VERSION_ASYNCHDNS
LogInit:      CURL_VERSION_LARGEFILE
LogInit:      CURL_VERSION_IDN
LogInit:  CurlRequestOptions (configurable via config and command line):
LogInit:  - bVerifyPeer = true  - Libcurl will verify peer certificate
LogInit:  - bUseHttpProxy = false  - Libcurl will NOT use HTTP proxy
LogInit:  - bDontReuseConnections = false  - Libcurl will reuse connections
LogInit:  - MaxHostConnections = 16  - Libcurl will limit the number of connections to a host
LogInit:  - LocalHostAddr = Default
LogInit:  - BufferSize = 65536
LogOnline: OSS: Creating online subsystem instance for: NULL
LogInit: WinSock: version 1.1 (2.2), MaxSocks=32767, MaxUdp=65467
LogOnline: OSS: TryLoadSubsystemAndSetDefault: Loaded subsystem for module [NULL]
LogInit: Build: ++UE4+Release-4.25-CL-14469661
LogInit: Engine Version: 4.25.4-14469661+++UE4+Release-4.25
LogInit: Compatible Engine Version: 4.25.0-13144385+++UE4+Release-4.25
LogInit: Net CL: 13144385
LogInit: OS: Windows 10 (Release 2009) (), CPU: AMD Ryzen 5 3400G with Radeon Vega Graphics    , GPU: AMD 15D8:C8
LogInit: Compiled (64-bit): Oct 11 2020 08:10:49
LogInit: Compiled with Visual C++: 19.24.28315.00
LogInit: Build Configuration: Development
LogInit: Branch Name: ++UE4+Release-4.25
LogInit: Command Line: 
LogInit: Base Directory: E:/Juegos/Epic/UE_4.25/Engine/Binaries/Win64/
LogInit: Allocator: TBB
LogInit: Installed Engine Build: 1
LogDevObjectVersion: Number of dev versions registered: 26
LogDevObjectVersion:   Dev-Blueprints (B0D832E4-1F89-4F0D-ACCF-7EB736FD4AA2): 10
LogDevObjectVersion:   Dev-Build (E1C64328-A22C-4D53-A36C-8E866417BD8C): 0
LogDevObjectVersion:   Dev-Core (375EC13C-06E4-48FB-B500-84F0262A717E): 4
LogDevObjectVersion:   Dev-Editor (E4B068ED-F494-42E9-A231-DA0B2E46BB41): 38
LogDevObjectVersion:   Dev-Framework (CFFC743F-43B0-4480-9391-14DF171D2073): 37
LogDevObjectVersion:   Dev-Mobile (B02B49B5-BB20-44E9-A304-32B752E40360): 2
LogDevObjectVersion:   Dev-Networking (A4E4105C-59A1-49B5-A7C5-40C4547EDFEE): 0
LogDevObjectVersion:   Dev-Online (39C831C9-5AE6-47DC-9A44-9C173E1C8E7C): 0
LogDevObjectVersion:   Dev-Physics (78F01B33-EBEA-4F98-B9B4-84EACCB95AA2): 4
LogDevObjectVersion:   Dev-Platform (6631380F-2D4D-43E0-8009-CF276956A95A): 0
LogDevObjectVersion:   Dev-Rendering (12F88B9F-8875-4AFC-A67C-D90C383ABD29): 43
LogDevObjectVersion:   Dev-Sequencer (7B5AE74C-D270-4C10-A958-57980B212A5A): 12
LogDevObjectVersion:   Dev-VR (D7296918-1DD6-4BDD-9DE2-64A83CC13884): 3
LogDevObjectVersion:   Dev-LoadTimes (C2A15278-BFE7-4AFE-6C17-90FF531DF755): 1
LogDevObjectVersion:   Private-Geometry (6EACA3D4-40EC-4CC1-B786-8BED09428FC5): 3
LogDevObjectVersion:   Dev-AnimPhys (29E575DD-E0A3-4627-9D10-D276232CDCEA): 17
LogDevObjectVersion:   Dev-Anim (AF43A65D-7FD3-4947-9873-3E8ED9C1BB05): 7
LogDevObjectVersion:   Dev-ReflectionCapture (6B266CEC-1EC7-4B8F-A30B-E4D90942FC07): 1
LogDevObjectVersion:   Dev-Automation (0DF73D61-A23F-47EA-B727-89E90C41499A): 1
LogDevObjectVersion:   FortniteMain (601D1886-AC64-4F84-AA16-D3DE0DEAC7D6): 31
LogDevObjectVersion:   Dev-Enterprise (9DFFBCD6-494F-0158-E221-12823C92A888): 10
LogDevObjectVersion:   Dev-Niagara (F2AED0AC-9AFE-416F-8664-AA7FFA26D6FC): 1
LogDevObjectVersion:   Dev-Destruction (174F1F0B-B4C6-45A5-B13F-2EE8D0FB917D): 10
LogDevObjectVersion:   Dev-Physics-Ext (35F94A83-E258-406C-A318-09F59610247C): 37
LogDevObjectVersion:   Dev-PhysicsMaterial-Chaos (B68FC16E-8B1B-42E2-B453-215C058844FE): 1
LogDevObjectVersion:   Dev-CineCamera (B2E18506-4273-CFC2-A54E-F4BB758BBA07): 1
LogInit: Presizing for max 25165824 objects, including 0 objects not considered by GC, pre-allocating 0 bytes for permanent pool.
LogConfig: Applying CVar settings from Section [/Script/Engine.StreamingSettings] File [E:/Unreal Projects/SilentMilk/Saved/Config/Windows/Engine.ini]
LogConfig: Setting CVar [[s.MinBulkDataSizeForAsyncLoading:131072]]
LogConfig: Setting CVar [[s.AsyncLoadingThreadEnabled:0]]
LogConfig: Setting CVar [[s.EventDrivenLoaderEnabled:1]]
LogConfig: Setting CVar [[s.WarnIfTimeLimitExceeded:0]]
LogConfig: Setting CVar [[s.TimeLimitExceededMultiplier:1.5]]
LogConfig: Setting CVar [[s.TimeLimitExceededMinTime:0.005]]
LogConfig: Setting CVar [[s.UseBackgroundLevelStreaming:1]]
LogConfig: Setting CVar [[s.PriorityAsyncLoadingExtraTime:15.0]]
LogConfig: Setting CVar [[s.LevelStreamingActorsUpdateTimeLimit:5.0]]
LogConfig: Setting CVar [[s.PriorityLevelStreamingActorsUpdateExtraTime:5.0]]
LogConfig: Setting CVar [[s.LevelStreamingComponentsRegistrationGranularity:10]]
LogConfig: Setting CVar [[s.UnregisterComponentsTimeLimit:1.0]]
LogConfig: Setting CVar [[s.LevelStreamingComponentsUnregistrationGranularity:5]]
LogConfig: Setting CVar [[s.FlushStreamingOnExit:1]]
LogInit: Object subsystem initialized
LogConfig: Setting CVar [[con.DebugEarlyDefault:1]]
LogConfig: Setting CVar [[r.setres:1280x720]]
[2021.06.05-18.26.14:072][  0]LogConfig: Setting CVar [[r.VSync:0]]
[2021.06.05-18.26.14:073][  0]LogConfig: Setting CVar [[r.RHICmdBypass:0]]
[2021.06.05-18.26.14:073][  0]LogConfig: Applying CVar settings from Section [/Script/Engine.RendererSettings] File [E:/Unreal Projects/SilentMilk/Saved/Config/Windows/Engine.ini]
[2021.06.05-18.26.14:073][  0]LogConfig: Setting CVar [[r.GPUCrashDebugging:0]]
[2021.06.05-18.26.14:073][  0]LogConfig: Applying CVar settings from Section [/Script/Engine.RendererOverrideSettings] File [E:/Unreal Projects/SilentMilk/Saved/Config/Windows/Engine.ini]
[2021.06.05-18.26.14:073][  0]LogConfig: Applying CVar settings from Section [/Script/Engine.StreamingSettings] File [E:/Unreal Projects/SilentMilk/Saved/Config/Windows/Engine.ini]
[2021.06.05-18.26.14:073][  0]LogConfig: Setting CVar [[s.MinBulkDataSizeForAsyncLoading:131072]]
[2021.06.05-18.26.14:073][  0]LogConfig: Setting CVar [[s.AsyncLoadingThreadEnabled:0]]
[2021.06.05-18.26.14:073][  0]LogConfig: Setting CVar [[s.EventDrivenLoaderEnabled:1]]
[2021.06.05-18.26.14:073][  0]LogConfig: Setting CVar [[s.WarnIfTimeLimitExceeded:0]]
[2021.06.05-18.26.14:073][  0]LogConfig: Setting CVar [[s.TimeLimitExceededMultiplier:1.5]]
[2021.06.05-18.26.14:073][  0]LogConfig: Setting CVar [[s.TimeLimitExceededMinTime:0.005]]
[2021.06.05-18.26.14:073][  0]LogConfig: Setting CVar [[s.UseBackgroundLevelStreaming:1]]
[2021.06.05-18.26.14:073][  0]LogConfig: Setting CVar [[s.PriorityAsyncLoadingExtraTime:15.0]]
[2021.06.05-18.26.14:073][  0]LogConfig: Setting CVar [[s.LevelStreamingActorsUpdateTimeLimit:5.0]]
[2021.06.05-18.26.14:073][  0]LogConfig: Setting CVar [[s.PriorityLevelStreamingActorsUpdateExtraTime:5.0]]
[2021.06.05-18.26.14:073][  0]LogConfig: Setting CVar [[s.LevelStreamingComponentsRegistrationGranularity:10]]
[2021.06.05-18.26.14:073][  0]LogConfig: Setting CVar [[s.UnregisterComponentsTimeLimit:1.0]]
[2021.06.05-18.26.14:073][  0]LogConfig: Setting CVar [[s.LevelStreamingComponentsUnregistrationGranularity:5]]
[2021.06.05-18.26.14:073][  0]LogConfig: Setting CVar [[s.FlushStreamingOnExit:1]]
[2021.06.05-18.26.14:073][  0]LogConfig: Applying CVar settings from Section [/Script/Engine.GarbageCollectionSettings] File [E:/Unreal Projects/SilentMilk/Saved/Config/Windows/Engine.ini]
[2021.06.05-18.26.14:073][  0]LogConfig: Setting CVar [[gc.MaxObjectsNotConsideredByGC:1]]
[2021.06.05-18.26.14:073][  0]LogConfig: Setting CVar [[gc.SizeOfPermanentObjectPool:0]]
[2021.06.05-18.26.14:073][  0]LogConfig: Setting CVar [[gc.FlushStreamingOnGC:0]]
[2021.06.05-18.26.14:073][  0]LogConfig: Setting CVar [[gc.NumRetriesBeforeForcingGC:10]]
[2021.06.05-18.26.14:073][  0]LogConfig: Setting CVar [[gc.AllowParallelGC:1]]
[2021.06.05-18.26.14:073][  0]LogConfig: Setting CVar [[gc.TimeBetweenPurgingPendingKillObjects:61.1]]
[2021.06.05-18.26.14:073][  0]LogConfig: Setting CVar [[gc.MaxObjectsInEditor:25165824]]
[2021.06.05-18.26.14:073][  0]LogConfig: Setting CVar [[gc.IncrementalBeginDestroyEnabled:1]]
[2021.06.05-18.26.14:073][  0]LogConfig: Setting CVar [[gc.CreateGCClusters:1]]
[2021.06.05-18.26.14:073][  0]LogConfig: Setting CVar [[gc.MinGCClusterSize:5]]
[2021.06.05-18.26.14:073][  0]LogConfig: Setting CVar [[gc.ActorClusteringEnabled:0]]
[2021.06.05-18.26.14:073][  0]LogConfig: Setting CVar [[gc.BlueprintClusteringEnabled:0]]
[2021.06.05-18.26.14:073][  0]LogConfig: Setting CVar [[gc.UseDisregardForGCOnDedicatedServers:0]]
[2021.06.05-18.26.14:073][  0]LogConfig: Applying CVar settings from Section [/Script/Engine.NetworkSettings] File [E:/Unreal Projects/SilentMilk/Saved/Config/Windows/Engine.ini]
[2021.06.05-18.26.14:073][  0]LogConfig: Applying CVar settings from Section [/Script/UnrealEd.CookerSettings] File [E:/Unreal Projects/SilentMilk/Saved/Config/Windows/Engine.ini]
[2021.06.05-18.26.14:077][  0]LogConfig: Applying CVar settings from Section [ViewDistanceQuality@3] File [E:/Unreal Projects/SilentMilk/Saved/Config/Windows/Scalability.ini]
[2021.06.05-18.26.14:077][  0]LogConfig: Setting CVar [[r.SkeletalMeshLODBias:0]]
[2021.06.05-18.26.14:077][  0]LogConfig: Setting CVar [[r.ViewDistanceScale:1.0]]
[2021.06.05-18.26.14:077][  0]LogConfig: Applying CVar settings from Section [AntiAliasingQuality@3] File [E:/Unreal Projects/SilentMilk/Saved/Config/Windows/Scalability.ini]
[2021.06.05-18.26.14:077][  0]LogConfig: Setting CVar [[r.PostProcessAAQuality:4]]
[2021.06.05-18.26.14:077][  0]LogConfig: Applying CVar settings from Section [ShadowQuality@3] File [E:/Unreal Projects/SilentMilk/Saved/Config/Windows/Scalability.ini]
[2021.06.05-18.26.14:077][  0]LogConfig: Setting CVar [[r.LightFunctionQuality:1]]
[2021.06.05-18.26.14:077][  0]LogConfig: Setting CVar [[r.ShadowQuality:5]]
[2021.06.05-18.26.14:077][  0]LogConfig: Setting CVar [[r.Shadow.CSM.MaxCascades:10]]
[2021.06.05-18.26.14:077][  0]LogConfig: Setting CVar [[r.Shadow.MaxResolution:2048]]
[2021.06.05-18.26.14:077][  0]LogConfig: Setting CVar [[r.Shadow.MaxCSMResolution:2048]]
[2021.06.05-18.26.14:077][  0]LogConfig: Setting CVar [[r.Shadow.RadiusThreshold:0.01]]
[2021.06.05-18.26.14:077][  0]LogConfig: Setting CVar [[r.Shadow.DistanceScale:1.0]]
[2021.06.05-18.26.14:077][  0]LogConfig: Setting CVar [[r.Shadow.CSM.TransitionScale:1.0]]
[2021.06.05-18.26.14:077][  0]LogConfig: Setting CVar [[r.Shadow.PreShadowResolutionFactor:1.0]]
[2021.06.05-18.26.14:077][  0]LogConfig: Setting CVar [[r.DistanceFieldShadowing:1]]
[2021.06.05-18.26.14:077][  0]LogConfig: Setting CVar [[r.DistanceFieldAO:1]]
[2021.06.05-18.26.14:077][  0]LogConfig: Setting CVar [[r.AOQuality:2]]
[2021.06.05-18.26.14:077][  0]LogConfig: Setting CVar [[r.VolumetricFog:1]]
[2021.06.05-18.26.14:077][  0]LogConfig: Setting CVar [[r.VolumetricFog.GridPixelSize:8]]
[2021.06.05-18.26.14:077][  0]LogConfig: Setting CVar [[r.VolumetricFog.GridSizeZ:128]]
[2021.06.05-18.26.14:077][  0]LogConfig: Setting CVar [[r.VolumetricFog.HistoryMissSupersampleCount:4]]
[2021.06.05-18.26.14:077][  0]LogConfig: Setting CVar [[r.LightMaxDrawDistanceScale:1]]
[2021.06.05-18.26.14:077][  0]LogConfig: Setting CVar [[r.CapsuleShadows:1]]
[2021.06.05-18.26.14:077][  0]LogConfig: Applying CVar settings from Section [PostProcessQuality@3] File [E:/Unreal Projects/SilentMilk/Saved/Config/Windows/Scalability.ini]
[2021.06.05-18.26.14:077][  0]LogConfig: Setting CVar [[r.MotionBlurQuality:4]]
[2021.06.05-18.26.14:077][  0]LogConfig: Setting CVar [[r.AmbientOcclusionMipLevelFactor:0.4]]
[2021.06.05-18.26.14:077][  0]LogConfig: Setting CVar [[r.AmbientOcclusionMaxQuality:100]]
[2021.06.05-18.26.14:077][  0]LogConfig: Setting CVar [[r.AmbientOcclusionLevels:-1]]
[2021.06.05-18.26.14:077][  0]LogConfig: Setting CVar [[r.AmbientOcclusionRadiusScale:1.0]]
[2021.06.05-18.26.14:077][  0]LogConfig: Setting CVar [[r.DepthOfFieldQuality:2]]
[2021.06.05-18.26.14:077][  0]LogConfig: Setting CVar [[r.RenderTargetPoolMin:400]]
[2021.06.05-18.26.14:077][  0]LogConfig: Setting CVar [[r.LensFlareQuality:2]]
[2021.06.05-18.26.14:077][  0]LogConfig: Setting CVar [[r.SceneColorFringeQuality:1]]
[2021.06.05-18.26.14:077][  0]LogConfig: Setting CVar [[r.EyeAdaptationQuality:2]]
[2021.06.05-18.26.14:077][  0]LogConfig: Setting CVar [[r.BloomQuality:5]]
[2021.06.05-18.26.14:077][  0]LogConfig: Setting CVar [[r.FastBlurThreshold:100]]
[2021.06.05-18.26.14:077][  0]LogConfig: Setting CVar [[r.Upscale.Quality:3]]
[2021.06.05-18.26.14:077][  0]LogConfig: Setting CVar [[r.Tonemapper.GrainQuantization:1]]
[2021.06.05-18.26.14:077][  0]LogConfig: Setting CVar [[r.LightShaftQuality:1]]
[2021.06.05-18.26.14:077][  0]LogConfig: Setting CVar [[r.Filter.SizeScale:1]]
[2021.06.05-18.26.14:077][  0]LogConfig: Setting CVar [[r.Tonemapper.Quality:5]]
[2021.06.05-18.26.14:077][  0]LogConfig: Setting CVar [[r.DOF.Gather.AccumulatorQuality:1        ; higher gathering accumulator quality]]
[2021.06.05-18.26.14:077][  0]LogConfig: Setting CVar [[r.DOF.Gather.PostfilterMethod:1          ; Median3x3 postfilering method]]
[2021.06.05-18.26.14:077][  0]LogConfig: Setting CVar [[r.DOF.Gather.EnableBokehSettings:0       ; no bokeh simulation when gathering]]
[2021.06.05-18.26.14:077][  0]LogConfig: Setting CVar [[r.DOF.Gather.RingCount:4                 ; medium number of samples when gathering]]
[2021.06.05-18.26.14:077][  0]LogConfig: Setting CVar [[r.DOF.Scatter.ForegroundCompositing:1    ; additive foreground scattering]]
[2021.06.05-18.26.14:077][  0]LogConfig: Setting CVar [[r.DOF.Scatter.BackgroundCompositing:2    ; additive background scattering]]
[2021.06.05-18.26.14:077][  0]LogConfig: Setting CVar [[r.DOF.Scatter.EnableBokehSettings:1      ; bokeh simulation when scattering]]
[2021.06.05-18.26.14:077][  0]LogConfig: Setting CVar [[r.DOF.Scatter.MaxSpriteRatio:0.1         ; only a maximum of 10% of scattered bokeh]]
[2021.06.05-18.26.14:077][  0]LogConfig: Setting CVar [[r.DOF.Recombine.Quality:1                ; cheap slight out of focus]]
[2021.06.05-18.26.14:077][  0]LogConfig: Setting CVar [[r.DOF.Recombine.EnableBokehSettings:0    ; no bokeh simulation on slight out of focus]]
[2021.06.05-18.26.14:077][  0]LogConfig: Setting CVar [[r.DOF.TemporalAAQuality:1                ; more stable temporal accumulation]]
[2021.06.05-18.26.14:077][  0]LogConfig: Setting CVar [[r.DOF.Kernel.MaxForegroundRadius:0.025]]
[2021.06.05-18.26.14:077][  0]LogConfig: Setting CVar [[r.DOF.Kernel.MaxBackgroundRadius:0.025]]
[2021.06.05-18.26.14:078][  0]LogConfig: Applying CVar settings from Section [TextureQuality@3] File [E:/Unreal Projects/SilentMilk/Saved/Config/Windows/Scalability.ini]
[2021.06.05-18.26.14:078][  0]LogConfig: Setting CVar [[r.Streaming.MipBias:0]]
[2021.06.05-18.26.14:078][  0]LogConfig: Setting CVar [[r.Streaming.AmortizeCPUToGPUCopy:0]]
[2021.06.05-18.26.14:078][  0]LogConfig: Setting CVar [[r.Streaming.MaxNumTexturesToStreamPerFrame:0]]
[2021.06.05-18.26.14:078][  0]LogConfig: Setting CVar [[r.Streaming.Boost:1]]
[2021.06.05-18.26.14:078][  0]LogConfig: Setting CVar [[r.MaxAnisotropy:8]]
[2021.06.05-18.26.14:078][  0]LogConfig: Setting CVar [[r.VT.MaxAnisotropy:8]]
[2021.06.05-18.26.14:078][  0]LogConfig: Setting CVar [[r.Streaming.LimitPoolSizeToVRAM:0]]
[2021.06.05-18.26.14:078][  0]LogConfig: Setting CVar [[r.Streaming.PoolSize:1000]]
[2021.06.05-18.26.14:078][  0]LogConfig: Setting CVar [[r.Streaming.MaxEffectiveScreenSize:0]]
[2021.06.05-18.26.14:078][  0]LogConfig: Applying CVar settings from Section [EffectsQuality@3] File [E:/Unreal Projects/SilentMilk/Saved/Config/Windows/Scalability.ini]
[2021.06.05-18.26.14:078][  0]LogConfig: Setting CVar [[r.TranslucencyLightingVolumeDim:64]]
[2021.06.05-18.26.14:078][  0]LogConfig: Setting CVar [[r.RefractionQuality:2]]
[2021.06.05-18.26.14:078][  0]LogConfig: Setting CVar [[r.SSR.Quality:3]]
[2021.06.05-18.26.14:078][  0]LogConfig: Setting CVar [[r.SSR.HalfResSceneColor:0]]
[2021.06.05-18.26.14:078][  0]LogConfig: Setting CVar [[r.SceneColorFormat:4]]
[2021.06.05-18.26.14:078][  0]LogConfig: Setting CVar [[r.DetailMode:2]]
[2021.06.05-18.26.14:078][  0]LogConfig: Setting CVar [[r.TranslucencyVolumeBlur:1]]
[2021.06.05-18.26.14:078][  0]LogConfig: Setting CVar [[r.MaterialQualityLevel:1 ; High quality]]
[2021.06.05-18.26.14:078][  0]LogConfig: Setting CVar [[r.SSS.Scale:1]]
[2021.06.05-18.26.14:078][  0]LogConfig: Setting CVar [[r.SSS.SampleSet:2]]
[2021.06.05-18.26.14:078][  0]LogConfig: Setting CVar [[r.SSS.Quality:1]]
[2021.06.05-18.26.14:078][  0]LogConfig: Setting CVar [[r.SSS.HalfRes:0]]
[2021.06.05-18.26.14:078][  0]LogConfig: Setting CVar [[r.SSGI.Quality:3]]
[2021.06.05-18.26.14:078][  0]LogConfig: Setting CVar [[r.EmitterSpawnRateScale:1.0]]
[2021.06.05-18.26.14:078][  0]LogConfig: Setting CVar [[r.ParticleLightQuality:2]]
[2021.06.05-18.26.14:078][  0]LogConfig: Setting CVar [[r.SkyAtmosphere.AerialPerspectiveLUT.FastApplyOnOpaque:1 ; Always have FastSkyLUT 1 in this case to avoid wrong sky]]
[2021.06.05-18.26.14:078][  0]LogConfig: Setting CVar [[r.SkyAtmosphere.AerialPerspectiveLUT.SampleCountPerSlice:1]]
[2021.06.05-18.26.14:078][  0]LogConfig: Setting CVar [[r.SkyAtmosphere.AerialPerspectiveLUT.DepthResolution:16.0]]
[2021.06.05-18.26.14:078][  0]LogConfig: Setting CVar [[r.SkyAtmosphere.FastSkyLUT:1]]
[2021.06.05-18.26.14:078][  0]LogConfig: Setting CVar [[r.SkyAtmosphere.FastSkyLUT.SampleCountMin:4.0]]
[2021.06.05-18.26.14:078][  0]LogConfig: Setting CVar [[r.SkyAtmosphere.FastSkyLUT.SampleCountMax:32.0]]
[2021.06.05-18.26.14:078][  0]LogConfig: Setting CVar [[r.SkyAtmosphere.SampleCountMin:4.0]]
[2021.06.05-18.26.14:078][  0]LogConfig: Setting CVar [[r.SkyAtmosphere.SampleCountMax:32.0]]
[2021.06.05-18.26.14:078][  0]LogConfig: Setting CVar [[r.SkyAtmosphere.TransmittanceLUT.UseSmallFormat:0]]
[2021.06.05-18.26.14:078][  0]LogConfig: Setting CVar [[r.SkyAtmosphere.TransmittanceLUT.SampleCount:10.0]]
[2021.06.05-18.26.14:078][  0]LogConfig: Setting CVar [[r.SkyAtmosphere.MultiScatteringLUT.SampleCount:15.0]]
[2021.06.05-18.26.14:078][  0]LogConfig: Applying CVar settings from Section [FoliageQuality@3] File [E:/Unreal Projects/SilentMilk/Saved/Config/Windows/Scalability.ini]
[2021.06.05-18.26.14:078][  0]LogConfig: Setting CVar [[foliage.DensityScale:1.0]]
[2021.06.05-18.26.14:078][  0]LogConfig: Setting CVar [[grass.DensityScale:1.0]]
[2021.06.05-18.26.14:078][  0]LogConfig: Applying CVar settings from Section [ShadingQuality@3] File [E:/Unreal Projects/SilentMilk/Saved/Config/Windows/Scalability.ini]
[2021.06.05-18.26.14:078][  0]LogConfig: Setting CVar [[r.HairStrands.SkyLighting.SampleCount:16]]
[2021.06.05-18.26.14:078][  0]LogConfig: Setting CVar [[r.HairStrands.SkyLighting.JitterIntegration:0]]
[2021.06.05-18.26.14:078][  0]LogConfig: Setting CVar [[r.HairStrands.SkyAO.SampleCount:16]]
[2021.06.05-18.26.14:078][  0]LogConfig: Setting CVar [[r.HairStrands.DeepShadow.SuperSampling:0]]
[2021.06.05-18.26.14:078][  0]LogConfig: Setting CVar [[r.HairStrands.VisibilityPPLL:0]]
[2021.06.05-18.26.14:078][  0]LogConfig: Setting CVar [[r.HairStrands.RasterizationScale:0.5]]
[2021.06.05-18.26.14:078][  0]LogConfig: Setting CVar [[r.HairStrands.VelocityRasterizationScale:1]]
[2021.06.05-18.26.14:078][  0]LogInit: Selected Device Profile: [Windows]
[2021.06.05-18.26.14:078][  0]LogInit: Applying CVar settings loaded from the selected device profile: [Windows]
[2021.06.05-18.26.14:078][  0]LogHAL: Display: Platform has ~ 6 GB [6367739904 / 8589934592 / 6], which maps to Smaller [LargestMinGB=32, LargerMinGB=12, DefaultMinGB=8, SmallerMinGB=6, SmallestMinGB=0)
[2021.06.05-18.26.14:078][  0]LogInit: Going up to parent DeviceProfile []
[2021.06.05-18.26.14:078][  0]LogConfig: Applying CVar settings from Section [ViewDistanceQuality@0] File [E:/Unreal Projects/SilentMilk/Saved/Config/Windows/Scalability.ini]
[2021.06.05-18.26.14:078][  0]LogConfig: Setting CVar [[r.SkeletalMeshLODBias:2]]
[2021.06.05-18.26.14:078][  0]LogConfig: Setting CVar [[r.ViewDistanceScale:0.4]]
[2021.06.05-18.26.14:078][  0]LogConfig: Applying CVar settings from Section [AntiAliasingQuality@0] File [E:/Unreal Projects/SilentMilk/Saved/Config/Windows/Scalability.ini]
[2021.06.05-18.26.14:078][  0]LogConfig: Setting CVar [[r.PostProcessAAQuality:0]]
[2021.06.05-18.26.14:078][  0]LogConfig: Applying CVar settings from Section [ShadowQuality@1] File [E:/Unreal Projects/SilentMilk/Saved/Config/Windows/Scalability.ini]
[2021.06.05-18.26.14:078][  0]LogConfig: Setting CVar [[r.LightFunctionQuality:1]]
[2021.06.05-18.26.14:078][  0]LogConfig: Setting CVar [[r.ShadowQuality:3]]
[2021.06.05-18.26.14:078][  0]LogConfig: Setting CVar [[r.Shadow.CSM.MaxCascades:1]]
[2021.06.05-18.26.14:078][  0]LogConfig: Setting CVar [[r.Shadow.MaxResolution:1024]]
[2021.06.05-18.26.14:078][  0]LogConfig: Setting CVar [[r.Shadow.MaxCSMResolution:1024]]
[2021.06.05-18.26.14:078][  0]LogConfig: Setting CVar [[r.Shadow.RadiusThreshold:0.05]]
[2021.06.05-18.26.14:078][  0]LogConfig: Setting CVar [[r.Shadow.DistanceScale:0.7]]
[2021.06.05-18.26.14:078][  0]LogConfig: Setting CVar [[r.Shadow.CSM.TransitionScale:0.25]]
[2021.06.05-18.26.14:078][  0]LogConfig: Setting CVar [[r.Shadow.PreShadowResolutionFactor:0.5]]
[2021.06.05-18.26.14:079][  0]LogConfig: Setting CVar [[r.DistanceFieldShadowing:0]]
[2021.06.05-18.26.14:079][  0]LogConfig: Setting CVar [[r.DistanceFieldAO:0]]
[2021.06.05-18.26.14:079][  0]LogConfig: Setting CVar [[r.VolumetricFog:0]]
[2021.06.05-18.26.14:079][  0]LogConfig: Setting CVar [[r.LightMaxDrawDistanceScale:.5]]
[2021.06.05-18.26.14:079][  0]LogConfig: Setting CVar [[r.CapsuleShadows:1]]
[2021.06.05-18.26.14:079][  0]LogConfig: Applying CVar settings from Section [PostProcessQuality@1] File [E:/Unreal Projects/SilentMilk/Saved/Config/Windows/Scalability.ini]
[2021.06.05-18.26.14:079][  0]LogConfig: Setting CVar [[r.MotionBlurQuality:3]]
[2021.06.05-18.26.14:079][  0]LogConfig: Setting CVar [[r.AmbientOcclusionMipLevelFactor:1.0]]
[2021.06.05-18.26.14:079][  0]LogConfig: Setting CVar [[r.AmbientOcclusionMaxQuality:60]]
[2021.06.05-18.26.14:079][  0]LogConfig: Setting CVar [[r.AmbientOcclusionLevels:-1]]
[2021.06.05-18.26.14:079][  0]LogConfig: Setting CVar [[r.AmbientOcclusionRadiusScale:1.5]]
[2021.06.05-18.26.14:079][  0]LogConfig: Setting CVar [[r.DepthOfFieldQuality:1]]
[2021.06.05-18.26.14:079][  0]LogConfig: Setting CVar [[r.RenderTargetPoolMin:350]]
[2021.06.05-18.26.14:079][  0]LogConfig: Setting CVar [[r.LensFlareQuality:0]]
[2021.06.05-18.26.14:079][  0]LogConfig: Setting CVar [[r.SceneColorFringeQuality:0]]
[2021.06.05-18.26.14:079][  0]LogConfig: Setting CVar [[r.EyeAdaptationQuality:0]]
[2021.06.05-18.26.14:079][  0]LogConfig: Setting CVar [[r.BloomQuality:4]]
[2021.06.05-18.26.14:079][  0]LogConfig: Setting CVar [[r.FastBlurThreshold:2]]
[2021.06.05-18.26.14:079][  0]LogConfig: Setting CVar [[r.Upscale.Quality:2]]
[2021.06.05-18.26.14:079][  0]LogConfig: Setting CVar [[r.Tonemapper.GrainQuantization:0]]
[2021.06.05-18.26.14:079][  0]LogConfig: Setting CVar [[r.LightShaftQuality:0]]
[2021.06.05-18.26.14:079][  0]LogConfig: Setting CVar [[r.Filter.SizeScale:0.7]]
[2021.06.05-18.26.14:079][  0]LogConfig: Setting CVar [[r.Tonemapper.Quality:2]]
[2021.06.05-18.26.14:079][  0]LogConfig: Setting CVar [[r.DOF.Gather.AccumulatorQuality:0        ; lower gathering accumulator quality]]
[2021.06.05-18.26.14:079][  0]LogConfig: Setting CVar [[r.DOF.Gather.PostfilterMethod:2          ; Max3x3 postfilering method]]
[2021.06.05-18.26.14:079][  0]LogConfig: Setting CVar [[r.DOF.Gather.EnableBokehSettings:0       ; no bokeh simulation when gathering]]
[2021.06.05-18.26.14:079][  0]LogConfig: Setting CVar [[r.DOF.Gather.RingCount:3                 ; low number of samples when gathering]]
[2021.06.05-18.26.14:079][  0]LogConfig: Setting CVar [[r.DOF.Scatter.ForegroundCompositing:0    ; no foreground scattering]]
[2021.06.05-18.26.14:079][  0]LogConfig: Setting CVar [[r.DOF.Scatter.BackgroundCompositing:0    ; no foreground scattering]]
[2021.06.05-18.26.14:079][  0]LogConfig: Setting CVar [[r.DOF.Recombine.Quality:0                ; no slight out of focus]]
[2021.06.05-18.26.14:079][  0]LogConfig: Setting CVar [[r.DOF.TemporalAAQuality:0                ; faster temporal accumulation]]
[2021.06.05-18.26.14:079][  0]LogConfig: Setting CVar [[r.DOF.Kernel.MaxForegroundRadius:0.006   ; required because low gathering and no scattering and not looking great at 1080p]]
[2021.06.05-18.26.14:079][  0]LogConfig: Setting CVar [[r.DOF.Kernel.MaxBackgroundRadius:0.006   ; required because low gathering and no scattering and not looking great at 1080p]]
[2021.06.05-18.26.14:079][  0]LogConfig: Applying CVar settings from Section [TextureQuality@1] File [E:/Unreal Projects/SilentMilk/Saved/Config/Windows/Scalability.ini]
[2021.06.05-18.26.14:079][  0]LogConfig: Setting CVar [[r.Streaming.MipBias:1]]
[2021.06.05-18.26.14:079][  0]LogConfig: Setting CVar [[r.Streaming.AmortizeCPUToGPUCopy:0]]
[2021.06.05-18.26.14:079][  0]LogConfig: Setting CVar [[r.Streaming.MaxNumTexturesToStreamPerFrame:0]]
[2021.06.05-18.26.14:079][  0]LogConfig: Setting CVar [[r.Streaming.Boost:1]]
[2021.06.05-18.26.14:079][  0]LogConfig: Setting CVar [[r.MaxAnisotropy:2]]
[2021.06.05-18.26.14:079][  0]LogConfig: Setting CVar [[r.VT.MaxAnisotropy:4]]
[2021.06.05-18.26.14:079][  0]LogConfig: Setting CVar [[r.Streaming.LimitPoolSizeToVRAM:1]]
[2021.06.05-18.26.14:079][  0]LogConfig: Setting CVar [[r.Streaming.PoolSize:600]]
[2021.06.05-18.26.14:079][  0]LogConfig: Setting CVar [[r.Streaming.MaxEffectiveScreenSize:0]]
[2021.06.05-18.26.14:079][  0]LogConfig: Applying CVar settings from Section [EffectsQuality@1] File [E:/Unreal Projects/SilentMilk/Saved/Config/Windows/Scalability.ini]
[2021.06.05-18.26.14:079][  0]LogConfig: Setting CVar [[r.TranslucencyLightingVolumeDim:32]]
[2021.06.05-18.26.14:079][  0]LogConfig: Setting CVar [[r.RefractionQuality:0]]
[2021.06.05-18.26.14:079][  0]LogConfig: Setting CVar [[r.SSR.Quality:0]]
[2021.06.05-18.26.14:079][  0]LogConfig: Setting CVar [[r.SSR.HalfResSceneColor:1]]
[2021.06.05-18.26.14:079][  0]LogConfig: Setting CVar [[r.SceneColorFormat:3]]
[2021.06.05-18.26.14:079][  0]LogConfig: Setting CVar [[r.DetailMode:1]]
[2021.06.05-18.26.14:079][  0]LogConfig: Setting CVar [[r.TranslucencyVolumeBlur:0]]
[2021.06.05-18.26.14:079][  0]LogConfig: Setting CVar [[r.MaterialQualityLevel:2 ; Medium quality]]
[2021.06.05-18.26.14:079][  0]LogConfig: Setting CVar [[r.SSS.Scale:0.75]]
[2021.06.05-18.26.14:079][  0]LogConfig: Setting CVar [[r.SSS.SampleSet:0]]
[2021.06.05-18.26.14:079][  0]LogConfig: Setting CVar [[r.SSS.Quality:0]]
[2021.06.05-18.26.14:079][  0]LogConfig: Setting CVar [[r.SSS.HalfRes:1]]
[2021.06.05-18.26.14:079][  0]LogConfig: Setting CVar [[r.SSGI.Quality:1]]
[2021.06.05-18.26.14:079][  0]LogConfig: Setting CVar [[r.EmitterSpawnRateScale:0.25]]
[2021.06.05-18.26.14:079][  0]LogConfig: Setting CVar [[r.ParticleLightQuality:0]]
[2021.06.05-18.26.14:079][  0]LogConfig: Setting CVar [[r.SkyAtmosphere.AerialPerspectiveLUT.FastApplyOnOpaque:1 ; Always have FastSkyLUT 1 in this case to avoid wrong sky]]
[2021.06.05-18.26.14:079][  0]LogConfig: Setting CVar [[r.SkyAtmosphere.AerialPerspectiveLUT.SampleCountPerSlice:1]]
[2021.06.05-18.26.14:079][  0]LogConfig: Setting CVar [[r.SkyAtmosphere.AerialPerspectiveLUT.DepthResolution:16.0]]
[2021.06.05-18.26.14:079][  0]LogConfig: Setting CVar [[r.SkyAtmosphere.FastSkyLUT:1]]
[2021.06.05-18.26.14:079][  0]LogConfig: Setting CVar [[r.SkyAtmosphere.FastSkyLUT.SampleCountMin:4.0]]
[2021.06.05-18.26.14:079][  0]LogConfig: Setting CVar [[r.SkyAtmosphere.FastSkyLUT.SampleCountMax:32.0]]
[2021.06.05-18.26.14:079][  0]LogConfig: Setting CVar [[r.SkyAtmosphere.SampleCountMin:4.0]]
[2021.06.05-18.26.14:079][  0]LogConfig: Setting CVar [[r.SkyAtmosphere.SampleCountMax:32.0]]
[2021.06.05-18.26.14:079][  0]LogConfig: Setting CVar [[r.SkyAtmosphere.TransmittanceLUT.UseSmallFormat:0]]
[2021.06.05-18.26.14:079][  0]LogConfig: Setting CVar [[r.SkyAtmosphere.TransmittanceLUT.SampleCount:10.0]]
[2021.06.05-18.26.14:079][  0]LogConfig: Setting CVar [[r.SkyAtmosphere.MultiScatteringLUT.SampleCount:15.0]]
[2021.06.05-18.26.14:079][  0]LogConfig: Applying CVar settings from Section [FoliageQuality@1] File [E:/Unreal Projects/SilentMilk/Saved/Config/Windows/Scalability.ini]
[2021.06.05-18.26.14:079][  0]LogConfig: Setting CVar [[foliage.DensityScale:0.4]]
[2021.06.05-18.26.14:079][  0]LogConfig: Setting CVar [[grass.DensityScale:0.4]]
[2021.06.05-18.26.14:079][  0]LogConfig: Applying CVar settings from Section [ShadingQuality@1] File [E:/Unreal Projects/SilentMilk/Saved/Config/Windows/Scalability.ini]
[2021.06.05-18.26.14:079][  0]LogConfig: Setting CVar [[r.HairStrands.SkyLighting.SampleCount:16]]
[2021.06.05-18.26.14:079][  0]LogConfig: Setting CVar [[r.HairStrands.SkyLighting.JitterIntegration:0]]
[2021.06.05-18.26.14:079][  0]LogConfig: Setting CVar [[r.HairStrands.SkyAO.SampleCount:16]]
[2021.06.05-18.26.14:079][  0]LogConfig: Setting CVar [[r.HairStrands.DeepShadow.SuperSampling:0]]
[2021.06.05-18.26.14:079][  0]LogConfig: Setting CVar [[r.HairStrands.VisibilityPPLL:0]]
[2021.06.05-18.26.14:079][  0]LogConfig: Setting CVar [[r.HairStrands.RasterizationScale:0.5]]
[2021.06.05-18.26.14:080][  0]LogConfig: Setting CVar [[r.HairStrands.VelocityRasterizationScale:1]]
[2021.06.05-18.26.14:080][  0]LogConfig: Applying CVar settings from Section [Startup] File [../../../Engine/Config/ConsoleVariables.ini]
[2021.06.05-18.26.14:080][  0]LogConfig: Setting CVar [[net.UseAdaptiveNetUpdateFrequency:0]]
[2021.06.05-18.26.14:080][  0]LogConfig: Setting CVar [[p.chaos.AllowCreatePhysxBodies:1]]
[2021.06.05-18.26.14:080][  0]LogConfig: Setting CVar [[fx.SkipVectorVMBackendOptimizations:1]]
[2021.06.05-18.26.14:080][  0]LogConfig: Applying CVar settings from Section [ConsoleVariables] File [E:/Unreal Projects/SilentMilk/Saved/Config/Windows/Engine.ini]
[2021.06.05-18.26.14:080][  0]LogInit: Computer: JUANBACON-ESC
[2021.06.05-18.26.14:080][  0]LogInit: User: Windows10
[2021.06.05-18.26.14:080][  0]LogInit: CPU Page size=4096, Cores=4
[2021.06.05-18.26.14:080][  0]LogInit: High frequency timer resolution =10.000000 MHz
[2021.06.05-18.26.14:080][  0]LogMemory: Memory total: Physical=5.9GB (6GB approx)
[2021.06.05-18.26.14:080][  0]LogMemory: Platform Memory Stats for Windows
[2021.06.05-18.26.14:080][  0]LogMemory: Process Physical Memory: 116.66 MB used, 116.66 MB peak
[2021.06.05-18.26.14:080][  0]LogMemory: Process Virtual Memory: 98.19 MB used, 98.19 MB peak
[2021.06.05-18.26.14:080][  0]LogMemory: Physical Memory: 4005.85 MB used,  2066.90 MB free, 6072.75 MB total
[2021.06.05-18.26.14:080][  0]LogMemory: Virtual Memory: 5146.86 MB used,  134212584.00 MB free, 134217728.00 MB total
[2021.06.05-18.26.14:088][  0]LogWindows: WindowsPlatformFeatures enabled
[2021.06.05-18.26.14:398][  0]LogInit: Physics initialised using underlying interface: PhysX
[2021.06.05-18.26.14:430][  0]LogInit: Overriding language with editor language configuration option (en).
[2021.06.05-18.26.14:430][  0]LogInit: Overriding locale with editor locale configuration option (en).
[2021.06.05-18.26.15:070][  0]LogInit: Setting process to per monitor DPI aware
[2021.06.05-18.26.15:233][  0]LogSlate: New Slate User Created.  User Index 0, Is Virtual User: 0
[2021.06.05-18.26.15:233][  0]LogSlate: Slate User Registered.  User Index 0, Is Virtual User: 0
[2021.06.05-18.26.17:472][  0]LogHMD: Failed to initialize OpenVR with code 110
[2021.06.05-18.26.17:472][  0]LogD3D11RHI: D3D11 min allowed feature level: 11_0
[2021.06.05-18.26.17:472][  0]LogD3D11RHI: D3D11 max allowed feature level: 11_0
[2021.06.05-18.26.17:472][  0]LogD3D11RHI: D3D11 adapters:
[2021.06.05-18.26.17:516][  0]LogD3D11RHI:    0. 'AMD Radeon(TM) RX Vega 11 Graphics' (Feature Level 11_0)
[2021.06.05-18.26.17:516][  0]LogD3D11RHI:       2033/0/3036 MB DedicatedVideo/DedicatedSystem/SharedSystem, Outputs:1, VendorId:0x1002
[2021.06.05-18.26.17:519][  0]LogD3D11RHI:    1. 'Microsoft Basic Render Driver' (Feature Level 11_0)
[2021.06.05-18.26.17:519][  0]LogD3D11RHI:       0/0/3036 MB DedicatedVideo/DedicatedSystem/SharedSystem, Outputs:0, VendorId:0x1414
[2021.06.05-18.26.17:519][  0]LogD3D11RHI: Chosen D3D11 Adapter: 0
[2021.06.05-18.26.17:526][  0]LogD3D11RHI: Creating new Direct3DDevice
[2021.06.05-18.26.17:527][  0]LogD3D11RHI:     GPU DeviceId: 0x15d8 (for the marketing name, search the web for "GPU Device Id")
[2021.06.05-18.26.17:527][  0]LogWindows: EnumDisplayDevices:
[2021.06.05-18.26.17:527][  0]LogWindows:    0. 'AMD 15D8:C8' (P:1 D:1)
[2021.06.05-18.26.17:527][  0]LogWindows:    1. 'AMD 15D8:C8' (P:0 D:0)
[2021.06.05-18.26.17:527][  0]LogWindows:    2. 'AMD 15D8:C8' (P:0 D:0)
[2021.06.05-18.26.17:528][  0]LogWindows:    3. 'AMD 15D8:C8' (P:0 D:0)
[2021.06.05-18.26.17:528][  0]LogWindows:    4. 'AMD 15D8:C8' (P:0 D:0)
[2021.06.05-18.26.17:528][  0]LogWindows:    5. 'AMD 15D8:C8' (P:0 D:0)
[2021.06.05-18.26.17:529][  0]LogWindows: DebugString: PrimaryIsNotTheChoosenAdapter PrimaryIsNotTheChoosenAdapter PrimaryIsNotTheChoosenAdapter PrimaryIsNotTheChoosenAdapter PrimaryIsNotTheChoosenAdapter PrimaryIsNotTheChoosenAdapter FoundDriverCount:0 
[2021.06.05-18.26.17:529][  0]LogD3D11RHI:     Adapter Name: AMD Radeon(TM) RX Vega 11 Graphics
[2021.06.05-18.26.17:529][  0]LogD3D11RHI:   Driver Version: Unknown (internal:Unknown, unified:Unknown)
[2021.06.05-18.26.17:529][  0]LogD3D11RHI:      Driver Date: Unknown
[2021.06.05-18.26.17:529][  0]LogRHI: Texture pool is 3193 MB (70% of 4562 MB)
[2021.06.05-18.26.17:606][  0]LogD3D11RHI: RHI has support for 64 bit atomics
[2021.06.05-18.26.17:606][  0]LogD3D11RHI: Async texture creation enabled
[2021.06.05-18.26.17:606][  0]LogD3D11RHI: Array index from any shader is supported
[2021.06.05-18.26.17:617][  0]LogD3D11RHI: GPU Timing Frequency: 25.000000 (Debug: 2 1)
[2021.06.05-18.26.18:534][  0]LogTargetPlatformManager: Display: Loaded TargetPlatform 'AllDesktop'
[2021.06.05-18.26.18:567][  0]LogTargetPlatformManager: Display: Loaded TargetPlatform 'Android'
[2021.06.05-18.26.18:567][  0]LogTargetPlatformManager: Display: Loaded TargetPlatform 'Android_ASTC'
[2021.06.05-18.26.18:567][  0]LogTargetPlatformManager: Display: Loaded TargetPlatform 'Android_DXT'
[2021.06.05-18.26.18:567][  0]LogTargetPlatformManager: Display: Loaded TargetPlatform 'Android_ETC2'
[2021.06.05-18.26.18:567][  0]LogTargetPlatformManager: Display: Loaded TargetPlatform 'AndroidClient'
[2021.06.05-18.26.18:567][  0]LogTargetPlatformManager: Display: Loaded TargetPlatform 'Android_ASTCClient'
[2021.06.05-18.26.18:567][  0]LogTargetPlatformManager: Display: Loaded TargetPlatform 'Android_DXTClient'
[2021.06.05-18.26.18:567][  0]LogTargetPlatformManager: Display: Loaded TargetPlatform 'Android_ETC2Client'
[2021.06.05-18.26.18:567][  0]LogTargetPlatformManager: Display: Loaded TargetPlatform 'Android_Multi'
[2021.06.05-18.26.18:567][  0]LogTargetPlatformManager: Display: Loaded TargetPlatform 'Android_MultiClient'
[2021.06.05-18.26.18:676][  0]LogTargetPlatformManager: Display: Loaded TargetPlatform 'IOSClient'
[2021.06.05-18.26.18:676][  0]LogTargetPlatformManager: Display: Loaded TargetPlatform 'IOS'
[2021.06.05-18.26.18:719][  0]LogTargetPlatformManager: Display: Loaded TargetPlatform 'Linux'
[2021.06.05-18.26.18:747][  0]LogTargetPlatformManager: Display: Loaded TargetPlatform 'LinuxNoEditor'
[2021.06.05-18.26.18:765][  0]LogTargetPlatformManager: Display: Loaded TargetPlatform 'LinuxClient'
[2021.06.05-18.26.18:788][  0]LogTargetPlatformManager: Display: Loaded TargetPlatform 'LinuxServer'
[2021.06.05-18.26.18:807][  0]LogTargetPlatformManager: Display: Loaded TargetPlatform 'LinuxAArch64NoEditor'
[2021.06.05-18.26.18:842][  0]LogTargetPlatformManager: Display: Loaded TargetPlatform 'LinuxAArch64Client'
[2021.06.05-18.26.18:855][  0]LogTargetPlatformManager: Display: Loaded TargetPlatform 'LinuxAArch64Server'
[2021.06.05-18.26.18:908][  0]LogTargetPlatformManager: Display: Loaded TargetPlatform 'Lumin'
[2021.06.05-18.26.18:908][  0]LogTargetPlatformManager: Display: Loaded TargetPlatform 'LuminClient'
[2021.06.05-18.26.18:936][  0]LogTargetPlatformManager: Display: Loaded TargetPlatform 'TVOSClient'
[2021.06.05-18.26.18:936][  0]LogTargetPlatformManager: Display: Loaded TargetPlatform 'TVOS'
[2021.06.05-18.26.18:951][  0]LogTargetPlatformManager: Display: Loaded TargetPlatform 'WindowsNoEditor'
[2021.06.05-18.26.18:968][  0]LogTargetPlatformManager: Display: Loaded TargetPlatform 'Windows'
[2021.06.05-18.26.18:987][  0]LogTargetPlatformManager: Display: Loaded TargetPlatform 'WindowsClient'
[2021.06.05-18.26.19:000][  0]LogTargetPlatformManager: Display: Loaded TargetPlatform 'WindowsServer'
[2021.06.05-18.26.19:000][  0]LogTargetPlatformManager: Display: Building Assets For Windows
[2021.06.05-18.26.19:100][  0]LogAudioDebug: Display: Lib vorbis DLL was dynamically loaded.
[2021.06.05-18.26.19:456][  0]LogShaderCompilers: Guid format shader working directory is 6 characters bigger than the processId version (../../../../../../Unreal Projects/SilentMilk/Intermediate/Shaders/WorkingDirectory/11864/).
[2021.06.05-18.26.19:456][  0]LogShaderCompilers: Cleaned the shader compiler working directory 'C:/Users/Windows 10/AppData/Local/Temp/UnrealShaderWorkingDir/F514681946C9DE7FF09B5BA5A89A5A96/'.
[2021.06.05-18.26.19:467][  0]LogXGEController: Cleaning working directory: C:/Users/Windows 10/AppData/Local/Temp/UnrealXGEWorkingDir/
[2021.06.05-18.26.19:467][  0]LogXGEController: Cannot use XGE Controller as Incredibuild is not installed on this machine.
[2021.06.05-18.26.19:467][  0]LogShaderCompilers: Cannot use XGE Shader Compiler as Incredibuild is not installed on this machine.
[2021.06.05-18.26.19:467][  0]LogShaderCompilers: Display: Using Local Shader Compiler.
[2021.06.05-18.26.21:144][  0]LogDerivedDataCache: Display: Max Cache Size: 512 MB
[2021.06.05-18.26.21:350][  0]LogDerivedDataCache: Loaded boot cache 0.21s 76MB C:/Users/Windows 10/AppData/Local/UnrealEngine/4.25/DerivedDataCache/Boot.ddc.
[2021.06.05-18.26.21:350][  0]LogDerivedDataCache: Display: Loaded Boot cache: C:/Users/Windows 10/AppData/Local/UnrealEngine/4.25/DerivedDataCache/Boot.ddc
[2021.06.05-18.26.21:350][  0]LogDerivedDataCache: FDerivedDataBackendGraph:  Pak pak cache file ../../../../../../Unreal Projects/SilentMilk/DerivedDataCache/DDC.ddp not found, will not use a pak cache.
[2021.06.05-18.26.21:350][  0]LogDerivedDataCache: Unable to find inner node Pak for hierarchical cache Hierarchy.
[2021.06.05-18.26.21:350][  0]LogDerivedDataCache: FDerivedDataBackendGraph:  CompressedPak pak cache file ../../../../../../Unreal Projects/SilentMilk/DerivedDataCache/Compressed.ddp not found, will not use a pak cache.
[2021.06.05-18.26.21:350][  0]LogDerivedDataCache: Unable to find inner node CompressedPak for hierarchical cache Hierarchy.
[2021.06.05-18.26.21:364][  0]LogDerivedDataCache: Display: Pak cache opened for reading ../../../Engine/DerivedDataCache/Compressed.ddp.
[2021.06.05-18.26.21:364][  0]LogDerivedDataCache: FDerivedDataBackendGraph:  EnterprisePak pak cache file ../../../Enterprise/DerivedDataCache/Compressed.ddp not found, will not use a pak cache.
[2021.06.05-18.26.21:364][  0]LogDerivedDataCache: Unable to find inner node EnterprisePak for hierarchical cache Hierarchy.
[2021.06.05-18.26.21:366][  0]LogDerivedDataCache: Using Local data cache path C:/Users/Windows 10/AppData/Local/UnrealEngine/Common/DerivedDataCache: Writable
[2021.06.05-18.26.21:366][  0]LogDerivedDataCache: Shared data cache path not found in *engine.ini, will not use an Shared cache.
[2021.06.05-18.26.21:366][  0]LogDerivedDataCache: Unable to find inner node Shared for hierarchical cache Hierarchy.
[2021.06.05-18.26.21:418][  0]LogSlate: Using FreeType 2.10.0
[2021.06.05-18.26.21:444][  0]LogSlate: SlateFontServices - WITH_FREETYPE: 1, WITH_HARFBUZZ: 1
[2021.06.05-18.26.22:771][  0]LogAssetRegistry: FAssetRegistry took 0.0032 seconds to start up
[2021.06.05-18.26.23:120][  0]LogInit: Selected Device Profile: [Windows]
[2021.06.05-18.26.23:612][  0]LogMeshReduction: Using QuadricMeshReduction for automatic static mesh reduction
[2021.06.05-18.26.23:612][  0]LogMeshReduction: Using SimplygonMeshReduction for automatic skeletal mesh reduction
[2021.06.05-18.26.23:612][  0]LogMeshReduction: Using ProxyLODMeshReduction for automatic mesh merging
[2021.06.05-18.26.23:612][  0]LogMeshReduction: No distributed automatic mesh merging module available
[2021.06.05-18.26.23:612][  0]LogMeshMerging: No distributed automatic mesh merging module available
[2021.06.05-18.26.23:650][  0]LogNetVersion: SilentMilk 1.0.0, NetCL: 13144385, EngineNetVer: 14, GameNetVer: 0 (Checksum: 3584156202)
[2021.06.05-18.26.37:034][  0]LogAISub: UAISubsystem::UAISubsystem AISubsystem (000001AFF785A980), frame # 0
[2021.06.05-18.26.37:034][  0]LogAISub: UAISubsystem::UAISubsystem AIPerceptionSystem (000001AFF76F6AC0), frame # 0
[2021.06.05-18.26.37:036][  0]LogAISub: UAISubsystem::UAISubsystem EnvQueryManager (000001AFF784AA00), frame # 0
[2021.06.05-18.26.37:109][  0]LogPackageLocalizationCache: Processed 19 localized package path(s) for 1 prioritized culture(s) in 0.064800 seconds
[2021.06.05-18.26.37:118][  0]LogUObjectArray: 15917 objects as part of root set at end of initial load.
[2021.06.05-18.26.37:118][  0]LogUObjectAllocator: 3965568 out of 0 bytes used by permanent object pool.
[2021.06.05-18.26.37:118][  0]LogUObjectArray: CloseDisregardForGC: 0/0 objects in disregard for GC pool
[2021.06.05-18.26.39:097][  0]LogTcpMessaging: Initializing TcpMessaging bridge
[2021.06.05-18.26.39:118][  0]LogUdpMessaging: Initializing bridge on interface 0.0.0.0:0 to multicast group 230.0.0.1:6666.
[2021.06.05-18.26.39:535][  0]SourceControl: Source control is disabled
[2021.06.05-18.26.39:535][  0]SourceControl: Source control is disabled
[2021.06.05-18.26.39:567][  0]SourceControl: Source control is disabled
[2021.06.05-18.26.39:582][  0]SourceControl: Source control is disabled
[2021.06.05-18.26.39:615][  0]SourceControl: Source control is disabled
[2021.06.05-18.26.40:874][  0]LogAndroidPermission: UAndroidPermissionCallbackProxy::GetInstance
[2021.06.05-18.26.41:078][  0]LogAudioCaptureCore: Display: No Audio Capture implementations found. Audio input will be silent.
[2021.06.05-18.26.41:078][  0]LogAudioCaptureCore: Display: No Audio Capture implementations found. Audio input will be silent.
[2021.06.05-18.26.41:267][  0]LogOcInput: OculusInput pre-init called
[2021.06.05-18.26.41:316][  0]LogWindows: Failed to load 'OVRPlugin.dll' (GetLastError=126)
[2021.06.05-18.26.41:316][  0]LogWindows: File 'OVRPlugin.dll' does not exist
[2021.06.05-18.26.41:559][  0]LogEngine: Initializing Engine...
[2021.06.05-18.26.41:561][  0]LogHMD: Failed to initialize OpenVR with code 110
[2021.06.05-18.26.41:561][  0]LogMagicLeap: Warning: VR disabled because ZI is not enabled.  To enable, in the editor, Edit -> Project Settings -> Plugins -> Magic Leap Plugin -> Enable Zero Iteration
[2021.06.05-18.26.41:562][  0]LogStats: UGameplayTagsManager::InitializeManager -  0.000 s
[2021.06.05-18.26.41:726][  0]LogInit: Initializing FReadOnlyCVARCache
[2021.06.05-18.26.41:756][  0]LogAIModule: Creating AISystem for world Untitled
[2021.06.05-18.26.41:756][  0]LogAISub: UAISubsystem::UAISubsystem EnvQueryManager (000001AFFB785C00), frame # 0
[2021.06.05-18.26.41:756][  0]LogAISub: UAISubsystem::UAISubsystem AIPerceptionSystem (000001AFFB767B00), frame # 0
[2021.06.05-18.26.41:774][  0]LogAudioMixer: Display: Audio Mixer Platform Settings:
[2021.06.05-18.26.41:774][  0]LogAudioMixer: Display: 	Sample Rate:						  48000
[2021.06.05-18.26.41:774][  0]LogAudioMixer: Display: 	Callback Buffer Frame Size Requested: 1024
[2021.06.05-18.26.41:774][  0]LogAudioMixer: Display: 	Callback Buffer Frame Size To Use:	  1024
[2021.06.05-18.26.41:774][  0]LogAudioMixer: Display: 	Number of buffers to queue:			  2
[2021.06.05-18.26.41:774][  0]LogAudioMixer: Display: 	Max Channels (voices):				  32
[2021.06.05-18.26.41:774][  0]LogAudioMixer: Display: 	Number of Async Source Workers:		  0
[2021.06.05-18.26.41:774][  0]LogAudio: Display: AudioDevice MaxSources: 32
[2021.06.05-18.26.41:775][  0]LogAudio: Display: Using built-in audio occlusion.
[2021.06.05-18.26.41:775][  0]LogAudioMixer: Display: Initializing audio mixer.
[2021.06.05-18.26.41:799][  0]LogAudioMixer: Display: 0: FrontLeft
[2021.06.05-18.26.41:800][  0]LogAudioMixer: Display: 1: FrontRight
[2021.06.05-18.26.41:836][  0]LogAudioMixer: Display: Using Audio Device Altavoces (High Definition Audio Device)
[2021.06.05-18.26.41:839][  0]LogAudioMixer: Display: Initializing Sound Submixes...
[2021.06.05-18.26.41:842][  0]LogAudioMixer: Display: Creating Master Submix 'MasterSubmixDefault'
[2021.06.05-18.26.41:842][  0]LogAudioMixer: Display: Creating Master Submix 'MasterReverbSubmixDefault'
[2021.06.05-18.26.41:843][  0]LogAudioMixer: Display: Creating Master Submix 'MasterEQSubmixDefault'
[2021.06.05-18.26.41:844][  0]LogInit: FAudioDevice initialized.
[2021.06.05-18.26.41:844][  0]LogNetVersion: Set ProjectVersion to 1.0.0.0. Version Checksum will be recalculated on next use.
[2021.06.05-18.26.42:449][  0]LogDerivedDataCache: Saved boot cache 0.60s 76MB C:/Users/Windows 10/AppData/Local/UnrealEngine/4.25/DerivedDataCache/Boot.ddc.
[2021.06.05-18.26.42:450][  0]LogInit: Texture streaming: Enabled
[2021.06.05-18.26.42:523][  0]LogEngineSessionManager: EngineSessionManager initialized
[2021.06.05-18.26.42:523][  0]LogEditorSessionSummary: Verbose: Initializing EditorSessionSummaryWriter for editor session tracking
[2021.06.05-18.26.42:526][  0]LogEditorSessionSummary: EditorSessionSummaryWriter initialized
[2021.06.05-18.26.42:680][  0]LogInit: Transaction tracking system initialized
[2021.06.05-18.26.42:877][  0]BlueprintLog: New page: Editor Load
[2021.06.05-18.26.43:257][  0]LocalizationService: Localization service is disabled
[2021.06.05-18.26.45:210][  0]LogCook: Display: Max memory allowance for cook 16384mb min free memory 0mb
[2021.06.05-18.26.45:211][  0]LogCook: Display: Mobile HDR setting 1
[2021.06.05-18.26.45:426][  0]LogFileCache: Scanning file cache for directory 'E:/Unreal Projects/SilentMilk/Content/' took 0.01s
[2021.06.05-18.26.47:198][  0]SourceControl: Source control is disabled
[2021.06.05-18.26.47:198][  0]LogUnrealEdMisc: Loading editor; pre map load, took 42.797
[2021.06.05-18.26.47:198][  0]Cmd: MAP LOAD FILE="../../../../../../Unreal Projects/SilentMilk/Content/SilentMilk/Niveles/Nivel1.umap" TEMPLATE=0 SHOWPROGRESS=1 FEATURELEVEL=3
[2021.06.05-18.26.47:198][  0]LogEditorServer: Warning: Can't find file '../../../../../../Unreal Projects/SilentMilk/Content/SilentMilk/Niveles/Nivel1.umap'
[2021.06.05-18.26.47:198][  0]Cmd: MAP CHECKDEP NOCLEARLOG
[2021.06.05-18.26.47:199][  0]MapCheck: Map check complete: 0 Error(s), 0 Warning(s), took 0.132ms to complete.
[2021.06.05-18.26.47:199][  0]LogFileHelpers: Loading map 'Nivel1' took 0.001
[2021.06.05-18.26.47:201][  0]LogUnrealEdMisc: Total Editor Startup Time, took 42.799
[2021.06.05-18.26.47:339][  0]LogSlate: Updating window title bar state: overlay mode, drag disabled, window buttons hidden, title bar hidden
[2021.06.05-18.26.47:349][  0]LogSlate: Updating window title bar state: overlay mode, drag disabled, window buttons hidden, title bar hidden
[2021.06.05-18.26.47:361][  0]LogSlate: Updating window title bar state: overlay mode, drag disabled, window buttons hidden, title bar hidden
[2021.06.05-18.26.47:369][  0]LogSlate: Updating window title bar state: overlay mode, drag disabled, window buttons hidden, title bar hidden
[2021.06.05-18.26.47:461][  0]LogCollectionManager: Loaded 0 collections in 0.001263 seconds
[2021.06.05-18.26.47:493][  0]LogFileCache: Scanning file cache for directory 'E:/Unreal Projects/SilentMilk/Saved/Collections/' took 0.00s
[2021.06.05-18.26.47:493][  0]LogFileCache: Scanning file cache for directory 'E:/Unreal Projects/SilentMilk/Content/Developers/Windows10/Collections/' took 0.00s
[2021.06.05-18.26.47:493][  0]LogFileCache: Scanning file cache for directory 'E:/Unreal Projects/SilentMilk/Content/Collections/' took 0.00s
[2021.06.05-18.26.47:493][  0]LogContentBrowser: Native class hierarchy populated in 0.0135 seconds. Added 3427 classes and 821 folders.
[2021.06.05-18.26.47:561][  0]LogContentBrowser: Native class hierarchy updated for 'WidgetCarousel' in 0.0005 seconds. Added 0 classes and 0 folders.
[2021.06.05-18.26.48:731][  0]LogContentBrowser: Native class hierarchy updated for 'AddContentDialog' in 0.0009 seconds. Added 0 classes and 0 folders.
[2021.06.05-18.26.48:780][  0]LogSlate: Took 0.018188 seconds to synchronously load lazily loaded font '../../../Engine/Content/Slate/Fonts/Roboto-Regular.ttf' (155K)
[2021.06.05-18.26.48:795][  0]LogSlate: Took 0.010349 seconds to synchronously load lazily loaded font '../../../Engine/Content/Slate/Fonts/Roboto-Bold.ttf' (160K)
[2021.06.05-18.26.48:810][  0]LogSlate: Took 0.011898 seconds to synchronously load lazily loaded font '../../../Engine/Content/Editor/Slate/Fonts/FontAwesome.ttf' (139K)
[2021.06.05-18.26.48:953][  0]LogRenderer: Reallocating scene render targets to support 1060x392 Format 9 NumSamples 1 (Frame:1).
[2021.06.05-18.26.49:158][  0]LogContentBrowser: Native class hierarchy updated for 'HierarchicalLODOutliner' in 0.0005 seconds. Added 0 classes and 0 folders.
[2021.06.05-18.26.49:158][  0]LogLoad: (Engine Initialization) Total time: 44.76 seconds
[2021.06.05-18.26.49:158][  0]LogLoad: (Engine Initialization) Total Blueprint compile time: 0.00 seconds
[2021.06.05-18.26.49:207][  0]LogAssetRegistry: Asset discovery search completed in 26.4375 seconds
[2021.06.05-18.26.49:213][  0]LogCollectionManager: Fixed up redirectors for 0 collections in 0.000002 seconds (updated 0 objects)
[2021.06.05-18.26.49:215][  0]LogContentStreaming: Texture pool size now 600 MB
[2021.06.05-18.26.49:253][  0]LogSlate: Took 0.000879 seconds to synchronously load lazily loaded font '../../../Engine/Content/Slate/Fonts/Roboto-Light.ttf' (167K)
[2021.06.05-18.26.51:644][268]LogSlate: Took 0.000244 seconds to synchronously load lazily loaded font '../../../Engine/Content/Slate/Fonts/Roboto-Light.ttf' (167K)
[2021.06.05-18.26.51:660][268]LogLinker: Warning: The file '../../../../../../Unreal Projects/SilentMilk/Content/ThirdPersonBP/Blueprints/Enemy.uasset' contains unrecognizable data, check that it is of the expected type.
[2021.06.05-18.26.51:660][268]LogLinker: Warning: The file '../../../../../../Unreal Projects/SilentMilk/Content/ThirdPersonBP/Blueprints/Enemy.uasset' contains unrecognizable data, check that it is of the expected type.
[2021.06.05-18.26.51:868][268]LogLinker: Warning: The file '../../../../../../Unreal Projects/SilentMilk/Content/ThirdPersonBP/Blueprints/Enemy.uasset' contains unrecognizable data, check that it is of the expected type.
[2021.06.05-18.26.51:868][268]LogLinker: Warning: The file '../../../../../../Unreal Projects/SilentMilk/Content/ThirdPersonBP/Blueprints/Enemy.uasset' contains unrecognizable data, check that it is of the expected type.
[2021.06.05-18.26.51:868][268]LogLinker: Warning: The file '../../../../../../Unreal Projects/SilentMilk/Content/ThirdPersonBP/Blueprints/Enemy.uasset' contains unrecognizable data, check that it is of the expected type.
[2021.06.05-18.26.51:868][268]LogLinker: Warning: The file '../../../../../../Unreal Projects/SilentMilk/Content/ThirdPersonBP/Blueprints/Enemy.uasset' contains unrecognizable data, check that it is of the expected type.
[2021.06.05-18.26.51:868][268]LogLinker: Warning: The file '../../../../../../Unreal Projects/SilentMilk/Content/ThirdPersonBP/Blueprints/Enemy.uasset' contains unrecognizable data, check that it is of the expected type.
[2021.06.05-18.26.51:868][268]LogLinker: Warning: The file '../../../../../../Unreal Projects/SilentMilk/Content/ThirdPersonBP/Blueprints/Enemy.uasset' contains unrecognizable data, check that it is of the expected type.
[2021.06.05-18.26.51:868][268]LogLinker: Warning: The file '../../../../../../Unreal Projects/SilentMilk/Content/ThirdPersonBP/Blueprints/Enemy.uasset' contains unrecognizable data, check that it is of the expected type.
[2021.06.05-18.26.51:869][268]LogLinker: Warning: The file '../../../../../../Unreal Projects/SilentMilk/Content/ThirdPersonBP/Blueprints/Enemy.uasset' contains unrecognizable data, check that it is of the expected type.
[2021.06.05-18.26.51:869][268]LogLinker: Warning: The file '../../../../../../Unreal Projects/SilentMilk/Content/ThirdPersonBP/Blueprints/Enemy.uasset' contains unrecognizable data, check that it is of the expected type.
[2021.06.05-18.26.51:869][268]LogLinker: Warning: The file '../../../../../../Unreal Projects/SilentMilk/Content/ThirdPersonBP/Blueprints/Enemy.uasset' contains unrecognizable data, check that it is of the expected type.
[2021.06.05-18.26.51:869][268]LogLinker: Warning: The file '../../../../../../Unreal Projects/SilentMilk/Content/ThirdPersonBP/Blueprints/Enemy.uasset' contains unrecognizable data, check that it is of the expected type.
[2021.06.05-18.26.51:870][268]LogLinker: Warning: The file '../../../../../../Unreal Projects/SilentMilk/Content/ThirdPersonBP/Blueprints/Enemy.uasset' contains unrecognizable data, check that it is of the expected type.
[2021.06.05-18.26.51:870][268]LogLinker: Warning: While loading '../../../../../../Unreal Projects/SilentMilk/Content/Niveles/Nivel1_2021-06-05-12-40-02.umap' failed to load '/Game/Niveles/Nivel1_BuiltData': Can't find file.
[2021.06.05-18.26.51:870][268]LogLinker: Warning: While loading '../../../../../../Unreal Projects/SilentMilk/Content/Niveles/Nivel1_2021-06-05-12-40-02.umap' failed to load '/Game/Niveles/Nivel1_BuiltData': Can't find file.
[2021.06.05-18.26.51:902][268]LogLinker: Warning: While loading '../../../../../../Unreal Projects/SilentMilk/Content/Niveles/Nivel1_2021-06-05-12-40-02.umap' failed to load '/Game/Niveles/Nivel1_BuiltData': Can't find file.
[2021.06.05-18.26.51:902][268]LogLinker: Warning: While loading '../../../../../../Unreal Projects/SilentMilk/Content/Niveles/Nivel1_2021-06-05-12-40-02.umap' failed to load '/Game/Niveles/Nivel1_BuiltData': Can't find file.
[2021.06.05-18.26.51:902][268]LogLinker: Warning: The file '../../../../../../Unreal Projects/SilentMilk/Content/ThirdPersonBP/Blueprints/Enemy.uasset' contains unrecognizable data, check that it is of the expected type.
[2021.06.05-18.26.51:903][268]LogLinker: Warning: The file '../../../../../../Unreal Projects/SilentMilk/Content/ThirdPersonBP/Blueprints/Enemy.uasset' contains unrecognizable data, check that it is of the expected type.
[2021.06.05-18.26.51:903][268]LogLinker: Warning: The file '../../../../../../Unreal Projects/SilentMilk/Content/ThirdPersonBP/Blueprints/Enemy.uasset' contains unrecognizable data, check that it is of the expected type.
[2021.06.05-18.26.51:903][268]LogLinker: Warning: The file '../../../../../../Unreal Projects/SilentMilk/Content/ThirdPersonBP/Blueprints/Enemy.uasset' contains unrecognizable data, check that it is of the expected type.
[2021.06.05-18.26.51:903][268]LogLinker: Warning: The file '../../../../../../Unreal Projects/SilentMilk/Content/ThirdPersonBP/Blueprints/Enemy.uasset' contains unrecognizable data, check that it is of the expected type.
[2021.06.05-18.26.51:903][268]LogLinker: Warning: The file '../../../../../../Unreal Projects/SilentMilk/Content/ThirdPersonBP/Blueprints/Enemy.uasset' contains unrecognizable data, check that it is of the expected type.
[2021.06.05-18.26.51:904][268]LogLinker: Warning: The file '../../../../../../Unreal Projects/SilentMilk/Content/ThirdPersonBP/Blueprints/Enemy.uasset' contains unrecognizable data, check that it is of the expected type.
[2021.06.05-18.26.51:904][268]LogLinker: Warning: The file '../../../../../../Unreal Projects/SilentMilk/Content/ThirdPersonBP/Blueprints/Enemy.uasset' contains unrecognizable data, check that it is of the expected type.
[2021.06.05-18.26.51:904][268]LogLinker: Warning: The file '../../../../../../Unreal Projects/SilentMilk/Content/ThirdPersonBP/Blueprints/Enemy.uasset' contains unrecognizable data, check that it is of the expected type.
[2021.06.05-18.26.51:904][268]LogLinker: Warning: The file '../../../../../../Unreal Projects/SilentMilk/Content/ThirdPersonBP/Blueprints/Enemy.uasset' contains unrecognizable data, check that it is of the expected type.
[2021.06.05-18.26.51:905][268]LogLinker: Warning: The file '../../../../../../Unreal Projects/SilentMilk/Content/ThirdPersonBP/Blueprints/Enemy.uasset' contains unrecognizable data, check that it is of the expected type.
[2021.06.05-18.26.51:905][268]LogLinker: Warning: The file '../../../../../../Unreal Projects/SilentMilk/Content/ThirdPersonBP/Blueprints/Enemy.uasset' contains unrecognizable data, check that it is of the expected type.
[2021.06.05-18.26.51:905][268]LogLinker: Warning: The file '../../../../../../Unreal Projects/SilentMilk/Content/ThirdPersonBP/Blueprints/Enemy.uasset' contains unrecognizable data, check that it is of the expected type.
[2021.06.05-18.26.51:905][268]LogLinker: Warning: The file '../../../../../../Unreal Projects/SilentMilk/Content/ThirdPersonBP/Blueprints/Enemy.uasset' contains unrecognizable data, check that it is of the expected type.
[2021.06.05-18.26.51:905][268]LogLinker: Warning: The file '../../../../../../Unreal Projects/SilentMilk/Content/ThirdPersonBP/Blueprints/Enemy.uasset' contains unrecognizable data, check that it is of the expected type.
[2021.06.05-18.26.51:905][268]LogLinker: Warning: The file '../../../../../../Unreal Projects/SilentMilk/Content/ThirdPersonBP/Blueprints/Enemy.uasset' contains unrecognizable data, check that it is of the expected type.
[2021.06.05-18.26.51:905][268]LogLinker: Warning: The file '../../../../../../Unreal Projects/SilentMilk/Content/ThirdPersonBP/Blueprints/Enemy.uasset' contains unrecognizable data, check that it is of the expected type.
[2021.06.05-18.26.51:906][268]LogLinker: Warning: The file '../../../../../../Unreal Projects/SilentMilk/Content/ThirdPersonBP/Blueprints/Enemy.uasset' contains unrecognizable data, check that it is of the expected type.
[2021.06.05-18.26.51:906][268]LogLinker: Warning: The file '../../../../../../Unreal Projects/SilentMilk/Content/ThirdPersonBP/Blueprints/Enemy.uasset' contains unrecognizable data, check that it is of the expected type.
[2021.06.05-18.26.51:906][268]LogLinker: Warning: The file '../../../../../../Unreal Projects/SilentMilk/Content/ThirdPersonBP/Blueprints/Enemy.uasset' contains unrecognizable data, check that it is of the expected type.
[2021.06.05-18.26.51:906][268]LogLinker: Warning: The file '../../../../../../Unreal Projects/SilentMilk/Content/ThirdPersonBP/Blueprints/Enemy.uasset' contains unrecognizable data, check that it is of the expected type.
[2021.06.05-18.26.51:906][268]LogLinker: Warning: The file '../../../../../../Unreal Projects/SilentMilk/Content/ThirdPersonBP/Blueprints/Enemy.uasset' contains unrecognizable data, check that it is of the expected type.
[2021.06.05-18.26.51:906][268]LogLinker: Warning: Failed to load '/Game/Niveles/Nivel1_BuiltData': Can't find file.
[2021.06.05-18.26.51:907][268]LogLinker: Warning: Failed to load '/Game/Niveles/Nivel1_BuiltData': Can't find file.
[2021.06.05-18.26.51:907][268]LogLinker: Warning: Failed to load '/Game/Niveles/Nivel1_BuiltData': Can't find file.
[2021.06.05-18.26.51:907][268]LogLinker: Warning: Failed to load '/Game/Niveles/Nivel1_BuiltData': Can't find file.
[2021.06.05-18.26.51:907][268]LogLinker: Warning: The file '../../../../../../Unreal Projects/SilentMilk/Content/ThirdPersonBP/Blueprints/Enemy.uasset' contains unrecognizable data, check that it is of the expected type.
[2021.06.05-18.26.51:907][268]LogLinker: Warning: The file '../../../../../../Unreal Projects/SilentMilk/Content/ThirdPersonBP/Blueprints/Enemy.uasset' contains unrecognizable data, check that it is of the expected type.
[2021.06.05-18.26.51:907][268]LogLinker: Warning: The file '../../../../../../Unreal Projects/SilentMilk/Content/ThirdPersonBP/Blueprints/Enemy.uasset' contains unrecognizable data, check that it is of the expected type.
[2021.06.05-18.26.51:907][268]LogLinker: Warning: The file '../../../../../../Unreal Projects/SilentMilk/Content/ThirdPersonBP/Blueprints/Enemy.uasset' contains unrecognizable data, check that it is of the expected type.
[2021.06.05-18.26.51:907][268]LogLinker: Warning: The file '../../../../../../Unreal Projects/SilentMilk/Content/ThirdPersonBP/Blueprints/Enemy.uasset' contains unrecognizable data, check that it is of the expected type.
[2021.06.05-18.26.51:907][268]LogLinker: Warning: The file '../../../../../../Unreal Projects/SilentMilk/Content/ThirdPersonBP/Blueprints/Enemy.uasset' contains unrecognizable data, check that it is of the expected type.
[2021.06.05-18.26.51:907][268]LogLinker: Warning: The file '../../../../../../Unreal Projects/SilentMilk/Content/ThirdPersonBP/Blueprints/Enemy.uasset' contains unrecognizable data, check that it is of the expected type.
[2021.06.05-18.26.51:907][268]LogLinker: Warning: The file '../../../../../../Unreal Projects/SilentMilk/Content/ThirdPersonBP/Blueprints/Enemy.uasset' contains unrecognizable data, check that it is of the expected type.
[2021.06.05-18.26.51:909][268]LogLinker: Warning: The file '../../../../../../Unreal Projects/SilentMilk/Content/ThirdPersonBP/Blueprints/Enemy.uasset' contains unrecognizable data, check that it is of the expected type.
[2021.06.05-18.26.51:909][268]LogLinker: Warning: The file '../../../../../../Unreal Projects/SilentMilk/Content/ThirdPersonBP/Blueprints/Enemy.uasset' contains unrecognizable data, check that it is of the expected type.
[2021.06.05-18.26.51:910][268]LogLinker: Warning: The file '../../../../../../Unreal Projects/SilentMilk/Content/ThirdPersonBP/Blueprints/Enemy.uasset' contains unrecognizable data, check that it is of the expected type.
[2021.06.05-18.26.51:910][268]LogLinker: Warning: The file '../../../../../../Unreal Projects/SilentMilk/Content/ThirdPersonBP/Blueprints/Enemy.uasset' contains unrecognizable data, check that it is of the expected type.
[2021.06.05-18.26.51:928][268]LogLinker: Warning: The file '../../../../../../Unreal Projects/SilentMilk/Content/ThirdPersonBP/Blueprints/Enemy.uasset' contains unrecognizable data, check that it is of the expected type.
[2021.06.05-18.26.51:929][268]LogLinker: Warning: The file '../../../../../../Unreal Projects/SilentMilk/Content/ThirdPersonBP/Blueprints/Enemy.uasset' contains unrecognizable data, check that it is of the expected type.
[2021.06.05-18.26.51:929][268]LogLinker: Warning: The file '../../../../../../Unreal Projects/SilentMilk/Content/ThirdPersonBP/Blueprints/Enemy.uasset' contains unrecognizable data, check that it is of the expected type.
[2021.06.05-18.26.51:929][268]LogLinker: Warning: The file '../../../../../../Unreal Projects/SilentMilk/Content/ThirdPersonBP/Blueprints/Enemy.uasset' contains unrecognizable data, check that it is of the expected type.
[2021.06.05-18.26.51:929][268]LogLinker: Warning: The file '../../../../../../Unreal Projects/SilentMilk/Content/ThirdPersonBP/Blueprints/Enemy.uasset' contains unrecognizable data, check that it is of the expected type.
[2021.06.05-18.26.51:929][268]LogLinker: Warning: The file '../../../../../../Unreal Projects/SilentMilk/Content/ThirdPersonBP/Blueprints/Enemy.uasset' contains unrecognizable data, check that it is of the expected type.
[2021.06.05-18.26.51:929][268]LogLinker: Warning: The file '../../../../../../Unreal Projects/SilentMilk/Content/ThirdPersonBP/Blueprints/Enemy.uasset' contains unrecognizable data, check that it is of the expected type.
[2021.06.05-18.26.51:930][268]LogLinker: Warning: The file '../../../../../../Unreal Projects/SilentMilk/Content/ThirdPersonBP/Blueprints/Enemy.uasset' contains unrecognizable data, check that it is of the expected type.
[2021.06.05-18.26.52:436][268]LogLinker: Warning: While loading '../../../../../../Unreal Projects/SilentMilk/Content/Niveles/Nivel1_2021-06-05-12-40-02.umap' failed to load '/Game/Niveles/Nivel1_BuiltData': Can't find file.
[2021.06.05-18.26.52:436][268]LoadErrors: Failed to load /Game/Niveles/Nivel1_BuiltData.Nivel1_BuiltData Referenced by PersistentLevel
[2021.06.05-18.26.52:436][268]LogLinker: Warning: While loading '../../../../../../Unreal Projects/SilentMilk/Content/Niveles/Nivel1_2021-06-05-12-40-02.umap' failed to load '/Game/Niveles/Nivel1_BuiltData': Can't find file.
[2021.06.05-18.26.53:283][268]LogUObjectGlobals: Warning: Failed to find object 'Object /Game/Niveles/Nivel1_2021-06-05-12-40-02.Nivel1'
[2021.06.05-18.26.53:324][268]LoadErrors: Warning: CreateExport: Failed to load Outer for resource 'Arrow': Enemy_C /Game/Niveles/Nivel1_2021-06-05-12-40-02.Nivel1:PersistentLevel.Enemy2
[2021.06.05-18.26.53:324][268]LoadErrors: Warning: CreateExport: Failed to load Outer for resource 'Arrow': Enemy_C /Game/Niveles/Nivel1_2021-06-05-12-40-02.Nivel1:PersistentLevel.Enemy3
[2021.06.05-18.26.53:324][268]LoadErrors: Warning: CreateExport: Failed to load Outer for resource 'Arrow': Enemy_C /Game/Niveles/Nivel1_2021-06-05-12-40-02.Nivel1:PersistentLevel.Enemy_2
[2021.06.05-18.26.53:324][268]LoadErrors: Warning: CreateExport: Failed to load Outer for resource 'Box': Enemy_C /Game/Niveles/Nivel1_2021-06-05-12-40-02.Nivel1:PersistentLevel.Enemy2
[2021.06.05-18.26.53:324][268]LoadErrors: Warning: CreateExport: Failed to load Outer for resource 'Box1': Enemy_C /Game/Niveles/Nivel1_2021-06-05-12-40-02.Nivel1:PersistentLevel.Enemy2
[2021.06.05-18.26.53:324][268]LoadErrors: Warning: CreateExport: Failed to load Outer for resource 'Box': Enemy_C /Game/Niveles/Nivel1_2021-06-05-12-40-02.Nivel1:PersistentLevel.Enemy3
[2021.06.05-18.26.53:324][268]LoadErrors: Warning: CreateExport: Failed to load Outer for resource 'Box1': Enemy_C /Game/Niveles/Nivel1_2021-06-05-12-40-02.Nivel1:PersistentLevel.Enemy3
[2021.06.05-18.26.53:324][268]LoadErrors: Warning: CreateExport: Failed to load Outer for resource 'Box': Enemy_C /Game/Niveles/Nivel1_2021-06-05-12-40-02.Nivel1:PersistentLevel.Enemy_2
[2021.06.05-18.26.53:324][268]LoadErrors: Warning: CreateExport: Failed to load Outer for resource 'Box1': Enemy_C /Game/Niveles/Nivel1_2021-06-05-12-40-02.Nivel1:PersistentLevel.Enemy_2
[2021.06.05-18.26.53:324][268]LoadErrors: Warning: CreateExport: Failed to load Outer for resource 'CollisionCylinder': Enemy_C /Game/Niveles/Nivel1_2021-06-05-12-40-02.Nivel1:PersistentLevel.Enemy2
[2021.06.05-18.26.53:324][268]LoadErrors: Warning: CreateExport: Failed to load Outer for resource 'CollisionCylinder': Enemy_C /Game/Niveles/Nivel1_2021-06-05-12-40-02.Nivel1:PersistentLevel.Enemy3
[2021.06.05-18.26.53:325][268]LoadErrors: Warning: CreateExport: Failed to load Outer for resource 'CollisionCylinder': Enemy_C /Game/Niveles/Nivel1_2021-06-05-12-40-02.Nivel1:PersistentLevel.Enemy_2
[2021.06.05-18.26.53:325][268]LoadErrors: Warning: CreateExport: Failed to load Outer for resource 'CharMoveComp': Enemy_C /Game/Niveles/Nivel1_2021-06-05-12-40-02.Nivel1:PersistentLevel.Enemy2
[2021.06.05-18.26.53:325][268]LoadErrors: Warning: CreateExport: Failed to load Outer for resource 'CharMoveComp': Enemy_C /Game/Niveles/Nivel1_2021-06-05-12-40-02.Nivel1:PersistentLevel.Enemy3
[2021.06.05-18.26.53:325][268]LoadErrors: Warning: CreateExport: Failed to load Outer for resource 'CharMoveComp': Enemy_C /Game/Niveles/Nivel1_2021-06-05-12-40-02.Nivel1:PersistentLevel.Enemy_2
[2021.06.05-18.26.53:325][268]LoadErrors: Warning: CreateExport: Failed to load Outer for resource 'PawnSensing': Enemy_C /Game/Niveles/Nivel1_2021-06-05-12-40-02.Nivel1:PersistentLevel.Enemy2
[2021.06.05-18.26.53:325][268]LoadErrors: Warning: CreateExport: Failed to load Outer for resource 'PawnSensing': Enemy_C /Game/Niveles/Nivel1_2021-06-05-12-40-02.Nivel1:PersistentLevel.Enemy3
[2021.06.05-18.26.53:325][268]LoadErrors: Warning: CreateExport: Failed to load Outer for resource 'PawnSensing': Enemy_C /Game/Niveles/Nivel1_2021-06-05-12-40-02.Nivel1:PersistentLevel.Enemy_2
[2021.06.05-18.26.53:325][268]LoadErrors: Warning: CreateExport: Failed to load Outer for resource 'CharacterMesh0': Enemy_C /Game/Niveles/Nivel1_2021-06-05-12-40-02.Nivel1:PersistentLevel.Enemy2
[2021.06.05-18.26.53:325][268]LoadErrors: Warning: CreateExport: Failed to load Outer for resource 'CharacterMesh0': Enemy_C /Game/Niveles/Nivel1_2021-06-05-12-40-02.Nivel1:PersistentLevel.Enemy3
[2021.06.05-18.26.53:325][268]LoadErrors: Warning: CreateExport: Failed to load Outer for resource 'CharacterMesh0': Enemy_C /Game/Niveles/Nivel1_2021-06-05-12-40-02.Nivel1:PersistentLevel.Enemy_2
[2021.06.05-18.26.53:325][268]LoadErrors: Warning: CreateExport: Failed to load Outer for resource 'Widget': Enemy_C /Game/Niveles/Nivel1_2021-06-05-12-40-02.Nivel1:PersistentLevel.Enemy2
[2021.06.05-18.26.53:325][268]LoadErrors: Warning: CreateExport: Failed to load Outer for resource 'Widget': Enemy_C /Game/Niveles/Nivel1_2021-06-05-12-40-02.Nivel1:PersistentLevel.Enemy3
[2021.06.05-18.26.53:325][268]LoadErrors: Warning: CreateExport: Failed to load Outer for resource 'Widget': Enemy_C /Game/Niveles/Nivel1_2021-06-05-12-40-02.Nivel1:PersistentLevel.Enemy_2
[2021.06.05-18.26.58:084][798]LogTemp: Repeating last play command: Selected Viewport
[2021.06.05-18.26.58:098][798]LogPlayLevel: PlayLevel: No blueprints needed recompiling
[2021.06.05-18.26.58:099][798]PIE: New page: PIE session: Untitled_0 (Jun 5, 2021, 8:26:58 AM)
[2021.06.05-18.26.58:100][798]LogOnline: OSS: Creating online subsystem instance for: NULL
[2021.06.05-18.26.58:101][798]LogOnline: OSS: TryLoadSubsystemAndSetDefault: Loaded subsystem for module [NULL]
[2021.06.05-18.26.58:101][798]LogPlayLevel: Creating play world package: /Temp/UEDPIE_0_Untitled_0
[2021.06.05-18.26.58:102][798]LogPlayLevel: PIE: StaticDuplicateObject took: (0.000765s)
[2021.06.05-18.26.58:103][798]LogAIModule: Creating AISystem for world Untitled
[2021.06.05-18.26.58:103][798]LogAISub: UAISubsystem::UAISubsystem EnvQueryManager (000001AF89A80A00), frame # 798
[2021.06.05-18.26.58:103][798]LogAISub: UAISubsystem::UAISubsystem AIPerceptionSystem (000001AF8A32E980), frame # 798
[2021.06.05-18.26.58:103][798]LogPlayLevel: PIE: World Init took: (0.001518s)
[2021.06.05-18.26.58:103][798]LogPlayLevel: PIE: Created PIE world by copying editor world from /Temp/Untitled_0.Untitled to /Temp/UEDPIE_0_Untitled_0.Untitled (0.002495s)
[2021.06.05-18.26.58:114][798]LogUObjectHash: Compacting FUObjectHashTables data took   0.91ms
[2021.06.05-18.26.58:118][798]LogAudioMixer: Display: Audio Mixer Platform Settings:
[2021.06.05-18.26.58:118][798]LogAudioMixer: Display: 	Sample Rate:						  48000
[2021.06.05-18.26.58:118][798]LogAudioMixer: Display: 	Callback Buffer Frame Size Requested: 1024
[2021.06.05-18.26.58:118][798]LogAudioMixer: Display: 	Callback Buffer Frame Size To Use:	  1024
[2021.06.05-18.26.58:118][798]LogAudioMixer: Display: 	Number of buffers to queue:			  2
[2021.06.05-18.26.58:118][798]LogAudioMixer: Display: 	Max Channels (voices):				  32
[2021.06.05-18.26.58:118][798]LogAudioMixer: Display: 	Number of Async Source Workers:		  0
[2021.06.05-18.26.58:119][798]LogAudio: Display: AudioDevice MaxSources: 32
[2021.06.05-18.26.58:119][798]LogAudio: Display: Using built-in audio occlusion.
[2021.06.05-18.26.58:119][798]LogAudioMixer: Display: Initializing audio mixer.
[2021.06.05-18.26.58:122][798]LogAudioMixer: Display: 0: FrontLeft
[2021.06.05-18.26.58:122][798]LogAudioMixer: Display: 1: FrontRight
[2021.06.05-18.26.58:137][798]LogAudioMixer: Display: Using Audio Device Altavoces (High Definition Audio Device)
[2021.06.05-18.26.58:138][798]LogAudioMixer: Display: Initializing Sound Submixes...
[2021.06.05-18.26.58:138][798]LogAudioMixer: Display: Creating Master Submix 'MasterSubmixDefault'
[2021.06.05-18.26.58:138][798]LogAudioMixer: Display: Creating Master Submix 'MasterReverbSubmixDefault'
[2021.06.05-18.26.58:138][798]LogAudioMixer: Display: Creating Master Submix 'MasterEQSubmixDefault'
[2021.06.05-18.26.58:152][798]LogInit: FAudioDevice initialized.
[2021.06.05-18.26.58:168][798]LogLoad: Game class is 'ThirdPersonGameMode_C'
[2021.06.05-18.26.58:169][798]LogWorld: Bringing World /Temp/UEDPIE_0_Untitled_0.Untitled up for play (max tick rate 0) at 2021.06.05-13.26.58
[2021.06.05-18.26.58:169][798]LogWorld: Bringing up level for play took: 0.000328
[2021.06.05-18.26.58:169][798]LogOnline: OSS: Creating online subsystem instance for: :Context_1
[2021.06.05-18.26.58:201][798]LogContentBrowser: Native class hierarchy updated for 'MovieSceneCapture' in 0.0006 seconds. Added 20 classes and 0 folders.
[2021.06.05-18.26.58:205][798]PIE: Server logged in
[2021.06.05-18.26.58:207][798]PIE: Play in editor total start time 0.109 seconds.
[2021.06.05-18.26.59:608][947]LogSlate: Updating window title bar state: overlay mode, drag disabled, window buttons hidden, title bar hidden
[2021.06.05-18.26.59:608][947]LogWorld: BeginTearingDown for /Temp/UEDPIE_0_Untitled_0
[2021.06.05-18.26.59:608][947]LogWorld: UWorld::CleanupWorld for Untitled, bSessionEnded=true, bCleanupResources=true
[2021.06.05-18.26.59:608][947]LogSlate: InvalidateAllWidgets triggered.  All widgets were invalidated
[2021.06.05-18.26.59:615][947]LogPlayLevel: Display: Shutting down PIE online subsystems
[2021.06.05-18.26.59:616][947]LogSlate: InvalidateAllWidgets triggered.  All widgets were invalidated
[2021.06.05-18.26.59:645][947]LogSlate: Updating window title bar state: overlay mode, drag disabled, window buttons hidden, title bar hidden
[2021.06.05-18.26.59:646][947]LogAISub: UAISubsystem::~UAISubsystem EnvQueryManager (000001AF89A80A00), frame # 947
[2021.06.05-18.26.59:646][947]LogAISub: UAISubsystem::~UAISubsystem AIPerceptionSystem (000001AF8A32E980), frame # 947
[2021.06.05-18.26.59:647][947]LogUObjectHash: Compacting FUObjectHashTables data took   0.77ms
[2021.06.05-18.26.59:667][948]LogPlayLevel: Display: Destroying online subsystem :Context_1
[2021.06.05-18.27.05:388][541]LogSlate: Took 0.024338 seconds to synchronously load lazily loaded font '../../../Engine/Content/Slate/Fonts/DroidSansMono.ttf' (77K)
[2021.06.05-18.27.21:440][280]LogSlate: Window 'Message Log' being destroyed
[2021.06.05-18.27.21:444][280]LogSlate: Window 'Message Log' being destroyed
[2021.06.05-18.29.02:583][ 30]LogAssetEditorSubsystem: Opening Asset editor for World /Game/Niveles/Level1.Level1
[2021.06.05-18.29.02:594][ 30]LogUObjectHash: Compacting FUObjectHashTables data took   1.20ms
[2021.06.05-18.29.04:480][ 30]LogSlate: Window 'Save Content' being destroyed
[2021.06.05-18.29.04:483][ 30]Cmd: MAP LOAD FILE="../../../../../../Unreal Projects/SilentMilk/Content/Niveles/Level1.umap" TEMPLATE=0 SHOWPROGRESS=1 FEATURELEVEL=3
[2021.06.05-18.29.04:485][ 30]LightingResults: New page: Lighting Build
[2021.06.05-18.29.04:487][ 30]LogContentBrowser: Native class hierarchy updated for 'StatsViewer' in 0.0007 seconds. Added 6 classes and 0 folders.
[2021.06.05-18.29.04:488][ 30]LoadErrors: New page: Loading map: Level1.umap
[2021.06.05-18.29.04:488][ 30]LogWorld: UWorld::CleanupWorld for Untitled, bSessionEnded=true, bCleanupResources=true
[2021.06.05-18.29.04:488][ 30]LogSlate: InvalidateAllWidgets triggered.  All widgets were invalidated
[2021.06.05-18.29.04:488][ 30]MapCheck: New page: Map Check
[2021.06.05-18.29.04:488][ 30]LightingResults: New page: Lighting Build
[2021.06.05-18.29.04:496][ 30]LogAISub: UAISubsystem::~UAISubsystem EnvQueryManager (000001AFFB785C00), frame # 5030
[2021.06.05-18.29.04:496][ 30]LogAISub: UAISubsystem::~UAISubsystem AIPerceptionSystem (000001AFFB767B00), frame # 5030
[2021.06.05-18.29.04:497][ 30]LogUObjectHash: Compacting FUObjectHashTables data took   1.00ms
[2021.06.05-18.29.04:585][ 30]LogUObjectHash: Compacting FUObjectHashTables data took   1.54ms
[2021.06.05-18.29.04:596][ 30]LogUObjectHash: Compacting FUObjectHashTables data took   0.83ms
[2021.06.05-18.29.04:671][ 30]LogEditorServer: Finished looking for orphan Actors (0.000 secs)
[2021.06.05-18.29.04:671][ 30]LogAIModule: Creating AISystem for world Level1
[2021.06.05-18.29.04:671][ 30]LogAISub: UAISubsystem::UAISubsystem EnvQueryManager (000001AF9B867E00), frame # 5030
[2021.06.05-18.29.04:671][ 30]LogAISub: UAISubsystem::UAISubsystem AIPerceptionSystem (000001AF8A56EAC0), frame # 5030
[2021.06.05-18.29.04:683][ 30]LogUObjectHash: Compacting FUObjectHashTables data took   0.71ms
[2021.06.05-18.29.04:721][ 30]Cmd: MAP CHECKDEP NOCLEARLOG
[2021.06.05-18.29.04:721][ 30]MapCheck: Map check complete: 0 Error(s), 0 Warning(s), took 0.139ms to complete.
[2021.06.05-18.29.04:721][ 30]LogFileHelpers: Loading map 'Level1' took 0.239
[2021.06.05-18.29.47:120][354]LogEditorViewport: Clicking on Actor (LMB): BP_Sky_Sphere_C (BP_Sky_Sphere)
[2021.06.05-18.29.47:538][391]LogEditorViewport: Clicking on Actor (LMB): DirectionalLight (DirectionalLight)
[2021.06.05-18.29.51:140][705]LogTemp: Repeating last play command: Selected Viewport
[2021.06.05-18.29.51:153][705]LogPlayLevel: PlayLevel: No blueprints needed recompiling
[2021.06.05-18.29.51:153][705]PIE: New page: PIE session: Level1 (Jun 5, 2021, 8:29:51 AM)
[2021.06.05-18.29.51:154][705]LogPlayLevel: Creating play world package: /Game/Niveles/UEDPIE_0_Level1
[2021.06.05-18.29.51:155][705]LogPlayLevel: PIE: StaticDuplicateObject took: (0.001248s)
[2021.06.05-18.29.51:156][705]LogAIModule: Creating AISystem for world Level1
[2021.06.05-18.29.51:156][705]LogAISub: UAISubsystem::UAISubsystem EnvQueryManager (000001AFA4C3AA00), frame # 9705
[2021.06.05-18.29.51:156][705]LogAISub: UAISubsystem::UAISubsystem AIPerceptionSystem (000001AF8ACF6C00), frame # 9705
[2021.06.05-18.29.51:156][705]LogPlayLevel: PIE: World Init took: (0.001226s)
[2021.06.05-18.29.51:156][705]LogPlayLevel: PIE: Created PIE world by copying editor world from /Game/Niveles/Level1.Level1 to /Game/Niveles/UEDPIE_0_Level1.Level1 (0.002612s)
[2021.06.05-18.29.51:165][705]LogUObjectHash: Compacting FUObjectHashTables data took   0.72ms
[2021.06.05-18.29.51:167][705]LogAudioMixer: Display: Audio Mixer Platform Settings:
[2021.06.05-18.29.51:167][705]LogAudioMixer: Display: 	Sample Rate:						  48000
[2021.06.05-18.29.51:167][705]LogAudioMixer: Display: 	Callback Buffer Frame Size Requested: 1024
[2021.06.05-18.29.51:167][705]LogAudioMixer: Display: 	Callback Buffer Frame Size To Use:	  1024
[2021.06.05-18.29.51:167][705]LogAudioMixer: Display: 	Number of buffers to queue:			  2
[2021.06.05-18.29.51:167][705]LogAudioMixer: Display: 	Max Channels (voices):				  32
[2021.06.05-18.29.51:167][705]LogAudioMixer: Display: 	Number of Async Source Workers:		  0
[2021.06.05-18.29.51:167][705]LogAudio: Display: AudioDevice MaxSources: 32
[2021.06.05-18.29.51:168][705]LogAudio: Display: Using built-in audio occlusion.
[2021.06.05-18.29.51:168][705]LogAudioMixer: Display: Initializing audio mixer.
[2021.06.05-18.29.51:170][705]LogAudioMixer: Display: 0: FrontLeft
[2021.06.05-18.29.51:170][705]LogAudioMixer: Display: 1: FrontRight
[2021.06.05-18.29.51:187][705]LogAudioMixer: Display: Using Audio Device Altavoces (High Definition Audio Device)
[2021.06.05-18.29.51:187][705]LogAudioMixer: Display: Initializing Sound Submixes...
[2021.06.05-18.29.51:187][705]LogAudioMixer: Display: Creating Master Submix 'MasterSubmixDefault'
[2021.06.05-18.29.51:187][705]LogAudioMixer: Display: Creating Master Submix 'MasterReverbSubmixDefault'
[2021.06.05-18.29.51:188][705]LogAudioMixer: Display: Creating Master Submix 'MasterEQSubmixDefault'
[2021.06.05-18.29.51:203][705]LogInit: FAudioDevice initialized.
[2021.06.05-18.29.51:214][705]LogLoad: Game class is 'ThirdPersonGameMode_C'
[2021.06.05-18.29.51:214][705]LogWorld: Bringing World /Game/Niveles/UEDPIE_0_Level1.Level1 up for play (max tick rate 0) at 2021.06.05-13.29.51
[2021.06.05-18.29.51:214][705]LogWorld: Bringing up level for play took: 0.000421
[2021.06.05-18.29.51:215][705]LogOnline: OSS: Creating online subsystem instance for: :Context_3
[2021.06.05-18.29.51:219][705]PIE: Server logged in
[2021.06.05-18.29.51:220][705]PIE: Play in editor total start time 0.067 seconds.
[2021.06.05-18.29.53:729][981]LogSlate: Updating window title bar state: overlay mode, drag disabled, window buttons hidden, title bar hidden
[2021.06.05-18.29.53:729][981]LogWorld: BeginTearingDown for /Game/Niveles/UEDPIE_0_Level1
[2021.06.05-18.29.53:729][981]LogWorld: UWorld::CleanupWorld for Level1, bSessionEnded=true, bCleanupResources=true
[2021.06.05-18.29.53:729][981]LogSlate: InvalidateAllWidgets triggered.  All widgets were invalidated
[2021.06.05-18.29.53:739][981]LogPlayLevel: Display: Shutting down PIE online subsystems
[2021.06.05-18.29.53:740][981]LogSlate: InvalidateAllWidgets triggered.  All widgets were invalidated
[2021.06.05-18.29.53:768][981]LogSlate: Updating window title bar state: overlay mode, drag disabled, window buttons hidden, title bar hidden
[2021.06.05-18.29.53:769][981]LogAISub: UAISubsystem::~UAISubsystem AIPerceptionSystem (000001AF8ACF6C00), frame # 9981
[2021.06.05-18.29.53:769][981]LogAISub: UAISubsystem::~UAISubsystem EnvQueryManager (000001AFA4C3AA00), frame # 9981
[2021.06.05-18.29.53:769][981]LogUObjectHash: Compacting FUObjectHashTables data took   0.65ms
[2021.06.05-18.29.53:818][983]LogPlayLevel: Display: Destroying online subsystem :Context_3
[2021.06.05-18.30.08:339][552]LogTexture: Display: Building textures: Texture2D_2 (G8, 128X128)
[2021.06.05-18.30.08:440][552]LogEditorSelectUtils: Warning: SelectActor: The requested operation could not be completed because the actor has invalid flags. (Landscape)
[2021.06.05-18.30.08:440][552]LogActorComponent: RegisterComponentWithWorld: (/Game/Niveles/Level1.Level1:PersistentLevel.Landscape_2.RootComponent0) Trying to register component with IsPendingKill() == true. Aborting.
[2021.06.05-18.30.08:441][552]LogEditorSelectUtils: Warning: SelectActor: The requested operation could not be completed because the actor has invalid flags. (Landscape)
[2021.06.05-18.30.08:445][552]LogSlate: Took 0.000312 seconds to synchronously load lazily loaded font '../../../Engine/Content/Slate/Fonts/Roboto-Italic.ttf' (157K)
[2021.06.05-18.30.16:621][340]LogRenderer: Reallocating scene render targets to support 1060x404 Format 9 NumSamples 1 (Frame:6801).
[2021.06.05-18.30.16:665][341]LogRenderer: Reallocating scene render targets to support 1060x420 Format 9 NumSamples 1 (Frame:6803).
[2021.06.05-18.30.16:703][342]LogRenderer: Reallocating scene render targets to support 1060x432 Format 9 NumSamples 1 (Frame:6805).
[2021.06.05-18.30.16:741][343]LogRenderer: Reallocating scene render targets to support 1060x440 Format 9 NumSamples 1 (Frame:6807).
[2021.06.05-18.30.16:779][344]LogRenderer: Reallocating scene render targets to support 1060x448 Format 9 NumSamples 1 (Frame:6809).
[2021.06.05-18.30.16:814][345]LogRenderer: Reallocating scene render targets to support 1060x456 Format 9 NumSamples 1 (Frame:6811).
[2021.06.05-18.30.16:881][347]LogRenderer: Reallocating scene render targets to support 1060x460 Format 9 NumSamples 1 (Frame:6815).
[2021.06.05-18.30.16:922][348]LogRenderer: Reallocating scene render targets to support 1060x464 Format 9 NumSamples 1 (Frame:6817).
[2021.06.05-18.30.16:955][349]LogRenderer: Reallocating scene render targets to support 1060x468 Format 9 NumSamples 1 (Frame:6819).
[2021.06.05-18.30.17:019][351]LogRenderer: Reallocating scene render targets to support 1060x476 Format 9 NumSamples 1 (Frame:6823).
[2021.06.05-18.30.37:841][906]LogTexture: Display: Building textures: Texture2D_0 (BGRA8, 64X128)
[2021.06.05-18.30.37:949][906]LogSlate: WidgetSwitcher ('None') active index changed to 1
[2021.06.05-18.30.44:343][440]LogRenderer: Reallocating scene render targets to support 1060x548 Format 9 NumSamples 1 (Frame:8957).
[2021.06.05-18.30.49:681][901]LogRenderer: Reallocating scene render targets to support 1064x548 Format 9 NumSamples 1 (Frame:9464).
[2021.06.05-18.30.49:729][902]LogRenderer: Reallocating scene render targets to support 1076x548 Format 9 NumSamples 1 (Frame:9466).
[2021.06.05-18.30.49:766][903]LogRenderer: Reallocating scene render targets to support 1124x548 Format 9 NumSamples 1 (Frame:9468).
[2021.06.05-18.30.49:806][904]LogRenderer: Reallocating scene render targets to support 1156x548 Format 9 NumSamples 1 (Frame:9470).
[2021.06.05-18.30.49:846][905]LogRenderer: Reallocating scene render targets to support 1180x548 Format 9 NumSamples 1 (Frame:9472).
[2021.06.05-18.30.49:886][906]LogRenderer: Reallocating scene render targets to support 1192x548 Format 9 NumSamples 1 (Frame:9474).
[2021.06.05-18.34.16:716][116]LogAssetEditorSubsystem: Opening Asset editor for Blueprint /Game/ThirdPersonBP/Blueprints/Enemy_2021-06-05-12-40-00.Enemy
[2021.06.05-18.34.17:287][116]LogContentBrowser: Native class hierarchy updated for 'BlueprintGraph' in 0.0014 seconds. Added 125 classes and 0 folders.
[2021.06.05-18.34.19:282][116]LogSlate: Took 0.006883 seconds to synchronously load lazily loaded font '../../../Engine/Content/Slate/Fonts/Roboto-BoldCondensed.ttf' (158K)
